[12:02:49] [Server thread/INFO]: Starting minecraft server version 1.12.2
[12:02:49] [Server thread/INFO]: Loading properties
[12:02:49] [Server thread/INFO]: Default game type: ADVENTURE
[12:02:49] [Server thread/INFO]: This server is running CraftBukkit version git-Spigot-79a30d7-f4830a1 (MC: 1.12.2) (Implementing API version 1.12.2-R0.1-SNAPSHOT)
[12:02:49] [Server thread/INFO]: Debug logging is disabled
[12:02:49] [Server thread/INFO]: Using 4 threads for Netty based IO
[12:02:49] [Server thread/INFO]: Server Ping Player Sample Count: 12
[12:02:49] [Server thread/INFO]: Generating keypair
[12:02:50] [Server thread/INFO]: Starting Minecraft server on *:22229
[12:02:50] [Server thread/INFO]: Using default channel type
[12:02:51] [Server thread/INFO]: Set PluginClassLoader as parallel capable
[12:02:51] [Server thread/INFO]: [AutoRestartPlug] Loading AutoRestartPlug v1.0
[12:02:51] [Server thread/INFO]: [Vault] Loading Vault v1.5.6-b49
[12:02:51] [Server thread/INFO]: [CasinoPlugin] Loading CasinoPlugin v1.0
[12:02:51] [Server thread/INFO]: [Essentials] Loading Essentials v2.16.1.0
[12:02:51] [Server thread/INFO]: [Vault] Enabling Vault v1.5.6-b49
[12:02:51] [Server thread/INFO]: [Vault] [Economy] Essentials Economy found: Waiting
[12:02:51] [Server thread/INFO]: [Vault] [Permission] SuperPermissions loaded as backup permission system.
[12:02:51] [Server thread/INFO]: [Vault] Enabled Version 1.5.6-b49
[12:02:51] [Server thread/WARN]: **** SERVER IS RUNNING IN OFFLINE/INSECURE MODE!
[12:02:51] [Server thread/WARN]: The server will make no attempt to authenticate usernames. Beware.
[12:02:51] [Server thread/WARN]: While this makes the game possible to play without internet access, it also opens up the ability for hackers to connect with any username they choose.
[12:02:51] [Server thread/WARN]: To change this, set "online-mode" to "true" in the server.properties file.
[12:02:51] [Server thread/INFO]: **** Beginning UUID conversion, this may take A LONG time ****
[12:02:51] [Server thread/INFO]: Preparing level "world"
[12:02:51] [Server thread/INFO]: -------- World Settings For [world] --------
[12:02:51] [Server thread/INFO]: Arrow Despawn Rate: 1200
[12:02:51] [Server thread/INFO]: Allow Zombie Pigmen to spawn from portal blocks: true
[12:02:51] [Server thread/INFO]: Item Merge Radius: 2.5
[12:02:51] [Server thread/INFO]: Item Despawn Rate: 6000
[12:02:51] [Server thread/INFO]: View Distance: 7
[12:02:51] [Server thread/INFO]: Zombie Aggressive Towards Villager: true
[12:02:51] [Server thread/INFO]: Experience Merge Radius: 3.0
[12:02:51] [Server thread/INFO]: Entity Activation Range: An 32 / Mo 32 / Mi 16 / Tiv true
[12:02:51] [Server thread/INFO]: Entity Tracking Range: Pl 48 / An 48 / Mo 48 / Mi 32 / Other 64
[12:02:51] [Server thread/INFO]: Mob Spawn Range: 4
[12:02:51] [Server thread/INFO]: Cactus Growth Modifier: 100%
[12:02:51] [Server thread/INFO]: Cane Growth Modifier: 100%
[12:02:51] [Server thread/INFO]: Melon Growth Modifier: 100%
[12:02:51] [Server thread/INFO]: Mushroom Growth Modifier: 100%
[12:02:51] [Server thread/INFO]: Pumpkin Growth Modifier: 100%
[12:02:51] [Server thread/INFO]: Sapling Growth Modifier: 100%
[12:02:51] [Server thread/INFO]: Wheat Growth Modifier: 100%
[12:02:51] [Server thread/INFO]: NetherWart Growth Modifier: 100%
[12:02:51] [Server thread/INFO]: Vine Growth Modifier: 100%
[12:02:51] [Server thread/INFO]: Cocoa Growth Modifier: 100%
[12:02:51] [Server thread/INFO]: Random Lighting Updates: false
[12:02:51] [Server thread/INFO]: Hopper Transfer: 8 Hopper Check: 1 Hopper Amount: 1
[12:02:51] [Server thread/INFO]: Custom Map Seeds:  Village: 10387312 Feature: 14357617 Monument: 10387313 Slime: 987234911
[12:02:51] [Server thread/INFO]: Max TNT Explosions: 100
[12:02:51] [Server thread/INFO]: Tile Max Tick Time: 50ms Entity max Tick Time: 50ms
[12:02:51] [Server thread/INFO]: Structure Info Saving: true
[12:02:51] [Server thread/INFO]: Nerfing mobs spawned from spawners: false
[12:02:51] [Server thread/INFO]: -------- World Settings For [world_the_end] --------
[12:02:51] [Server thread/INFO]: Arrow Despawn Rate: 1200
[12:02:51] [Server thread/INFO]: Allow Zombie Pigmen to spawn from portal blocks: true
[12:02:51] [Server thread/INFO]: Item Merge Radius: 2.5
[12:02:51] [Server thread/INFO]: Item Despawn Rate: 6000
[12:02:51] [Server thread/INFO]: View Distance: 7
[12:02:51] [Server thread/INFO]: Zombie Aggressive Towards Villager: true
[12:02:51] [Server thread/INFO]: Experience Merge Radius: 3.0
[12:02:51] [Server thread/INFO]: Entity Activation Range: An 32 / Mo 32 / Mi 16 / Tiv true
[12:02:51] [Server thread/INFO]: Entity Tracking Range: Pl 48 / An 48 / Mo 48 / Mi 32 / Other 64
[12:02:51] [Server thread/INFO]: Mob Spawn Range: 4
[12:02:51] [Server thread/INFO]: Cactus Growth Modifier: 100%
[12:02:51] [Server thread/INFO]: Cane Growth Modifier: 100%
[12:02:51] [Server thread/INFO]: Melon Growth Modifier: 100%
[12:02:51] [Server thread/INFO]: Mushroom Growth Modifier: 100%
[12:02:51] [Server thread/INFO]: Pumpkin Growth Modifier: 100%
[12:02:51] [Server thread/INFO]: Sapling Growth Modifier: 100%
[12:02:51] [Server thread/INFO]: Wheat Growth Modifier: 100%
[12:02:51] [Server thread/INFO]: NetherWart Growth Modifier: 100%
[12:02:51] [Server thread/INFO]: Vine Growth Modifier: 100%
[12:02:51] [Server thread/INFO]: Cocoa Growth Modifier: 100%
[12:02:51] [Server thread/INFO]: Random Lighting Updates: false
[12:02:51] [Server thread/INFO]: Hopper Transfer: 8 Hopper Check: 1 Hopper Amount: 1
[12:02:51] [Server thread/INFO]: Custom Map Seeds:  Village: 10387312 Feature: 14357617 Monument: 10387313 Slime: 987234911
[12:02:51] [Server thread/INFO]: Max TNT Explosions: 100
[12:02:51] [Server thread/INFO]: Tile Max Tick Time: 50ms Entity max Tick Time: 50ms
[12:02:51] [Server thread/INFO]: Structure Info Saving: true
[12:02:51] [Server thread/INFO]: Nerfing mobs spawned from spawners: false
[12:02:51] [Server thread/INFO]: Preparing start region for level 0 (Seed: -4970056024693801974)
[12:02:52] [Server thread/INFO]: Preparing start region for level 1 (Seed: -4970056024693801974)
[12:02:52] [Server thread/INFO]: [AutoRestartPlug] Enabling AutoRestartPlug v1.0
[12:02:52] [Server thread/INFO]: [CasinoPlugin] Enabling CasinoPlugin v1.0
[12:02:52] [Server thread/INFO]: [Essentials] Enabling Essentials v2.16.1.0
[12:02:52] [Server thread/INFO]: Attempting to convert old kits in config.yml to new kits.yml
[12:02:52] [Server thread/INFO]: No kits found to migrate.
[12:02:52] [Server thread/INFO]: [Essentials] Using legacy item data provider as mob spawner provider.
[12:02:52] [Server thread/INFO]: [Essentials] Using Reflection based provider as spawn egg provider.
[12:02:52] [Server thread/INFO]: [Essentials] Using 1.9+ BasePotionData provider as potion meta provider.
[12:02:53] [Server thread/INFO]: Loaded 852 items from items.csv.
[12:02:53] [Server thread/INFO]: Using locale ru
[12:02:53] [Server thread/INFO]: [Essentials] ServerListPingEvent: Spigot iterator API
[12:02:53] [Server thread/INFO]: [Essentials] Starting Metrics. Opt-out using the global bStats config.
[12:02:53] [Server thread/INFO]: [Vault][Economy] Essentials Economy hooked.
[12:02:53] [Server thread/INFO]: [Essentials] Using superperms-based permissions.
[12:02:53] [Server thread/INFO]: Server permissions file permissions.yml is empty, ignoring it
[12:02:53] [Server thread/INFO]: Done (2,012s)! For help, type "help" or "?"
[12:02:53] [Craft Scheduler Thread - 4/INFO]: [Vault] Checking for Updates ... 
[12:02:53] [Craft Scheduler Thread - 4/WARN]: [Vault] Stable Version: 1.7.3 is out! You are still running version: 1.5.6
[12:02:53] [Craft Scheduler Thread - 4/WARN]: [Vault] Update at: http://dev.bukkit.org/server-mods/vault
[12:02:57] [Server thread/INFO]: Plugins (4): [0;32;1mAutoRestartPlug[0;37;1m, [0;32;1mVault[0;37;1m, [0;32;1mCasinoPlugin[0;37;1m, [0;32;1mEssentials[m
[12:03:15] [Server thread/INFO]: CONSOLE: [0;31;1mPlease note that this command is not supported and may cause issues when using some plugins.[m
[12:03:15] [Server thread/INFO]: CONSOLE: [0;31;1mIf you encounter any issues please use the /stop command to restart your server.[m
[12:03:15] [Server thread/INFO]: Debug logging is disabled
[12:03:15] [Server thread/INFO]: Using 4 threads for Netty based IO
[12:03:15] [Server thread/INFO]: Server Ping Player Sample Count: 12
[12:03:15] [Server thread/INFO]: -------- World Settings For [world] --------
[12:03:15] [Server thread/INFO]: Arrow Despawn Rate: 1200
[12:03:15] [Server thread/INFO]: Allow Zombie Pigmen to spawn from portal blocks: true
[12:03:15] [Server thread/INFO]: Item Merge Radius: 2.5
[12:03:15] [Server thread/INFO]: Item Despawn Rate: 6000
[12:03:15] [Server thread/INFO]: View Distance: 7
[12:03:15] [Server thread/INFO]: Zombie Aggressive Towards Villager: true
[12:03:15] [Server thread/INFO]: Experience Merge Radius: 3.0
[12:03:15] [Server thread/INFO]: Entity Activation Range: An 32 / Mo 32 / Mi 16 / Tiv true
[12:03:15] [Server thread/INFO]: Entity Tracking Range: Pl 48 / An 48 / Mo 48 / Mi 32 / Other 64
[12:03:15] [Server thread/INFO]: Mob Spawn Range: 4
[12:03:15] [Server thread/INFO]: Cactus Growth Modifier: 100%
[12:03:15] [Server thread/INFO]: Cane Growth Modifier: 100%
[12:03:15] [Server thread/INFO]: Melon Growth Modifier: 100%
[12:03:15] [Server thread/INFO]: Mushroom Growth Modifier: 100%
[12:03:15] [Server thread/INFO]: Pumpkin Growth Modifier: 100%
[12:03:15] [Server thread/INFO]: Sapling Growth Modifier: 100%
[12:03:15] [Server thread/INFO]: Wheat Growth Modifier: 100%
[12:03:15] [Server thread/INFO]: NetherWart Growth Modifier: 100%
[12:03:15] [Server thread/INFO]: Vine Growth Modifier: 100%
[12:03:15] [Server thread/INFO]: Cocoa Growth Modifier: 100%
[12:03:15] [Server thread/INFO]: Random Lighting Updates: false
[12:03:15] [Server thread/INFO]: Hopper Transfer: 8 Hopper Check: 1 Hopper Amount: 1
[12:03:15] [Server thread/INFO]: Custom Map Seeds:  Village: 10387312 Feature: 14357617 Monument: 10387313 Slime: 987234911
[12:03:15] [Server thread/INFO]: Max TNT Explosions: 100
[12:03:15] [Server thread/INFO]: Tile Max Tick Time: 50ms Entity max Tick Time: 50ms
[12:03:15] [Server thread/INFO]: Structure Info Saving: true
[12:03:15] [Server thread/INFO]: Nerfing mobs spawned from spawners: false
[12:03:15] [Server thread/INFO]: -------- World Settings For [world_the_end] --------
[12:03:15] [Server thread/INFO]: Arrow Despawn Rate: 1200
[12:03:15] [Server thread/INFO]: Allow Zombie Pigmen to spawn from portal blocks: true
[12:03:15] [Server thread/INFO]: Item Merge Radius: 2.5
[12:03:15] [Server thread/INFO]: Item Despawn Rate: 6000
[12:03:15] [Server thread/INFO]: View Distance: 7
[12:03:15] [Server thread/INFO]: Zombie Aggressive Towards Villager: true
[12:03:15] [Server thread/INFO]: Experience Merge Radius: 3.0
[12:03:15] [Server thread/INFO]: Entity Activation Range: An 32 / Mo 32 / Mi 16 / Tiv true
[12:03:15] [Server thread/INFO]: Entity Tracking Range: Pl 48 / An 48 / Mo 48 / Mi 32 / Other 64
[12:03:15] [Server thread/INFO]: Mob Spawn Range: 4
[12:03:15] [Server thread/INFO]: Cactus Growth Modifier: 100%
[12:03:15] [Server thread/INFO]: Cane Growth Modifier: 100%
[12:03:15] [Server thread/INFO]: Melon Growth Modifier: 100%
[12:03:15] [Server thread/INFO]: Mushroom Growth Modifier: 100%
[12:03:15] [Server thread/INFO]: Pumpkin Growth Modifier: 100%
[12:03:15] [Server thread/INFO]: Sapling Growth Modifier: 100%
[12:03:15] [Server thread/INFO]: Wheat Growth Modifier: 100%
[12:03:15] [Server thread/INFO]: NetherWart Growth Modifier: 100%
[12:03:15] [Server thread/INFO]: Vine Growth Modifier: 100%
[12:03:15] [Server thread/INFO]: Cocoa Growth Modifier: 100%
[12:03:15] [Server thread/INFO]: Random Lighting Updates: false
[12:03:15] [Server thread/INFO]: Hopper Transfer: 8 Hopper Check: 1 Hopper Amount: 1
[12:03:15] [Server thread/INFO]: Custom Map Seeds:  Village: 10387312 Feature: 14357617 Monument: 10387313 Slime: 987234911
[12:03:15] [Server thread/INFO]: Max TNT Explosions: 100
[12:03:15] [Server thread/INFO]: Tile Max Tick Time: 50ms Entity max Tick Time: 50ms
[12:03:15] [Server thread/INFO]: Structure Info Saving: true
[12:03:15] [Server thread/INFO]: Nerfing mobs spawned from spawners: false
[12:03:15] [Server thread/INFO]: [Essentials] Disabling Essentials v2.16.1.0
[12:03:15] [Server thread/INFO]: [Vault][Economy] Essentials Economy unhooked.
[12:03:15] [Server thread/INFO]: [CasinoPlugin] Disabling CasinoPlugin v1.0
[12:03:15] [Server thread/INFO]: [Vault] Disabling Vault v1.5.6-b49
[12:03:15] [Server thread/INFO]: [AutoRestartPlug] Disabling AutoRestartPlug v1.0
[12:03:16] [Server thread/INFO]: [AutoRestartPlug] Loading AutoRestartPlug v1.0
[12:03:16] [Server thread/INFO]: [Vault] Loading Vault v1.5.6-b49
[12:03:16] [Server thread/INFO]: [CasinoPlugin] Loading CasinoPlugin v1.0
[12:03:16] [Server thread/INFO]: [Essentials] Loading Essentials v2.16.1.0
[12:03:16] [Server thread/INFO]: [Vault] Enabling Vault v1.5.6-b49
[12:03:16] [Server thread/INFO]: [Vault] [Economy] Essentials Economy found: Waiting
[12:03:16] [Server thread/INFO]: [Vault] [Permission] SuperPermissions loaded as backup permission system.
[12:03:16] [Server thread/INFO]: [Vault] Enabled Version 1.5.6-b49
[12:03:16] [Server thread/INFO]: [AutoRestartPlug] Enabling AutoRestartPlug v1.0
[12:03:16] [Server thread/INFO]: [CasinoPlugin] Enabling CasinoPlugin v1.0
[12:03:16] [Server thread/INFO]: [Essentials] Enabling Essentials v2.16.1.0
[12:03:16] [Server thread/INFO]: Attempting to convert old kits in config.yml to new kits.yml
[12:03:16] [Server thread/INFO]: No kits found to migrate.
[12:03:16] [Server thread/INFO]: [Essentials] Using legacy item data provider as mob spawner provider.
[12:03:16] [Server thread/INFO]: [Essentials] Using Reflection based provider as spawn egg provider.
[12:03:16] [Server thread/INFO]: [Essentials] Using 1.9+ BasePotionData provider as potion meta provider.
[12:03:16] [Server thread/INFO]: Loaded 852 items from items.csv.
[12:03:16] [Server thread/INFO]: Using locale ru
[12:03:16] [Server thread/INFO]: [Essentials] ServerListPingEvent: Spigot iterator API
[12:03:16] [Server thread/INFO]: [Essentials] Starting Metrics. Opt-out using the global bStats config.
[12:03:16] [Server thread/INFO]: [Vault][Economy] Essentials Economy hooked.
[12:03:16] [Server thread/INFO]: [Essentials] Using superperms-based permissions.
[12:03:16] [Server thread/INFO]: Server permissions file permissions.yml is empty, ignoring it
[12:03:16] [Server thread/INFO]: CONSOLE: [0;32;1mReload complete.[m
[12:03:16] [Craft Scheduler Thread - 3/INFO]: [Vault] Checking for Updates ... 
[12:03:17] [Craft Scheduler Thread - 3/WARN]: [Vault] Stable Version: 1.7.3 is out! You are still running version: 1.5.6
[12:03:17] [Craft Scheduler Thread - 3/WARN]: [Vault] Update at: http://dev.bukkit.org/server-mods/vault
[12:04:40] [Server thread/INFO]: CONSOLE: [0;31;1mPlease note that this command is not supported and may cause issues when using some plugins.[m
[12:04:40] [Server thread/INFO]: CONSOLE: [0;31;1mIf you encounter any issues please use the /stop command to restart your server.[m
[12:04:40] [Server thread/INFO]: Debug logging is disabled
[12:04:40] [Server thread/INFO]: Using 4 threads for Netty based IO
[12:04:40] [Server thread/INFO]: Server Ping Player Sample Count: 12
[12:04:40] [Server thread/INFO]: -------- World Settings For [world] --------
[12:04:40] [Server thread/INFO]: Arrow Despawn Rate: 1200
[12:04:40] [Server thread/INFO]: Allow Zombie Pigmen to spawn from portal blocks: true
[12:04:40] [Server thread/INFO]: Item Merge Radius: 2.5
[12:04:40] [Server thread/INFO]: Item Despawn Rate: 6000
[12:04:40] [Server thread/INFO]: View Distance: 7
[12:04:40] [Server thread/INFO]: Zombie Aggressive Towards Villager: true
[12:04:40] [Server thread/INFO]: Experience Merge Radius: 3.0
[12:04:40] [Server thread/INFO]: Entity Activation Range: An 32 / Mo 32 / Mi 16 / Tiv true
[12:04:40] [Server thread/INFO]: Entity Tracking Range: Pl 48 / An 48 / Mo 48 / Mi 32 / Other 64
[12:04:40] [Server thread/INFO]: Mob Spawn Range: 4
[12:04:40] [Server thread/INFO]: Cactus Growth Modifier: 100%
[12:04:40] [Server thread/INFO]: Cane Growth Modifier: 100%
[12:04:40] [Server thread/INFO]: Melon Growth Modifier: 100%
[12:04:40] [Server thread/INFO]: Mushroom Growth Modifier: 100%
[12:04:40] [Server thread/INFO]: Pumpkin Growth Modifier: 100%
[12:04:40] [Server thread/INFO]: Sapling Growth Modifier: 100%
[12:04:40] [Server thread/INFO]: Wheat Growth Modifier: 100%
[12:04:40] [Server thread/INFO]: NetherWart Growth Modifier: 100%
[12:04:40] [Server thread/INFO]: Vine Growth Modifier: 100%
[12:04:40] [Server thread/INFO]: Cocoa Growth Modifier: 100%
[12:04:40] [Server thread/INFO]: Random Lighting Updates: false
[12:04:40] [Server thread/INFO]: Hopper Transfer: 8 Hopper Check: 1 Hopper Amount: 1
[12:04:40] [Server thread/INFO]: Custom Map Seeds:  Village: 10387312 Feature: 14357617 Monument: 10387313 Slime: 987234911
[12:04:40] [Server thread/INFO]: Max TNT Explosions: 100
[12:04:40] [Server thread/INFO]: Tile Max Tick Time: 50ms Entity max Tick Time: 50ms
[12:04:40] [Server thread/INFO]: Structure Info Saving: true
[12:04:40] [Server thread/INFO]: Nerfing mobs spawned from spawners: false
[12:04:40] [Server thread/INFO]: -------- World Settings For [world_the_end] --------
[12:04:40] [Server thread/INFO]: Arrow Despawn Rate: 1200
[12:04:40] [Server thread/INFO]: Allow Zombie Pigmen to spawn from portal blocks: true
[12:04:40] [Server thread/INFO]: Item Merge Radius: 2.5
[12:04:40] [Server thread/INFO]: Item Despawn Rate: 6000
[12:04:40] [Server thread/INFO]: View Distance: 7
[12:04:40] [Server thread/INFO]: Zombie Aggressive Towards Villager: true
[12:04:40] [Server thread/INFO]: Experience Merge Radius: 3.0
[12:04:40] [Server thread/INFO]: Entity Activation Range: An 32 / Mo 32 / Mi 16 / Tiv true
[12:04:40] [Server thread/INFO]: Entity Tracking Range: Pl 48 / An 48 / Mo 48 / Mi 32 / Other 64
[12:04:40] [Server thread/INFO]: Mob Spawn Range: 4
[12:04:40] [Server thread/INFO]: Cactus Growth Modifier: 100%
[12:04:40] [Server thread/INFO]: Cane Growth Modifier: 100%
[12:04:40] [Server thread/INFO]: Melon Growth Modifier: 100%
[12:04:40] [Server thread/INFO]: Mushroom Growth Modifier: 100%
[12:04:40] [Server thread/INFO]: Pumpkin Growth Modifier: 100%
[12:04:40] [Server thread/INFO]: Sapling Growth Modifier: 100%
[12:04:40] [Server thread/INFO]: Wheat Growth Modifier: 100%
[12:04:40] [Server thread/INFO]: NetherWart Growth Modifier: 100%
[12:04:40] [Server thread/INFO]: Vine Growth Modifier: 100%
[12:04:40] [Server thread/INFO]: Cocoa Growth Modifier: 100%
[12:04:40] [Server thread/INFO]: Random Lighting Updates: false
[12:04:40] [Server thread/INFO]: Hopper Transfer: 8 Hopper Check: 1 Hopper Amount: 1
[12:04:40] [Server thread/INFO]: Custom Map Seeds:  Village: 10387312 Feature: 14357617 Monument: 10387313 Slime: 987234911
[12:04:40] [Server thread/INFO]: Max TNT Explosions: 100
[12:04:40] [Server thread/INFO]: Tile Max Tick Time: 50ms Entity max Tick Time: 50ms
[12:04:40] [Server thread/INFO]: Structure Info Saving: true
[12:04:40] [Server thread/INFO]: Nerfing mobs spawned from spawners: false
[12:04:40] [Server thread/INFO]: [Essentials] Disabling Essentials v2.16.1.0
[12:04:40] [Server thread/INFO]: [Vault][Economy] Essentials Economy unhooked.
[12:04:40] [Server thread/INFO]: [CasinoPlugin] Disabling CasinoPlugin v1.0
[12:04:40] [Server thread/INFO]: [Vault] Disabling Vault v1.5.6-b49
[12:04:40] [Server thread/INFO]: [AutoRestartPlug] Disabling AutoRestartPlug v1.0
[12:04:40] [Server thread/INFO]: [AutoRestartPlug] Loading AutoRestartPlug v1.0
[12:04:40] [Server thread/INFO]: [Vault] Loading Vault v1.5.6-b49
[12:04:40] [Server thread/INFO]: [CasinoPlugin] Loading CasinoPlugin v1.0
[12:04:40] [Server thread/INFO]: [Essentials] Loading Essentials v2.16.1.0
[12:04:40] [Server thread/INFO]: [Vault] Enabling Vault v1.5.6-b49
[12:04:40] [Server thread/INFO]: [Vault] [Economy] Essentials Economy found: Waiting
[12:04:40] [Server thread/INFO]: [Vault] [Permission] SuperPermissions loaded as backup permission system.
[12:04:40] [Server thread/INFO]: [Vault] Enabled Version 1.5.6-b49
[12:04:40] [Server thread/INFO]: [AutoRestartPlug] Enabling AutoRestartPlug v1.0
[12:04:40] [Server thread/INFO]: [CasinoPlugin] Enabling CasinoPlugin v1.0
[12:04:40] [Server thread/INFO]: [Essentials] Enabling Essentials v2.16.1.0
[12:04:40] [Server thread/INFO]: Attempting to convert old kits in config.yml to new kits.yml
[12:04:40] [Server thread/INFO]: No kits found to migrate.
[12:04:40] [Server thread/INFO]: [Essentials] Using legacy item data provider as mob spawner provider.
[12:04:40] [Server thread/INFO]: [Essentials] Using Reflection based provider as spawn egg provider.
[12:04:40] [Server thread/INFO]: [Essentials] Using 1.9+ BasePotionData provider as potion meta provider.
[12:04:40] [Server thread/INFO]: Loaded 852 items from items.csv.
[12:04:40] [Server thread/INFO]: Using locale ru
[12:04:40] [Server thread/INFO]: [Essentials] ServerListPingEvent: Spigot iterator API
[12:04:40] [Server thread/INFO]: [Essentials] Starting Metrics. Opt-out using the global bStats config.
[12:04:40] [Server thread/INFO]: [Vault][Economy] Essentials Economy hooked.
[12:04:40] [Server thread/INFO]: [Essentials] Using superperms-based permissions.
[12:04:40] [Server thread/INFO]: Server permissions file permissions.yml is empty, ignoring it
[12:04:40] [Server thread/INFO]: CONSOLE: [0;32;1mReload complete.[m
[12:04:40] [Server thread/INFO]: 05:04
[12:04:40] [Server thread/INFO]: 05:04
[12:04:40] [Craft Scheduler Thread - 8/INFO]: [Vault] Checking for Updates ... 
[12:04:41] [Server thread/INFO]: 05:04
[12:04:41] [Craft Scheduler Thread - 8/WARN]: [Vault] Stable Version: 1.7.3 is out! You are still running version: 1.5.6
[12:04:41] [Craft Scheduler Thread - 8/WARN]: [Vault] Update at: http://dev.bukkit.org/server-mods/vault
[12:04:41] [Server thread/INFO]: 05:04
[12:04:41] [Server thread/INFO]: 05:04
[12:04:42] [Server thread/INFO]: 05:04
[12:04:42] [Server thread/INFO]: 05:04
[12:04:42] [Server thread/INFO]: 05:04
[12:04:43] [Server thread/INFO]: 05:04
[12:04:43] [Server thread/INFO]: 05:04
[12:04:43] [Server thread/INFO]: 05:04
[12:04:44] [Server thread/INFO]: 05:04
[12:04:44] [Server thread/INFO]: 05:04
[12:04:44] [Server thread/INFO]: 05:04
[12:04:44] [Server thread/INFO]: 05:04
[12:04:45] [Server thread/INFO]: 05:04
[12:04:45] [Server thread/INFO]: 05:04
[12:04:45] [Server thread/INFO]: 05:04
[12:04:46] [Server thread/INFO]: 05:04
[12:04:46] [Server thread/INFO]: 05:04
[12:04:46] [Server thread/INFO]: 05:04
[12:04:47] [Server thread/INFO]: 05:04
[12:04:47] [Server thread/INFO]: 05:04
[12:04:47] [Server thread/INFO]: 05:04
[12:04:47] [Server thread/INFO]: 05:04
[12:04:48] [Server thread/INFO]: 05:04
[12:04:48] [Server thread/INFO]: 05:04
[12:04:48] [Server thread/INFO]: 05:04
[12:04:49] [Server thread/INFO]: 05:04
[12:04:49] [Server thread/INFO]: CONSOLE: [0;31;1mPlease note that this command is not supported and may cause issues when using some plugins.[m
[12:04:49] [Server thread/INFO]: CONSOLE: [0;31;1mIf you encounter any issues please use the /stop command to restart your server.[m
[12:04:49] [Server thread/INFO]: Debug logging is disabled
[12:04:49] [Server thread/INFO]: Using 4 threads for Netty based IO
[12:04:49] [Server thread/INFO]: Server Ping Player Sample Count: 12
[12:04:49] [Server thread/INFO]: -------- World Settings For [world] --------
[12:04:49] [Server thread/INFO]: Arrow Despawn Rate: 1200
[12:04:49] [Server thread/INFO]: Allow Zombie Pigmen to spawn from portal blocks: true
[12:04:49] [Server thread/INFO]: Item Merge Radius: 2.5
[12:04:49] [Server thread/INFO]: Item Despawn Rate: 6000
[12:04:49] [Server thread/INFO]: View Distance: 7
[12:04:49] [Server thread/INFO]: Zombie Aggressive Towards Villager: true
[12:04:49] [Server thread/INFO]: Experience Merge Radius: 3.0
[12:04:49] [Server thread/INFO]: Entity Activation Range: An 32 / Mo 32 / Mi 16 / Tiv true
[12:04:49] [Server thread/INFO]: Entity Tracking Range: Pl 48 / An 48 / Mo 48 / Mi 32 / Other 64
[12:04:49] [Server thread/INFO]: Mob Spawn Range: 4
[12:04:49] [Server thread/INFO]: Cactus Growth Modifier: 100%
[12:04:49] [Server thread/INFO]: Cane Growth Modifier: 100%
[12:04:49] [Server thread/INFO]: Melon Growth Modifier: 100%
[12:04:49] [Server thread/INFO]: Mushroom Growth Modifier: 100%
[12:04:49] [Server thread/INFO]: Pumpkin Growth Modifier: 100%
[12:04:49] [Server thread/INFO]: Sapling Growth Modifier: 100%
[12:04:49] [Server thread/INFO]: Wheat Growth Modifier: 100%
[12:04:49] [Server thread/INFO]: NetherWart Growth Modifier: 100%
[12:04:49] [Server thread/INFO]: Vine Growth Modifier: 100%
[12:04:49] [Server thread/INFO]: Cocoa Growth Modifier: 100%
[12:04:49] [Server thread/INFO]: Random Lighting Updates: false
[12:04:49] [Server thread/INFO]: Hopper Transfer: 8 Hopper Check: 1 Hopper Amount: 1
[12:04:49] [Server thread/INFO]: Custom Map Seeds:  Village: 10387312 Feature: 14357617 Monument: 10387313 Slime: 987234911
[12:04:49] [Server thread/INFO]: Max TNT Explosions: 100
[12:04:49] [Server thread/INFO]: Tile Max Tick Time: 50ms Entity max Tick Time: 50ms
[12:04:49] [Server thread/INFO]: Structure Info Saving: true
[12:04:49] [Server thread/INFO]: Nerfing mobs spawned from spawners: false
[12:04:49] [Server thread/INFO]: -------- World Settings For [world_the_end] --------
[12:04:49] [Server thread/INFO]: Arrow Despawn Rate: 1200
[12:04:49] [Server thread/INFO]: Allow Zombie Pigmen to spawn from portal blocks: true
[12:04:49] [Server thread/INFO]: Item Merge Radius: 2.5
[12:04:49] [Server thread/INFO]: Item Despawn Rate: 6000
[12:04:49] [Server thread/INFO]: View Distance: 7
[12:04:49] [Server thread/INFO]: Zombie Aggressive Towards Villager: true
[12:04:49] [Server thread/INFO]: Experience Merge Radius: 3.0
[12:04:49] [Server thread/INFO]: Entity Activation Range: An 32 / Mo 32 / Mi 16 / Tiv true
[12:04:49] [Server thread/INFO]: Entity Tracking Range: Pl 48 / An 48 / Mo 48 / Mi 32 / Other 64
[12:04:49] [Server thread/INFO]: Mob Spawn Range: 4
[12:04:49] [Server thread/INFO]: Cactus Growth Modifier: 100%
[12:04:49] [Server thread/INFO]: Cane Growth Modifier: 100%
[12:04:49] [Server thread/INFO]: Melon Growth Modifier: 100%
[12:04:49] [Server thread/INFO]: Mushroom Growth Modifier: 100%
[12:04:49] [Server thread/INFO]: Pumpkin Growth Modifier: 100%
[12:04:49] [Server thread/INFO]: Sapling Growth Modifier: 100%
[12:04:49] [Server thread/INFO]: Wheat Growth Modifier: 100%
[12:04:49] [Server thread/INFO]: NetherWart Growth Modifier: 100%
[12:04:49] [Server thread/INFO]: Vine Growth Modifier: 100%
[12:04:49] [Server thread/INFO]: Cocoa Growth Modifier: 100%
[12:04:49] [Server thread/INFO]: Random Lighting Updates: false
[12:04:49] [Server thread/INFO]: Hopper Transfer: 8 Hopper Check: 1 Hopper Amount: 1
[12:04:49] [Server thread/INFO]: Custom Map Seeds:  Village: 10387312 Feature: 14357617 Monument: 10387313 Slime: 987234911
[12:04:49] [Server thread/INFO]: Max TNT Explosions: 100
[12:04:49] [Server thread/INFO]: Tile Max Tick Time: 50ms Entity max Tick Time: 50ms
[12:04:49] [Server thread/INFO]: Structure Info Saving: true
[12:04:49] [Server thread/INFO]: Nerfing mobs spawned from spawners: false
[12:04:49] [Server thread/INFO]: [Essentials] Disabling Essentials v2.16.1.0
[12:04:49] [Server thread/INFO]: [Vault][Economy] Essentials Economy unhooked.
[12:04:49] [Server thread/INFO]: [CasinoPlugin] Disabling CasinoPlugin v1.0
[12:04:49] [Server thread/INFO]: [Vault] Disabling Vault v1.5.6-b49
[12:04:49] [Server thread/INFO]: [AutoRestartPlug] Disabling AutoRestartPlug v1.0
[12:04:49] [Server thread/INFO]: [AutoRestartPlug] Loading AutoRestartPlug v1.0
[12:04:49] [Server thread/INFO]: [Vault] Loading Vault v1.5.6-b49
[12:04:49] [Server thread/INFO]: [CasinoPlugin] Loading CasinoPlugin v1.0
[12:04:49] [Server thread/INFO]: [Essentials] Loading Essentials v2.16.1.0
[12:04:49] [Server thread/INFO]: [Vault] Enabling Vault v1.5.6-b49
[12:04:49] [Server thread/INFO]: [Vault] [Economy] Essentials Economy found: Waiting
[12:04:49] [Server thread/INFO]: [Vault] [Permission] SuperPermissions loaded as backup permission system.
[12:04:49] [Server thread/INFO]: [Vault] Enabled Version 1.5.6-b49
[12:04:49] [Server thread/INFO]: [AutoRestartPlug] Enabling AutoRestartPlug v1.0
[12:04:49] [Server thread/INFO]: [CasinoPlugin] Enabling CasinoPlugin v1.0
[12:04:49] [Server thread/INFO]: [Essentials] Enabling Essentials v2.16.1.0
[12:04:49] [Server thread/INFO]: Attempting to convert old kits in config.yml to new kits.yml
[12:04:49] [Server thread/INFO]: No kits found to migrate.
[12:04:49] [Server thread/INFO]: [Essentials] Using legacy item data provider as mob spawner provider.
[12:04:49] [Server thread/INFO]: [Essentials] Using Reflection based provider as spawn egg provider.
[12:04:49] [Server thread/INFO]: [Essentials] Using 1.9+ BasePotionData provider as potion meta provider.
[12:04:49] [Server thread/INFO]: Loaded 852 items from items.csv.
[12:04:49] [Server thread/INFO]: Using locale ru
[12:04:49] [Server thread/INFO]: [Essentials] ServerListPingEvent: Spigot iterator API
[12:04:49] [Server thread/INFO]: [Essentials] Starting Metrics. Opt-out using the global bStats config.
[12:04:49] [Server thread/INFO]: [Vault][Economy] Essentials Economy hooked.
[12:04:49] [Server thread/INFO]: [Essentials] Using superperms-based permissions.
[12:04:49] [Server thread/INFO]: Server permissions file permissions.yml is empty, ignoring it
[12:04:49] [Server thread/INFO]: CONSOLE: [0;32;1mReload complete.[m
[12:04:49] [Server thread/INFO]: 05:04
[12:04:49] [Server thread/INFO]: 05:04
[12:04:49] [Craft Scheduler Thread - 6/INFO]: [Vault] Checking for Updates ... 
[12:04:50] [Server thread/INFO]: 05:04
[12:04:50] [Craft Scheduler Thread - 6/WARN]: [Vault] Stable Version: 1.7.3 is out! You are still running version: 1.5.6
[12:04:50] [Craft Scheduler Thread - 6/WARN]: [Vault] Update at: http://dev.bukkit.org/server-mods/vault
[12:04:50] [Server thread/INFO]: 05:04
[12:04:50] [Server thread/INFO]: 05:04
[12:04:50] [Server thread/INFO]: 05:04
[12:04:51] [Server thread/INFO]: 05:04
[12:04:51] [Server thread/INFO]: 05:04
[12:04:51] [Server thread/INFO]: 05:04
[12:04:52] [Server thread/INFO]: 05:04
[12:04:52] [Server thread/INFO]: 05:04
[12:04:52] [Server thread/INFO]: Stopping server
[12:04:52] [Server thread/INFO]: [Essentials] Disabling Essentials v2.16.1.0
[12:04:52] [Server thread/INFO]: [Vault][Economy] Essentials Economy unhooked.
[12:04:52] [Server thread/INFO]: [CasinoPlugin] Disabling CasinoPlugin v1.0
[12:04:52] [Server thread/INFO]: [Vault] Disabling Vault v1.5.6-b49
[12:04:52] [Server thread/INFO]: [AutoRestartPlug] Disabling AutoRestartPlug v1.0
[12:04:52] [Server thread/INFO]: Saving players
[12:04:52] [Server thread/INFO]: Saving worlds
[12:04:52] [Server thread/INFO]: Saving chunks for level 'world'/overworld
[12:04:52] [Server thread/INFO]: Saving chunks for level 'world_the_end'/the_end
