[13:25:35] [Server thread/INFO]: Starting minecraft server version 1.12.2
[13:25:35] [Server thread/INFO]: Loading properties
[13:25:35] [Server thread/INFO]: Default game type: ADVENTURE
[13:25:35] [Server thread/INFO]: This server is running CraftBukkit version git-Spigot-79a30d7-f4830a1 (MC: 1.12.2) (Implementing API version 1.12.2-R0.1-SNAPSHOT)
[13:25:35] [Server thread/INFO]: Debug logging is disabled
[13:25:35] [Server thread/INFO]: Using 4 threads for Netty based IO
[13:25:35] [Server thread/INFO]: Server Ping Player Sample Count: 12
[13:25:35] [Server thread/INFO]: Generating keypair
[13:25:36] [Server thread/INFO]: Starting Minecraft server on *:22229
[13:25:36] [Server thread/INFO]: Using default channel type
[13:25:37] [Server thread/INFO]: Set PluginClassLoader as parallel capable
[13:25:37] [Server thread/INFO]: [AutoRestartPlug] Loading AutoRestartPlug v1.0
[13:25:37] [Server thread/INFO]: [Vault] Loading Vault v1.5.6-b49
[13:25:37] [Server thread/INFO]: [CasinoPlugin] Loading CasinoPlugin v1.0
[13:25:37] [Server thread/INFO]: [Essentials] Loading Essentials v2.16.1.0
[13:25:37] [Server thread/INFO]: [Vault] Enabling Vault v1.5.6-b49
[13:25:37] [Server thread/INFO]: [Vault] [Economy] Essentials Economy found: Waiting
[13:25:37] [Server thread/INFO]: [Vault] [Permission] SuperPermissions loaded as backup permission system.
[13:25:37] [Server thread/INFO]: [Vault] Enabled Version 1.5.6-b49
[13:25:37] [Server thread/WARN]: **** SERVER IS RUNNING IN OFFLINE/INSECURE MODE!
[13:25:37] [Server thread/WARN]: The server will make no attempt to authenticate usernames. Beware.
[13:25:37] [Server thread/WARN]: While this makes the game possible to play without internet access, it also opens up the ability for hackers to connect with any username they choose.
[13:25:37] [Server thread/WARN]: To change this, set "online-mode" to "true" in the server.properties file.
[13:25:37] [Server thread/INFO]: **** Beginning UUID conversion, this may take A LONG time ****
[13:25:37] [Server thread/INFO]: Preparing level "world"
[13:25:37] [Server thread/INFO]: -------- World Settings For [world] --------
[13:25:37] [Server thread/INFO]: Item Merge Radius: 2.5
[13:25:37] [Server thread/INFO]: Item Despawn Rate: 6000
[13:25:37] [Server thread/INFO]: Nerfing mobs spawned from spawners: false
[13:25:37] [Server thread/INFO]: Arrow Despawn Rate: 1200
[13:25:37] [Server thread/INFO]: View Distance: 7
[13:25:37] [Server thread/INFO]: Experience Merge Radius: 3.0
[13:25:37] [Server thread/INFO]: Allow Zombie Pigmen to spawn from portal blocks: true
[13:25:37] [Server thread/INFO]: Zombie Aggressive Towards Villager: true
[13:25:37] [Server thread/INFO]: Cactus Growth Modifier: 100%
[13:25:37] [Server thread/INFO]: Cane Growth Modifier: 100%
[13:25:37] [Server thread/INFO]: Melon Growth Modifier: 100%
[13:25:37] [Server thread/INFO]: Mushroom Growth Modifier: 100%
[13:25:37] [Server thread/INFO]: Pumpkin Growth Modifier: 100%
[13:25:37] [Server thread/INFO]: Sapling Growth Modifier: 100%
[13:25:37] [Server thread/INFO]: Wheat Growth Modifier: 100%
[13:25:37] [Server thread/INFO]: NetherWart Growth Modifier: 100%
[13:25:37] [Server thread/INFO]: Vine Growth Modifier: 100%
[13:25:37] [Server thread/INFO]: Cocoa Growth Modifier: 100%
[13:25:37] [Server thread/INFO]: Mob Spawn Range: 4
[13:25:37] [Server thread/INFO]: Entity Tracking Range: Pl 48 / An 48 / Mo 48 / Mi 32 / Other 64
[13:25:37] [Server thread/INFO]: Custom Map Seeds:  Village: 10387312 Feature: 14357617 Monument: 10387313 Slime: 987234911
[13:25:37] [Server thread/INFO]: Hopper Transfer: 8 Hopper Check: 1 Hopper Amount: 1
[13:25:37] [Server thread/INFO]: Entity Activation Range: An 32 / Mo 32 / Mi 16 / Tiv true
[13:25:37] [Server thread/INFO]: Random Lighting Updates: false
[13:25:37] [Server thread/INFO]: Structure Info Saving: true
[13:25:37] [Server thread/INFO]: Tile Max Tick Time: 50ms Entity max Tick Time: 50ms
[13:25:37] [Server thread/INFO]: Max TNT Explosions: 100
[13:25:37] [Server thread/INFO]: -------- World Settings For [world_the_end] --------
[13:25:37] [Server thread/INFO]: Item Merge Radius: 2.5
[13:25:37] [Server thread/INFO]: Item Despawn Rate: 6000
[13:25:37] [Server thread/INFO]: Nerfing mobs spawned from spawners: false
[13:25:37] [Server thread/INFO]: Arrow Despawn Rate: 1200
[13:25:37] [Server thread/INFO]: View Distance: 7
[13:25:37] [Server thread/INFO]: Experience Merge Radius: 3.0
[13:25:37] [Server thread/INFO]: Allow Zombie Pigmen to spawn from portal blocks: true
[13:25:37] [Server thread/INFO]: Zombie Aggressive Towards Villager: true
[13:25:37] [Server thread/INFO]: Cactus Growth Modifier: 100%
[13:25:37] [Server thread/INFO]: Cane Growth Modifier: 100%
[13:25:37] [Server thread/INFO]: Melon Growth Modifier: 100%
[13:25:37] [Server thread/INFO]: Mushroom Growth Modifier: 100%
[13:25:37] [Server thread/INFO]: Pumpkin Growth Modifier: 100%
[13:25:37] [Server thread/INFO]: Sapling Growth Modifier: 100%
[13:25:37] [Server thread/INFO]: Wheat Growth Modifier: 100%
[13:25:37] [Server thread/INFO]: NetherWart Growth Modifier: 100%
[13:25:37] [Server thread/INFO]: Vine Growth Modifier: 100%
[13:25:37] [Server thread/INFO]: Cocoa Growth Modifier: 100%
[13:25:37] [Server thread/INFO]: Mob Spawn Range: 4
[13:25:37] [Server thread/INFO]: Entity Tracking Range: Pl 48 / An 48 / Mo 48 / Mi 32 / Other 64
[13:25:37] [Server thread/INFO]: Custom Map Seeds:  Village: 10387312 Feature: 14357617 Monument: 10387313 Slime: 987234911
[13:25:37] [Server thread/INFO]: Hopper Transfer: 8 Hopper Check: 1 Hopper Amount: 1
[13:25:37] [Server thread/INFO]: Entity Activation Range: An 32 / Mo 32 / Mi 16 / Tiv true
[13:25:37] [Server thread/INFO]: Random Lighting Updates: false
[13:25:37] [Server thread/INFO]: Structure Info Saving: true
[13:25:37] [Server thread/INFO]: Tile Max Tick Time: 50ms Entity max Tick Time: 50ms
[13:25:37] [Server thread/INFO]: Max TNT Explosions: 100
[13:25:38] [Server thread/INFO]: Preparing start region for level 0 (Seed: -4970056024693801974)
[13:25:39] [Server thread/INFO]: Preparing start region for level 1 (Seed: -4970056024693801974)
[13:25:39] [Server thread/INFO]: [AutoRestartPlug] Enabling AutoRestartPlug v1.0
[13:25:39] [Server thread/INFO]: [CasinoPlugin] Enabling CasinoPlugin v1.0
[13:25:39] [Server thread/INFO]: [Essentials] Enabling Essentials v2.16.1.0
[13:25:39] [Thread-6/WARN]: org.sqlite.SQLiteException: [SQLITE_ERROR] SQL error or missing database (no such column: total)
[13:25:39] [Thread-6/WARN]: 	at org.sqlite.core.DB.newSQLException(DB.java:909)
[13:25:39] [Thread-6/WARN]: 	at org.sqlite.core.DB.newSQLException(DB.java:921)
[13:25:39] [Thread-6/WARN]: 	at org.sqlite.core.DB.throwex(DB.java:886)
[13:25:39] [Thread-6/WARN]: 	at org.sqlite.core.NativeDB.prepare_utf8(Native Method)
[13:25:39] [Thread-6/WARN]: 	at org.sqlite.core.NativeDB.prepare(NativeDB.java:127)
[13:25:39] [Thread-6/WARN]: 	at org.sqlite.core.DB.prepare(DB.java:227)
[13:25:39] [Thread-6/WARN]: 	at org.sqlite.jdbc3.JDBC3Statement.executeQuery(JDBC3Statement.java:81)
[13:25:39] [Thread-6/WARN]: 	at me.see1.casino.objects.SQLiteDatabase.getTopFromCriteria(SQLiteDatabase.java:39)
[13:25:39] [Thread-6/WARN]: 	at me.see1.casino.Main.lambda$0(Main.java:47)
[13:25:39] [Thread-6/WARN]: 	at java.base/java.lang.Thread.run(Thread.java:834)
[13:25:39] [Thread-6/WARN]: Exception in thread "Thread-6" 
[13:25:39] [Thread-6/WARN]: java.lang.NullPointerException
[13:25:39] [Thread-6/WARN]: 	at me.see1.casino.Main.lambda$0(Main.java:52)
[13:25:39] [Thread-6/WARN]: 	at java.base/java.lang.Thread.run(Thread.java:834)
[13:25:39] [Server thread/INFO]: Attempting to convert old kits in config.yml to new kits.yml
[13:25:39] [Server thread/INFO]: No kits found to migrate.
[13:25:39] [Server thread/INFO]: [Essentials] Using legacy item data provider as mob spawner provider.
[13:25:39] [Server thread/INFO]: [Essentials] Using Reflection based provider as spawn egg provider.
[13:25:39] [Server thread/INFO]: [Essentials] Using 1.9+ BasePotionData provider as potion meta provider.
[13:25:39] [Server thread/INFO]: Loaded 852 items from items.csv.
[13:25:39] [Server thread/INFO]: Using locale ru
[13:25:39] [Server thread/INFO]: [Essentials] ServerListPingEvent: Spigot iterator API
[13:25:39] [Server thread/INFO]: [Essentials] Starting Metrics. Opt-out using the global bStats config.
[13:25:39] [Server thread/INFO]: [Vault][Economy] Essentials Economy hooked.
[13:25:39] [Server thread/INFO]: [Essentials] Using superperms-based permissions.
[13:25:39] [Server thread/INFO]: Server permissions file permissions.yml is empty, ignoring it
[13:25:39] [Server thread/INFO]: Done (2,515s)! For help, type "help" or "?"
[13:25:39] [Craft Scheduler Thread - 4/INFO]: [Vault] Checking for Updates ... 
[13:25:40] [Craft Scheduler Thread - 4/WARN]: [Vault] Stable Version: 1.7.3 is out! You are still running version: 1.5.6
[13:25:40] [Craft Scheduler Thread - 4/WARN]: [Vault] Update at: http://dev.bukkit.org/server-mods/vault
