[14:29:16] [Server thread/INFO]: Starting minecraft server version 1.12.2
[14:29:16] [Server thread/INFO]: Loading properties
[14:29:16] [Server thread/INFO]: Default game type: ADVENTURE
[14:29:16] [Server thread/INFO]: This server is running CraftBukkit version git-Spigot-79a30d7-f4830a1 (MC: 1.12.2) (Implementing API version 1.12.2-R0.1-SNAPSHOT)
[14:29:16] [Server thread/INFO]: Debug logging is disabled
[14:29:16] [Server thread/INFO]: Server Ping Player Sample Count: 12
[14:29:16] [Server thread/INFO]: Using 4 threads for Netty based IO
[14:29:16] [Server thread/INFO]: Generating keypair
[14:29:16] [Server thread/INFO]: Starting Minecraft server on *:20000
[14:29:16] [Server thread/INFO]: Using default channel type
[14:29:17] [Server thread/ERROR]: Ambiguous plugin name `Essentials' for files `plugins\EssentialsX.jar' and `plugins\EssentialsX-2.18.2.0.jar' in `plugins'
[14:29:17] [Server thread/ERROR]: Could not load 'plugins\spigot-1.12.2.jar' in folder 'plugins'
org.bukkit.plugin.InvalidDescriptionException: Invalid plugin.yml
	at org.bukkit.plugin.java.JavaPluginLoader.getPluginDescription(JavaPluginLoader.java:152) ~[spigot-1.12.2.jar:git-Spigot-79a30d7-f4830a1]
	at org.bukkit.plugin.SimplePluginManager.loadPlugins(SimplePluginManager.java:133) [spigot-1.12.2.jar:git-Spigot-79a30d7-f4830a1]
	at org.bukkit.craftbukkit.v1_12_R1.CraftServer.loadPlugins(CraftServer.java:305) [spigot-1.12.2.jar:git-Spigot-79a30d7-f4830a1]
	at net.minecraft.server.v1_12_R1.DedicatedServer.init(DedicatedServer.java:205) [spigot-1.12.2.jar:git-Spigot-79a30d7-f4830a1]
	at net.minecraft.server.v1_12_R1.MinecraftServer.run(MinecraftServer.java:545) [spigot-1.12.2.jar:git-Spigot-79a30d7-f4830a1]
	at java.lang.Thread.run(Thread.java:834) [?:?]
Caused by: java.io.FileNotFoundException: Jar does not contain plugin.yml
	... 6 more
[14:29:17] [Server thread/ERROR]: Ambiguous plugin name `TAB' for files `plugins\TAB.v3.1.5.jar' and `plugins\TAB v2.8.2 (1).jar' in `plugins'
[14:29:17] [Server thread/ERROR]: Ambiguous plugin name `WorldEdit' for files `plugins\worldedit-bukkit-6.1.7.3.jar' and `plugins\FastAsyncWorldEdit.jar' in `plugins'
[14:29:17] [Server thread/INFO]: Set PluginClassLoader as parallel capable
[14:29:17] [Server thread/ERROR]: Could not load 'plugins\playit-minecraft-plugin.jar' in folder 'plugins'
org.bukkit.plugin.InvalidPluginException: java.lang.UnsupportedClassVersionError: gg/playit/minecraft/PlayitBukkit has been compiled by a more recent version of the Java Runtime (class file version 60.0), this version of the Java Runtime only recognizes class file versions up to 55.0
	at org.bukkit.plugin.java.JavaPluginLoader.loadPlugin(JavaPluginLoader.java:133) ~[spigot-1.12.2.jar:git-Spigot-79a30d7-f4830a1]
	at org.bukkit.plugin.SimplePluginManager.loadPlugin(SimplePluginManager.java:327) ~[spigot-1.12.2.jar:git-Spigot-79a30d7-f4830a1]
	at org.bukkit.plugin.SimplePluginManager.loadPlugins(SimplePluginManager.java:248) [spigot-1.12.2.jar:git-Spigot-79a30d7-f4830a1]
	at org.bukkit.craftbukkit.v1_12_R1.CraftServer.loadPlugins(CraftServer.java:305) [spigot-1.12.2.jar:git-Spigot-79a30d7-f4830a1]
	at net.minecraft.server.v1_12_R1.DedicatedServer.init(DedicatedServer.java:205) [spigot-1.12.2.jar:git-Spigot-79a30d7-f4830a1]
	at net.minecraft.server.v1_12_R1.MinecraftServer.run(MinecraftServer.java:545) [spigot-1.12.2.jar:git-Spigot-79a30d7-f4830a1]
	at java.lang.Thread.run(Thread.java:834) [?:?]
Caused by: java.lang.UnsupportedClassVersionError: gg/playit/minecraft/PlayitBukkit has been compiled by a more recent version of the Java Runtime (class file version 60.0), this version of the Java Runtime only recognizes class file versions up to 55.0
	at java.lang.ClassLoader.defineClass1(Native Method) ~[?:?]
	at java.lang.ClassLoader.defineClass(ClassLoader.java:1016) ~[?:?]
	at java.security.SecureClassLoader.defineClass(SecureClassLoader.java:174) ~[?:?]
	at org.bukkit.plugin.java.PluginClassLoader.findClass(PluginClassLoader.java:148) ~[spigot-1.12.2.jar:git-Spigot-79a30d7-f4830a1]
	at org.bukkit.plugin.java.PluginClassLoader.findClass(PluginClassLoader.java:100) ~[spigot-1.12.2.jar:git-Spigot-79a30d7-f4830a1]
	at java.lang.ClassLoader.loadClass(ClassLoader.java:588) ~[?:?]
	at java.lang.ClassLoader.loadClass(ClassLoader.java:521) ~[?:?]
	at java.lang.Class.forName0(Native Method) ~[?:?]
	at java.lang.Class.forName(Class.java:398) ~[?:?]
	at org.bukkit.plugin.java.PluginClassLoader.<init>(PluginClassLoader.java:78) ~[spigot-1.12.2.jar:git-Spigot-79a30d7-f4830a1]
	at org.bukkit.plugin.java.JavaPluginLoader.loadPlugin(JavaPluginLoader.java:129) ~[spigot-1.12.2.jar:git-Spigot-79a30d7-f4830a1]
	... 6 more
[14:29:18] [Server thread/ERROR]: Could not load 'plugins\Citizens-2.0.27-b2226.jar' in folder 'plugins'
org.bukkit.plugin.InvalidPluginException: java.lang.IllegalArgumentException: Plugin already initialized!
	at org.bukkit.plugin.java.JavaPluginLoader.loadPlugin(JavaPluginLoader.java:133) ~[spigot-1.12.2.jar:git-Spigot-79a30d7-f4830a1]
	at org.bukkit.plugin.SimplePluginManager.loadPlugin(SimplePluginManager.java:327) ~[spigot-1.12.2.jar:git-Spigot-79a30d7-f4830a1]
	at org.bukkit.plugin.SimplePluginManager.loadPlugins(SimplePluginManager.java:248) [spigot-1.12.2.jar:git-Spigot-79a30d7-f4830a1]
	at org.bukkit.craftbukkit.v1_12_R1.CraftServer.loadPlugins(CraftServer.java:305) [spigot-1.12.2.jar:git-Spigot-79a30d7-f4830a1]
	at net.minecraft.server.v1_12_R1.DedicatedServer.init(DedicatedServer.java:205) [spigot-1.12.2.jar:git-Spigot-79a30d7-f4830a1]
	at net.minecraft.server.v1_12_R1.MinecraftServer.run(MinecraftServer.java:545) [spigot-1.12.2.jar:git-Spigot-79a30d7-f4830a1]
	at java.lang.Thread.run(Thread.java:834) [?:?]
Caused by: java.lang.IllegalArgumentException: Plugin already initialized!
	at org.bukkit.plugin.java.PluginClassLoader.initialize(PluginClassLoader.java:183) ~[spigot-1.12.2.jar:git-Spigot-79a30d7-f4830a1]
	at org.bukkit.plugin.java.JavaPlugin.<init>(JavaPlugin.java:60) ~[spigot-1.12.2.jar:git-Spigot-79a30d7-f4830a1]
	at net.citizensnpcs.Citizens.<init>(Citizens.java:74) ~[?:?]
	at jdk.internal.reflect.NativeConstructorAccessorImpl.newInstance0(Native Method) ~[?:?]
	at jdk.internal.reflect.NativeConstructorAccessorImpl.newInstance(NativeConstructorAccessorImpl.java:62) ~[?:?]
	at jdk.internal.reflect.DelegatingConstructorAccessorImpl.newInstance(DelegatingConstructorAccessorImpl.java:45) ~[?:?]
	at java.lang.reflect.Constructor.newInstance(Constructor.java:490) ~[?:?]
	at java.lang.Class.newInstance(Class.java:584) ~[?:?]
	at org.bukkit.plugin.java.PluginClassLoader.<init>(PluginClassLoader.java:90) ~[spigot-1.12.2.jar:git-Spigot-79a30d7-f4830a1]
	at org.bukkit.plugin.java.JavaPluginLoader.loadPlugin(JavaPluginLoader.java:129) ~[spigot-1.12.2.jar:git-Spigot-79a30d7-f4830a1]
	... 6 more
Caused by: java.lang.IllegalStateException: Initial initialization
	at org.bukkit.plugin.java.PluginClassLoader.initialize(PluginClassLoader.java:186) ~[spigot-1.12.2.jar:git-Spigot-79a30d7-f4830a1]
	at org.bukkit.plugin.java.JavaPlugin.<init>(JavaPlugin.java:60) ~[spigot-1.12.2.jar:git-Spigot-79a30d7-f4830a1]
	at minenaruto.narutoplugin.main.Main.<init>(Main.java:56) ~[?:?]
	at jdk.internal.reflect.NativeConstructorAccessorImpl.newInstance0(Native Method) ~[?:?]
	at jdk.internal.reflect.NativeConstructorAccessorImpl.newInstance(NativeConstructorAccessorImpl.java:62) ~[?:?]
	at jdk.internal.reflect.DelegatingConstructorAccessorImpl.newInstance(DelegatingConstructorAccessorImpl.java:45) ~[?:?]
	at java.lang.reflect.Constructor.newInstance(Constructor.java:490) ~[?:?]
	at java.lang.Class.newInstance(Class.java:584) ~[?:?]
	at org.bukkit.plugin.java.PluginClassLoader.<init>(PluginClassLoader.java:90) ~[spigot-1.12.2.jar:git-Spigot-79a30d7-f4830a1]
	at org.bukkit.plugin.java.JavaPluginLoader.loadPlugin(JavaPluginLoader.java:129) ~[spigot-1.12.2.jar:git-Spigot-79a30d7-f4830a1]
	... 6 more
[14:29:18] [Server thread/ERROR]: Could not load 'plugins\Sentinel-2.2.0-SNAPSHOT-b373.jar' in folder 'plugins'
org.bukkit.plugin.UnknownDependencyException: Citizens
	at org.bukkit.plugin.SimplePluginManager.loadPlugins(SimplePluginManager.java:216) [spigot-1.12.2.jar:git-Spigot-79a30d7-f4830a1]
	at org.bukkit.craftbukkit.v1_12_R1.CraftServer.loadPlugins(CraftServer.java:305) [spigot-1.12.2.jar:git-Spigot-79a30d7-f4830a1]
	at net.minecraft.server.v1_12_R1.DedicatedServer.init(DedicatedServer.java:205) [spigot-1.12.2.jar:git-Spigot-79a30d7-f4830a1]
	at net.minecraft.server.v1_12_R1.MinecraftServer.run(MinecraftServer.java:545) [spigot-1.12.2.jar:git-Spigot-79a30d7-f4830a1]
	at java.lang.Thread.run(Thread.java:834) [?:?]
[14:29:18] [Server thread/ERROR]: Could not load 'plugins\Shopkeepers-2.12.0.jar' in folder 'plugins'
org.bukkit.plugin.InvalidPluginException: java.lang.NoSuchMethodError: org.bukkit.UnsafeValues.getDataVersion()I
	at org.bukkit.plugin.java.JavaPluginLoader.loadPlugin(JavaPluginLoader.java:133) ~[spigot-1.12.2.jar:git-Spigot-79a30d7-f4830a1]
	at org.bukkit.plugin.SimplePluginManager.loadPlugin(SimplePluginManager.java:327) ~[spigot-1.12.2.jar:git-Spigot-79a30d7-f4830a1]
	at org.bukkit.plugin.SimplePluginManager.loadPlugins(SimplePluginManager.java:248) [spigot-1.12.2.jar:git-Spigot-79a30d7-f4830a1]
	at org.bukkit.craftbukkit.v1_12_R1.CraftServer.loadPlugins(CraftServer.java:305) [spigot-1.12.2.jar:git-Spigot-79a30d7-f4830a1]
	at net.minecraft.server.v1_12_R1.DedicatedServer.init(DedicatedServer.java:205) [spigot-1.12.2.jar:git-Spigot-79a30d7-f4830a1]
	at net.minecraft.server.v1_12_R1.MinecraftServer.run(MinecraftServer.java:545) [spigot-1.12.2.jar:git-Spigot-79a30d7-f4830a1]
	at java.lang.Thread.run(Thread.java:834) [?:?]
Caused by: java.lang.NoSuchMethodError: org.bukkit.UnsafeValues.getDataVersion()I
	at com.nisovin.shopkeepers.storage.SKShopkeeperStorage.getMinecraftDataVersion(SKShopkeeperStorage.java:118) ~[?:?]
	at com.nisovin.shopkeepers.storage.SKShopkeeperStorage.<init>(SKShopkeeperStorage.java:112) ~[?:?]
	at com.nisovin.shopkeepers.SKShopkeepersPlugin.<init>(SKShopkeepersPlugin.java:112) ~[?:?]
	at jdk.internal.reflect.NativeConstructorAccessorImpl.newInstance0(Native Method) ~[?:?]
	at jdk.internal.reflect.NativeConstructorAccessorImpl.newInstance(NativeConstructorAccessorImpl.java:62) ~[?:?]
	at jdk.internal.reflect.DelegatingConstructorAccessorImpl.newInstance(DelegatingConstructorAccessorImpl.java:45) ~[?:?]
	at java.lang.reflect.Constructor.newInstance(Constructor.java:490) ~[?:?]
	at java.lang.Class.newInstance(Class.java:584) ~[?:?]
	at org.bukkit.plugin.java.PluginClassLoader.<init>(PluginClassLoader.java:90) ~[spigot-1.12.2.jar:git-Spigot-79a30d7-f4830a1]
	at org.bukkit.plugin.java.JavaPluginLoader.loadPlugin(JavaPluginLoader.java:129) ~[spigot-1.12.2.jar:git-Spigot-79a30d7-f4830a1]
	... 6 more
[14:29:18] [Server thread/INFO]: [WorldEdit] Loading WorldEdit v6.1.8-SNAPSHOT;cd4729f
[14:29:18] [Server thread/INFO]: [PlaceholderAPI] Loading PlaceholderAPI v2.10.9
[14:29:18] [Server thread/INFO]: [ClearLag] Loading ClearLag v3.2.2
[14:29:18] [Server thread/INFO]: [PlugMan] Loading PlugMan v2.1.7
[14:29:18] [Server thread/INFO]: [WorldBorder] Loading WorldBorder v2.0.9
[14:29:18] [Server thread/INFO]: [WorldGuard] Loading WorldGuard v6.2.2-SNAPSHOT;8eeab68
[14:29:18] [Server thread/INFO]: [SimpleLay] Loading SimpleLay v1.0.10
[14:29:18] [Server thread/INFO]: [FastAsyncWorldEdit] Loading FastAsyncWorldEdit v1.13-breaking
[14:29:18] [Server thread/INFO]: [Naruto] Loading Naruto v1.13.0
[14:29:18] [Server thread/INFO]: [ViaVersion] Loading ViaVersion v3.2.1
[14:29:18] [Server thread/INFO]: [ViaVersion] ViaVersion 3.2.1 is now loaded, injecting!
[14:29:18] [Via-Mappingloader-0/INFO]: [ViaVersion] Loading 1.12 -> 1.13 mappings...
[14:29:18] [Via-Mappingloader-1/INFO]: [ViaVersion] Loading 1.13 -> 1.13.2 mappings...
[14:29:18] [Via-Mappingloader-2/INFO]: [ViaVersion] Loading 1.13.2 -> 1.14 mappings...
[14:29:18] [Via-Mappingloader-0/INFO]: [ViaVersion] Loading block connection mappings ...
[14:29:18] [Via-Mappingloader-3/INFO]: [ViaVersion] Loading 1.14 -> 1.15 mappings...
[14:29:19] [Server thread/INFO]: [LuckPerms] Loading LuckPerms v5.2.90
[14:29:19] [Via-Mappingloader-4/INFO]: [ViaVersion] Loading 1.15 -> 1.16 mappings...
[14:29:19] [Via-Mappingloader-3/INFO]: [ViaVersion] Loading 1.16 -> 1.16.2 mappings...
[14:29:19] [Server thread/INFO]: [ProtocolLib] Loading ProtocolLib v4.5.1
[14:29:19] [Server thread/INFO]: [SkinsRestorer] Loading SkinsRestorer v14.2.10
[14:29:19] [Server thread/INFO]: [Vault] Loading Vault v1.5.6-b49
[14:29:19] [Server thread/INFO]: [Essentials] Loading Essentials v2.16.1.0
[14:29:19] [Server thread/INFO]: [IllegalStack] Loading IllegalStack v2.2.1a
[14:29:19] [Server thread/INFO]: [HolographicDisplays] Loading HolographicDisplays v2.4.6
[14:29:19] [Server thread/INFO]: [AuctionHouse] Loading AuctionHouse v2.1.12
[14:29:19] [Server thread/INFO]: [EssentialsProtect] Loading EssentialsProtect v2.18.2.0
[14:29:19] [Server thread/INFO]: [TAB] Loading TAB v3.1.5
[14:29:19] [Server thread/INFO]: [BetterRTP] Loading BetterRTP v3.0.4-1
[14:29:19] [Server thread/INFO]: [EssentialsSpawn] Loading EssentialsSpawn v2.18.2.0
[14:29:19] [Server thread/INFO]: [HolographicExtension] Loading HolographicExtension v1.10.9
[14:29:19] [Server thread/INFO]: [LuckPerms] Enabling LuckPerms v5.2.90
[14:29:20] [Server thread/INFO]: [0;36;1m       [0;36;22m __    [m
[14:29:20] [Server thread/INFO]: [0;36;1m  |    [0;36;22m|__)   [0;32;22mLuckPerms[m [0;36;1mv5.2.90[m
[14:29:20] [Server thread/INFO]: [0;36;1m  |___ [0;36;22m|      [0;30;1mRunning on Bukkit - CraftBukkit[m
[14:29:20] [Server thread/INFO]: [m
[14:29:20] [Server thread/INFO]: [LuckPerms] Loading configuration...
[14:29:20] [Server thread/INFO]: [LuckPerms] Loading storage provider... [SPLIT STORAGE]
[14:29:20] [Server thread/INFO]: [LuckPerms] Loading internal permission managers...
[14:29:20] [Server thread/INFO]: [LuckPerms] Performing initial data load...
[14:29:21] [Server thread/INFO]: [LuckPerms] Successfully enabled. (took 1046ms)
[14:29:21] [Server thread/INFO]: [ProtocolLib] Enabling ProtocolLib v4.5.1
[14:29:21] [Server thread/INFO]: [ProtocolLib] Started structure compiler thread.
[14:29:21] [Server thread/INFO]: [Vault] Enabling Vault v1.5.6-b49
[14:29:21] [Server thread/INFO]: [Vault] [Economy] Essentials Economy found: Waiting
[14:29:21] [Server thread/INFO]: [Vault] [Permission] SuperPermissions loaded as backup permission system.
[14:29:21] [Server thread/INFO]: [Vault] Enabled Version 1.5.6-b49
[14:29:21] [Server thread/INFO]: [LuckPerms] Registered Vault permission & chat hook.
[14:29:21] [Server thread/WARN]: **** SERVER IS RUNNING IN OFFLINE/INSECURE MODE!
[14:29:21] [Server thread/WARN]: The server will make no attempt to authenticate usernames. Beware.
[14:29:21] [Server thread/WARN]: While this makes the game possible to play without internet access, it also opens up the ability for hackers to connect with any username they choose.
[14:29:21] [Server thread/WARN]: To change this, set "online-mode" to "true" in the server.properties file.
[14:29:21] [Server thread/INFO]: **** Beginning UUID conversion, this may take A LONG time ****
[14:29:21] [Server thread/INFO]: Preparing level "world"
[14:29:21] [Server thread/INFO]: -------- World Settings For [world] --------
[14:29:21] [Server thread/INFO]: Item Despawn Rate: 6000
[14:29:21] [Server thread/INFO]: Item Merge Radius: 2.5
[14:29:21] [Server thread/INFO]: Allow Zombie Pigmen to spawn from portal blocks: true
[14:29:21] [Server thread/INFO]: Arrow Despawn Rate: 1200
[14:29:21] [Server thread/INFO]: View Distance: 7
[14:29:21] [Server thread/INFO]: Experience Merge Radius: 3.0
[14:29:21] [Server thread/INFO]: Nerfing mobs spawned from spawners: false
[14:29:21] [Server thread/INFO]: Zombie Aggressive Towards Villager: true
[14:29:21] [Server thread/INFO]: Mob Spawn Range: 4
[14:29:21] [Server thread/INFO]: Custom Map Seeds:  Village: 10387312 Feature: 14357617 Monument: 10387313 Slime: 987234911
[14:29:21] [Server thread/INFO]: Tile Max Tick Time: 50ms Entity max Tick Time: 50ms
[14:29:21] [Server thread/INFO]: Max TNT Explosions: 100
[14:29:21] [Server thread/INFO]: Hopper Transfer: 8 Hopper Check: 1 Hopper Amount: 1
[14:29:21] [Server thread/INFO]: Structure Info Saving: true
[14:29:21] [Server thread/INFO]: Random Lighting Updates: false
[14:29:21] [Server thread/INFO]: Entity Tracking Range: Pl 48 / An 48 / Mo 48 / Mi 32 / Other 64
[14:29:21] [Server thread/INFO]: Cactus Growth Modifier: 100%
[14:29:21] [Server thread/INFO]: Cane Growth Modifier: 100%
[14:29:21] [Server thread/INFO]: Melon Growth Modifier: 100%
[14:29:21] [Server thread/INFO]: Mushroom Growth Modifier: 100%
[14:29:21] [Server thread/INFO]: Pumpkin Growth Modifier: 100%
[14:29:21] [Server thread/INFO]: Sapling Growth Modifier: 100%
[14:29:21] [Server thread/INFO]: Wheat Growth Modifier: 100%
[14:29:21] [Server thread/INFO]: NetherWart Growth Modifier: 100%
[14:29:21] [Server thread/INFO]: Vine Growth Modifier: 100%
[14:29:21] [Server thread/INFO]: Cocoa Growth Modifier: 100%
[14:29:21] [Server thread/INFO]: Entity Activation Range: An 32 / Mo 32 / Mi 16 / Tiv true
[14:29:22] [Server thread/INFO]: -------- World Settings For [world_the_end] --------
[14:29:22] [Server thread/INFO]: Item Despawn Rate: 6000
[14:29:22] [Server thread/INFO]: Item Merge Radius: 2.5
[14:29:22] [Server thread/INFO]: Allow Zombie Pigmen to spawn from portal blocks: true
[14:29:22] [Server thread/INFO]: Arrow Despawn Rate: 1200
[14:29:22] [Server thread/INFO]: View Distance: 7
[14:29:22] [Server thread/INFO]: Experience Merge Radius: 3.0
[14:29:22] [Server thread/INFO]: Nerfing mobs spawned from spawners: false
[14:29:22] [Server thread/INFO]: Zombie Aggressive Towards Villager: true
[14:29:22] [Server thread/INFO]: Mob Spawn Range: 4
[14:29:22] [Server thread/INFO]: Custom Map Seeds:  Village: 10387312 Feature: 14357617 Monument: 10387313 Slime: 987234911
[14:29:22] [Server thread/INFO]: Tile Max Tick Time: 50ms Entity max Tick Time: 50ms
[14:29:22] [Server thread/INFO]: Max TNT Explosions: 100
[14:29:22] [Server thread/INFO]: Hopper Transfer: 8 Hopper Check: 1 Hopper Amount: 1
[14:29:22] [Server thread/INFO]: Structure Info Saving: true
[14:29:22] [Server thread/INFO]: Random Lighting Updates: false
[14:29:22] [Server thread/INFO]: Entity Tracking Range: Pl 48 / An 48 / Mo 48 / Mi 32 / Other 64
[14:29:22] [Server thread/INFO]: Cactus Growth Modifier: 100%
[14:29:22] [Server thread/INFO]: Cane Growth Modifier: 100%
[14:29:22] [Server thread/INFO]: Melon Growth Modifier: 100%
[14:29:22] [Server thread/INFO]: Mushroom Growth Modifier: 100%
[14:29:22] [Server thread/INFO]: Pumpkin Growth Modifier: 100%
[14:29:22] [Server thread/INFO]: Sapling Growth Modifier: 100%
[14:29:22] [Server thread/INFO]: Wheat Growth Modifier: 100%
[14:29:22] [Server thread/INFO]: NetherWart Growth Modifier: 100%
[14:29:22] [Server thread/INFO]: Vine Growth Modifier: 100%
[14:29:22] [Server thread/INFO]: Cocoa Growth Modifier: 100%
[14:29:22] [Server thread/INFO]: Entity Activation Range: An 32 / Mo 32 / Mi 16 / Tiv true
[14:29:22] [Server thread/INFO]: Preparing start region for level 0 (Seed: -4970056024693801974)
[14:29:22] [User Authenticator #1/INFO]: UUID of player see1 is db936ff2-7690-381c-b127-ad929f15e95b
[14:29:23] [Server thread/INFO]: Preparing spawn area: 64%
[14:29:23] [Server thread/INFO]: Preparing start region for level 1 (Seed: -4970056024693801974)
[14:29:23] [Server thread/INFO]: [WorldEdit] Enabling WorldEdit v6.1.8-SNAPSHOT;cd4729f
[14:29:24] [Server thread/INFO]: WEPIF: Using the Bukkit Permissions API.
[14:29:24] [Server thread/INFO]: [WorldEdit] Using com.sk89q.worldedit.bukkit.adapter.impl.Spigot_v1_12_R2 as the Bukkit adapter
[14:29:24] [Server thread/ERROR]: Error occurred while enabling WorldEdit v6.1.8-SNAPSHOT;cd4729f (Is it up to date?)
java.lang.ArrayIndexOutOfBoundsException: Index 1 out of bounds for length 1
	at com.sk89q.worldedit.util.Java8Detector.notifyIfNot8(Java8Detector.java:28) ~[?:?]
	at com.sk89q.worldedit.bukkit.WorldEditPlugin.onEnable(WorldEditPlugin.java:124) ~[?:?]
	at org.bukkit.plugin.java.JavaPlugin.setEnabled(JavaPlugin.java:264) ~[spigot-1.12.2.jar:git-Spigot-79a30d7-f4830a1]
	at org.bukkit.plugin.java.JavaPluginLoader.enablePlugin(JavaPluginLoader.java:337) [spigot-1.12.2.jar:git-Spigot-79a30d7-f4830a1]
	at org.bukkit.plugin.SimplePluginManager.enablePlugin(SimplePluginManager.java:403) [spigot-1.12.2.jar:git-Spigot-79a30d7-f4830a1]
	at org.bukkit.craftbukkit.v1_12_R1.CraftServer.enablePlugin(CraftServer.java:381) [spigot-1.12.2.jar:git-Spigot-79a30d7-f4830a1]
	at org.bukkit.craftbukkit.v1_12_R1.CraftServer.enablePlugins(CraftServer.java:330) [spigot-1.12.2.jar:git-Spigot-79a30d7-f4830a1]
	at net.minecraft.server.v1_12_R1.MinecraftServer.t(MinecraftServer.java:422) [spigot-1.12.2.jar:git-Spigot-79a30d7-f4830a1]
	at net.minecraft.server.v1_12_R1.MinecraftServer.l(MinecraftServer.java:383) [spigot-1.12.2.jar:git-Spigot-79a30d7-f4830a1]
	at net.minecraft.server.v1_12_R1.MinecraftServer.a(MinecraftServer.java:338) [spigot-1.12.2.jar:git-Spigot-79a30d7-f4830a1]
	at net.minecraft.server.v1_12_R1.DedicatedServer.init(DedicatedServer.java:272) [spigot-1.12.2.jar:git-Spigot-79a30d7-f4830a1]
	at net.minecraft.server.v1_12_R1.MinecraftServer.run(MinecraftServer.java:545) [spigot-1.12.2.jar:git-Spigot-79a30d7-f4830a1]
	at java.lang.Thread.run(Thread.java:834) [?:?]
[14:29:24] [Server thread/INFO]: [PlaceholderAPI] Enabling PlaceholderAPI v2.10.9
[14:29:24] [Server thread/INFO]: [PlaceholderAPI] Fetching available expansion information...
[14:29:24] [Server thread/INFO]: [ClearLag] Enabling ClearLag v3.2.2
[14:29:24] [Server thread/INFO]: [ClearLag] Using version-adapter: LegacyVersionAdapter
[14:29:24] [Server thread/INFO]: [ClearLag] Loading modules...
[14:29:24] [Server thread/INFO]: [ClearLag] Modules enabed, loading config values
[14:29:24] [Server thread/INFO]: [ClearLag] Modules have been loaded!
[14:29:24] [Server thread/INFO]: [ClearLag] Clearlag is now enabled!
[14:29:24] [Server thread/INFO]: [PlugMan] Enabling PlugMan v2.1.7
[14:29:24] [Server thread/INFO]: [WorldBorder] Enabling WorldBorder v2.0.9
[14:29:24] [Thread-8/INFO]: [ClearLag] Checking for updates compatible with your bukkit version [1.12]...
[14:29:24] [Server thread/INFO]: [WorldBorder] [CONFIG] Using rectangular/square border, knockback of 3.0 blocks, and timer delay of 5.
[14:29:24] [Server thread/INFO]: [WorldBorder] [CONFIG] Border-checking timed task started.
[14:29:24] [Server thread/INFO]: [WorldBorder] For reference, the main world's spawn location is at X: 124,0 Y: 64,0 Z: 248,0
[14:29:24] [Server thread/INFO]: [WorldGuard] Enabling WorldGuard v6.2.2-SNAPSHOT;8eeab68
[14:29:24] [Server thread/INFO]: [WorldGuard] (world) TNT ignition is PERMITTED.
[14:29:24] [Server thread/INFO]: [WorldGuard] (world) Lighters are PERMITTED.
[14:29:24] [Server thread/INFO]: [WorldGuard] (world) Lava fire is PERMITTED.
[14:29:24] [Server thread/INFO]: [WorldGuard] (world) Fire spread is UNRESTRICTED.
[14:29:24] [Server thread/INFO]: [WorldGuard] Loaded configuration for world 'world'
[14:29:24] [Server thread/INFO]: [WorldGuard] (world_the_end) TNT ignition is PERMITTED.
[14:29:24] [Server thread/INFO]: [WorldGuard] (world_the_end) Lighters are PERMITTED.
[14:29:24] [Server thread/INFO]: [WorldGuard] (world_the_end) Lava fire is PERMITTED.
[14:29:24] [Server thread/INFO]: [WorldGuard] (world_the_end) Fire spread is UNRESTRICTED.
[14:29:24] [Server thread/INFO]: [WorldGuard] Loaded configuration for world 'world_the_end'
[14:29:24] [Server thread/INFO]: [WorldGuard] Loading region data...
[14:29:24] [Server thread/WARN]: [WorldGuard] Failed to parse flag 'weather-lock' with value 'clear'
[14:29:24] [Server thread/INFO]: [SimpleLay] Enabling SimpleLay v1.0.10
[14:29:24] [Server thread/INFO]: [FastAsyncWorldEdit] Enabling FastAsyncWorldEdit v1.13-breaking
[14:29:24] [Server thread/INFO]: [Naruto] Enabling Naruto v1.13.0
[14:29:24] [Thread-8/INFO]: [ClearLag] No updates found!
[14:29:24] [Server thread/INFO]: [ViaVersion] Enabling ViaVersion v3.2.1
[14:29:25] [Server thread/INFO]: [SkinsRestorer] Enabling SkinsRestorer v14.2.10
[14:29:25] [Server thread/INFO]: [33;1m[[32;22mSkinsRestorer[33;1m] [0;39m[32;1mDetected Minecraft [33;1mv1_12_R1[32;1m, using [33;1mSpigotSkinRefresher[32;1m.[0;39m[m
[14:29:25] [Server thread/INFO]: [Essentials] Enabling Essentials v2.16.1.0
[14:29:25] [Server thread/WARN]: [Essentials] §4Version mismatch! Please update EssentialsProtect to the same version.
[14:29:25] [Server thread/WARN]: [Essentials] §4Version mismatch! Please update EssentialsSpawn to the same version.
[14:29:26] [Server thread/INFO]: Attempting to convert old kits in config.yml to new kits.yml
[14:29:26] [Server thread/INFO]: No kits found to migrate.
[14:29:26] [Server thread/INFO]: [Essentials] Using legacy item data provider as mob spawner provider.
[14:29:26] [Server thread/INFO]: [Essentials] Using Reflection based provider as spawn egg provider.
[14:29:26] [Server thread/INFO]: [Essentials] Using 1.9+ BasePotionData provider as potion meta provider.
[14:29:26] [Server thread/INFO]: Loaded 852 items from items.csv.
[14:29:26] [Server thread/INFO]: Using locale ru
[14:29:26] [Server thread/INFO]: [Essentials] ServerListPingEvent: Spigot iterator API
[14:29:26] [Server thread/INFO]: [Essentials] Starting Metrics. Opt-out using the global bStats config.
[14:29:26] [Server thread/INFO]: [Vault][Economy] Essentials Economy hooked.
[14:29:26] [Server thread/INFO]: [Essentials] Using Vault based permissions (LuckPerms)
[14:29:26] [Server thread/INFO]: [IllegalStack] Enabling IllegalStack v2.2.1a
[14:29:26] [Server thread/INFO]: §cThe following materials are allowed to have stacks larger than the vanilla size: POTION 
[14:29:26] [Server thread/INFO]: [IllegalStack] Chat Components found! Enabling clickable commands in /istack
[14:29:26] [Server thread/INFO]: [IllegalStack] - Spigot chat components NOT found! disabling chat components.
[14:29:26] [Server thread/INFO]: [Illegal Stack] - MC Version < 1.13 detected!
[14:29:27] [Server thread/INFO]: [HolographicDisplays] Enabling HolographicDisplays v2.4.6
[14:29:27] [Server thread/INFO]: [HolographicDisplays] Enabled player relative placeholders with ProtocolLib.
[14:29:27] [Server thread/INFO]: [AuctionHouse] Enabling AuctionHouse v2.1.12
[14:29:27] [Server thread/INFO]: [AuctionHouse] Found locale file en_us.json
[14:29:27] [Server thread/WARN]: [AuctionHouse] [1;33mA backup of the database has been saved with .backup extension.[0m
[14:29:27] [Server thread/INFO]: [AuctionHouse] Using NMS version v1_12_R1
[14:29:27] [Server thread/ERROR]: [AuctionHouse] [1;31mError! This plugin only supports Spigot versions 1.13.2+![0m
[14:29:27] [Server thread/ERROR]: [AuctionHouse] [1;31mPlease download the AuctionHouse-Retro plugin for 1.8.8 support![0m
[14:29:27] [Server thread/ERROR]: [AuctionHouse] [1;31mPlease download the AuctionHouse-Legacy plugin for 1.9.4-1.12.2 support![0m
[14:29:27] [Server thread/ERROR]: [AuctionHouse] [1;31mPlugin will be disabled![0m
[14:29:27] [Server thread/INFO]: [AuctionHouse] Disabling AuctionHouse v2.1.12
[14:29:27] [Server thread/INFO]: [AuctionHouse] Saving auctions data
[14:29:27] [Server thread/INFO]: [EssentialsProtect] Enabling EssentialsProtect v2.18.2.0
[14:29:27] [Server thread/INFO]: [EssentialsProtect] Continuing to enable Protect.
[14:29:27] [Server thread/WARN]: §c§lDayZ §8| §fВерсии не совпадают! Обнови все компоненты Essentials до актуальной версии.
[14:29:27] [Server thread/ERROR]: Error occurred while enabling EssentialsProtect v2.18.2.0 (Is it up to date?)
java.lang.NoSuchFieldError: v1_14_R01
	at com.earth2me.essentials.protect.EssentialsProtect.initialize(EssentialsProtect.java:55) ~[?:?]
	at com.earth2me.essentials.protect.EssentialsProtect.onEnable(EssentialsProtect.java:34) ~[?:?]
	at org.bukkit.plugin.java.JavaPlugin.setEnabled(JavaPlugin.java:264) ~[spigot-1.12.2.jar:git-Spigot-79a30d7-f4830a1]
	at org.bukkit.plugin.java.JavaPluginLoader.enablePlugin(JavaPluginLoader.java:337) [spigot-1.12.2.jar:git-Spigot-79a30d7-f4830a1]
	at org.bukkit.plugin.SimplePluginManager.enablePlugin(SimplePluginManager.java:403) [spigot-1.12.2.jar:git-Spigot-79a30d7-f4830a1]
	at org.bukkit.craftbukkit.v1_12_R1.CraftServer.enablePlugin(CraftServer.java:381) [spigot-1.12.2.jar:git-Spigot-79a30d7-f4830a1]
	at org.bukkit.craftbukkit.v1_12_R1.CraftServer.enablePlugins(CraftServer.java:330) [spigot-1.12.2.jar:git-Spigot-79a30d7-f4830a1]
	at net.minecraft.server.v1_12_R1.MinecraftServer.t(MinecraftServer.java:422) [spigot-1.12.2.jar:git-Spigot-79a30d7-f4830a1]
	at net.minecraft.server.v1_12_R1.MinecraftServer.l(MinecraftServer.java:383) [spigot-1.12.2.jar:git-Spigot-79a30d7-f4830a1]
	at net.minecraft.server.v1_12_R1.MinecraftServer.a(MinecraftServer.java:338) [spigot-1.12.2.jar:git-Spigot-79a30d7-f4830a1]
	at net.minecraft.server.v1_12_R1.DedicatedServer.init(DedicatedServer.java:272) [spigot-1.12.2.jar:git-Spigot-79a30d7-f4830a1]
	at net.minecraft.server.v1_12_R1.MinecraftServer.run(MinecraftServer.java:545) [spigot-1.12.2.jar:git-Spigot-79a30d7-f4830a1]
	at java.lang.Thread.run(Thread.java:834) [?:?]
[14:29:27] [Server thread/INFO]: [TAB] Enabling TAB v3.1.5
[14:29:27] [Server thread/INFO]: [TAB] Server version: 1.12.2 (v1_12_R1)[m
[14:29:27] [Server thread/INFO]: [TAB] Loaded NMS hook in 25ms[m
[14:29:27] [Server thread/INFO]: [TAB] [0;31;1mAn outdated version of ViaVersion (3.2.1) was detected.[m
[14:29:27] [Server thread/INFO]: [TAB] [0;31;1mTAB only supports ViaVersion 4.0.0 and above. Disabling ViaVersion hook.[m
[14:29:27] [Server thread/INFO]: [TAB] [0;31;1mThis might cause problems, such as limitations still being present for latest MC clients as well as RGB not working.[m
[14:29:27] [Server thread/INFO]: [PlaceholderAPI] Successfully registered expansion: tab
[14:29:27] [Server thread/INFO]: [TAB] [0;32;1mEnabled in 281ms[m
[14:29:27] [Server thread/INFO]: [BetterRTP] Enabling BetterRTP v3.0.4-1
[14:29:28] [Server thread/INFO]: [EssentialsSpawn] Enabling EssentialsSpawn v2.18.2.0
[14:29:28] [Server thread/WARN]: [EssentialsSpawn] §c§lDayZ §8| §fВерсии не совпадают! Обнови все компоненты Essentials до актуальной версии.
[14:29:28] [Server thread/ERROR]: Error occurred while enabling EssentialsSpawn v2.18.2.0 (Is it up to date?)
java.lang.NoClassDefFoundError: com/earth2me/essentials/metrics/MetricsWrapper
	at com.earth2me.essentials.spawn.EssentialsSpawn.onEnable(EssentialsSpawn.java:53) ~[?:?]
	at org.bukkit.plugin.java.JavaPlugin.setEnabled(JavaPlugin.java:264) ~[spigot-1.12.2.jar:git-Spigot-79a30d7-f4830a1]
	at org.bukkit.plugin.java.JavaPluginLoader.enablePlugin(JavaPluginLoader.java:337) [spigot-1.12.2.jar:git-Spigot-79a30d7-f4830a1]
	at org.bukkit.plugin.SimplePluginManager.enablePlugin(SimplePluginManager.java:403) [spigot-1.12.2.jar:git-Spigot-79a30d7-f4830a1]
	at org.bukkit.craftbukkit.v1_12_R1.CraftServer.enablePlugin(CraftServer.java:381) [spigot-1.12.2.jar:git-Spigot-79a30d7-f4830a1]
	at org.bukkit.craftbukkit.v1_12_R1.CraftServer.enablePlugins(CraftServer.java:330) [spigot-1.12.2.jar:git-Spigot-79a30d7-f4830a1]
	at net.minecraft.server.v1_12_R1.MinecraftServer.t(MinecraftServer.java:422) [spigot-1.12.2.jar:git-Spigot-79a30d7-f4830a1]
	at net.minecraft.server.v1_12_R1.MinecraftServer.l(MinecraftServer.java:383) [spigot-1.12.2.jar:git-Spigot-79a30d7-f4830a1]
	at net.minecraft.server.v1_12_R1.MinecraftServer.a(MinecraftServer.java:338) [spigot-1.12.2.jar:git-Spigot-79a30d7-f4830a1]
	at net.minecraft.server.v1_12_R1.DedicatedServer.init(DedicatedServer.java:272) [spigot-1.12.2.jar:git-Spigot-79a30d7-f4830a1]
	at net.minecraft.server.v1_12_R1.MinecraftServer.run(MinecraftServer.java:545) [spigot-1.12.2.jar:git-Spigot-79a30d7-f4830a1]
	at java.lang.Thread.run(Thread.java:834) [?:?]
Caused by: java.lang.ClassNotFoundException: com.earth2me.essentials.metrics.MetricsWrapper
	at java.net.URLClassLoader.findClass(URLClassLoader.java:471) ~[?:?]
	at org.bukkit.plugin.java.PluginClassLoader.findClass(PluginClassLoader.java:152) ~[spigot-1.12.2.jar:git-Spigot-79a30d7-f4830a1]
	at org.bukkit.plugin.java.PluginClassLoader.findClass(PluginClassLoader.java:100) ~[spigot-1.12.2.jar:git-Spigot-79a30d7-f4830a1]
	at java.lang.ClassLoader.loadClass(ClassLoader.java:588) ~[?:?]
	at java.lang.ClassLoader.loadClass(ClassLoader.java:521) ~[?:?]
	... 12 more
[14:29:28] [Server thread/INFO]: [HolographicExtension] Enabling HolographicExtension v1.10.9
[14:29:28] [Server thread/INFO]: [0;33;1m[HolographicExtension] [0;37;1mStarting HolographicExtension v1.10.9[m
[14:29:28] [Server thread/INFO]: [0;33;1m[HolographicExtension] [0;37;22mRegistering placeholder 'example' from config.[m
[14:29:28] [Server thread/INFO]: [0;33;1m[HolographicExtension] [0;37;22mRegistering placeholder 'scroller' from config.[m
[14:29:28] [Server thread/INFO]: [0;33;1m[HolographicExtension] [0;37;22mRegistering placeholder 'typing' from config.[m
[14:29:28] [Server thread/INFO]: [0;33;1m[HolographicExtension] [0;37;22mRegistering placeholder 'rainbow' from config.[m
[14:29:28] [Server thread/INFO]: Server permissions file permissions.yml is empty, ignoring it
[14:29:28] [Server thread/INFO]: Done (7,733s)! For help, type "help" or "?"
[14:29:28] [Server thread/INFO]: [ViaVersion] ViaVersion detected server version: 1.12.2(340)
[14:29:28] [Server thread/WARN]: [HolographicDisplays] Hologram 'forest-greeting' was in the world 'forest' but it wasn't loaded.
[14:29:28] [Server thread/WARN]: [HolographicDisplays] Hologram 'shinoby' was in the world 'forest' but it wasn't loaded.
[14:29:28] [Server thread/WARN]: [HolographicDisplays] Hologram 'madara' was in the world 'cave' but it wasn't loaded.
[14:29:28] [Server thread/WARN]: [HolographicDisplays] Hologram 'oocucuki' was in the world 'arena' but it wasn't loaded.
[14:29:28] [Server thread/INFO]: [PlaceholderAPI] Placeholder expansion registration initializing...
[14:29:29] [Server thread/INFO]: [ViaVersion] Finished mapping loading, shutting down loader executor!
[14:29:29] [Server thread/INFO]: [PlaceholderAPI] Successfully registered expansion: bungee
[14:29:29] [Server thread/INFO]: [PlaceholderAPI] Successfully registered expansion: vault
[14:29:29] [Server thread/INFO]: 2[0;32;1m placeholder hooks successfully registered![m
[14:29:29] [Craft Scheduler Thread - 8/INFO]: [Vault] Checking for Updates ... 
[14:29:29] [Craft Scheduler Thread - 8/INFO]: [Vault] There was an issue attempting to check for the latest version.
[14:29:29] [Craft Scheduler Thread - 8/INFO]: [Vault] No new version available
[14:29:29] [Craft Scheduler Thread - 3/INFO]: [33;1m[[32;22mSkinsRestorer[33;1m] [0;39m[32;1m----------------------------------------------[0;39m[m
[14:29:29] [Craft Scheduler Thread - 3/INFO]: [33;1m[[32;22mSkinsRestorer[33;1m] [0;39m[32;1m    +==================+[0;39m[m
[14:29:29] [Craft Scheduler Thread - 3/INFO]: [33;1m[[32;22mSkinsRestorer[33;1m] [0;39m[32;1m    |   SkinsRestorer  |[0;39m[m
[14:29:29] [Craft Scheduler Thread - 3/INFO]: [33;1m[[32;22mSkinsRestorer[33;1m] [0;39m[32;1m    |------------------|[0;39m[m
[14:29:29] [Craft Scheduler Thread - 3/INFO]: [33;1m[[32;22mSkinsRestorer[33;1m] [0;39m[32;1m    |  [34;1m[4m[21mStandalone Mode[0;39m[32;1m |[0;39m[m
[14:29:29] [Craft Scheduler Thread - 3/INFO]: [33;1m[[32;22mSkinsRestorer[33;1m] [0;39m[32;1m    +==================+[0;39m[m
[14:29:29] [Craft Scheduler Thread - 3/INFO]: [33;1m[[32;22mSkinsRestorer[33;1m] [0;39m[32;1m----------------------------------------------[0;39m[m
[14:29:29] [Craft Scheduler Thread - 3/INFO]: [33;1m[[32;22mSkinsRestorer[33;1m] [0;39m[36;1m    Current version: [32;1m14.2.10[0;39m[m
[14:29:29] [Craft Scheduler Thread - 3/INFO]: [33;1m[[32;22mSkinsRestorer[33;1m] [0;39m[32;1m    This is the latest version![0;39m[m
[14:29:29] [Craft Scheduler Thread - 3/INFO]: [33;1m[[32;22mSkinsRestorer[33;1m] [0;39m[32;1m----------------------------------------------[0;39m[m
[14:29:29] [Server thread/INFO]: see1[/127.0.0.1:52147] logged in with entity id 66 at ([world]217.08171412079713, 74.74918707874468, -315.8814351486723)
[14:29:29] [Server thread/INFO]: [HolographicDisplays] Found a new version available: v3.0.1
[14:29:29] [Server thread/INFO]: [HolographicDisplays] Download it on Bukkit Dev:
[14:29:29] [Server thread/INFO]: [HolographicDisplays] dev.bukkit.org/projects/holographic-displays
[14:29:29] [Server thread/INFO]: [PlaceholderAPI] An update for PlaceholderAPI (v2.11.3) is available at:
[14:29:29] [Server thread/INFO]: [PlaceholderAPI] https://www.spigotmc.org/resources/placeholderapi.6245/
[14:29:29] [Server thread/WARN]: [ViaVersion] There is a newer version available: 4.6.2, you're on: 3.2.1
[14:29:32] [Craft Scheduler Thread - 0/ERROR]: [33;1m[[32;22mSkinsRestorer[33;1m] [0;39mOutdated ViaVersion found! Please update to at least ViaVersion 4.0.0 for SkinsRestorer to work again![0;39m
[14:29:36] [Server thread/INFO]: see1 issued server command: /narutois list
[14:29:39] [Server thread/INFO]: see1 issued server command: /clear
[14:29:45] [Server thread/INFO]: see1 issued server command: /narutois list
[14:29:50] [Server thread/INFO]: see1 issued server command: /narutois item 2
[14:29:51] [Server thread/INFO]: see1 issued server command: /narutois item 5
[14:29:52] [Server thread/INFO]: see1 issued server command: /narutois item 6
[14:29:53] [Server thread/INFO]: see1 issued server command: /narutois item 7
[14:29:54] [Server thread/INFO]: see1 issued server command: /narutois item 8
[14:29:55] [Server thread/INFO]: see1 issued server command: /narutois item 9
[14:29:56] [Server thread/INFO]: see1 issued server command: /narutois item 10
[14:29:58] [Server thread/INFO]: see1 issued server command: /narutois item 11
[14:30:00] [Server thread/INFO]: RIGHT_CLICK_BLOCK
[14:30:01] [Server thread/INFO]: RIGHT_CLICK_BLOCK
[14:30:03] [Server thread/INFO]: RIGHT_CLICK_AIR
[14:30:04] [Server thread/INFO]: RIGHT_CLICK_BLOCK
[14:30:06] [Server thread/INFO]: RIGHT_CLICK_AIR
[14:30:07] [Server thread/INFO]: RIGHT_CLICK_AIR
[14:30:12] [Server thread/INFO]: see1 issued server command: /spawnmob 10
[14:30:16] [Server thread/INFO]: see1 issued server command: /spawnmob zombie 10
[14:30:17] [Server thread/INFO]: see1 issued server command: /spawnmob zombie 10
[14:30:20] [Server thread/INFO]: zf
[14:30:20] [Server thread/INFO]: zf
[14:30:25] [Server thread/INFO]: RIGHT_CLICK_AIR
[14:30:32] [Craft Scheduler Thread - 5/ERROR]: [33;1m[[32;22mSkinsRestorer[33;1m] [0;39mOutdated ViaVersion found! Please update to at least ViaVersion 4.0.0 for SkinsRestorer to work again![0;39m
[14:30:33] [Server thread/INFO]: zf
[14:30:34] [Server thread/INFO]: RIGHT_CLICK_BLOCK
[14:30:41] [Server thread/INFO]: zf
[14:30:42] [Server thread/INFO]: RIGHT_CLICK_AIR
[14:30:44] [Server thread/INFO]: zf
[14:30:45] [Server thread/INFO]: RIGHT_CLICK_BLOCK
[14:30:48] [Server thread/INFO]: zf
[14:30:52] [Server thread/INFO]: see1 issued server command: /narutois list
[14:30:57] [Server thread/INFO]: see1 issued server command: /narutois item 1
[14:31:00] [Server thread/INFO]: RIGHT_CLICK_AIR
[14:31:03] [Server thread/INFO]: see1 issued server command: /narutois list
[14:31:04] [Server thread/INFO]: see1 issued server command: /narutois list 2
[14:31:09] [Server thread/INFO]: see1 issued server command: /narutois item 9
[14:31:14] [Server thread/INFO]: see1 issued server command: /speed fly see1 1
[14:31:21] [Server thread/INFO]: see1 issued server command: /speed fly 1 see1
[14:31:24] [Server thread/INFO]: RIGHT_CLICK_AIR
[14:31:31] [Server thread/INFO]: RIGHT_CLICK_AIR
[14:31:32] [Craft Scheduler Thread - 5/ERROR]: [33;1m[[32;22mSkinsRestorer[33;1m] [0;39mOutdated ViaVersion found! Please update to at least ViaVersion 4.0.0 for SkinsRestorer to work again![0;39m
[14:31:39] [Server thread/INFO]: see1 issued server command: /narutois list
[14:31:47] [Server thread/INFO]: see1 issued server command: /narutois item 13
[14:31:48] [Server thread/INFO]: see1 issued server command: /narutois item 12
[14:31:57] [Server thread/INFO]: see1 issued server command: /spawnmob zombie 10
[14:31:58] [Server thread/INFO]: zf
[14:31:58] [Server thread/INFO]: zf
[14:32:09] [Server thread/INFO]: see1 issued server command: /narutois item 14
[14:32:16] [Server thread/INFO]: see1 issued server command: /spawnmob zombie 10
[14:32:17] [Server thread/INFO]: RIGHT_CLICK_AIR
[14:32:19] [Server thread/INFO]: RIGHT_CLICK_AIR
[14:32:27] [Server thread/INFO]: see1 issued server command: /narutois item 15
[14:32:29] [Server thread/INFO]: see1 issued server command: /narutois item 17
[14:32:32] [Server thread/INFO]: RIGHT_CLICK_AIR
[14:32:32] [Craft Scheduler Thread - 5/ERROR]: [33;1m[[32;22mSkinsRestorer[33;1m] [0;39mOutdated ViaVersion found! Please update to at least ViaVersion 4.0.0 for SkinsRestorer to work again![0;39m
[14:32:36] [Server thread/WARN]: see1 was kicked for floating too long!
[14:32:36] [Server thread/INFO]: see1 lost connection: Flying is not enabled on this server
[14:32:36] [Server thread/INFO]: see1 left the game
[14:32:36] [Server thread/WARN]: handleDisconnection() called twice
[14:32:39] [User Authenticator #2/INFO]: UUID of player see1 is db936ff2-7690-381c-b127-ad929f15e95b
[14:32:39] [Server thread/INFO]: see1[/127.0.0.1:52231] logged in with entity id 382 at ([world]207.5862098863869, 89.04575726314923, -426.7598444362358)
[14:32:45] [Async Chat Thread - #0/INFO]: <see1> потом пофикшу[m
[14:32:49] [Server thread/INFO]: RIGHT_CLICK_AIR
[14:32:54] [Server thread/INFO]: see1 issued server command: /narutois list
[14:33:03] [Server thread/INFO]: see1 issued server command: /narutois item 18
[14:33:07] [Server thread/INFO]: RIGHT_CLICK_AIR
[14:33:16] [Server thread/INFO]: see1 issued server command: /narutois item 18
[14:33:18] [Server thread/INFO]: RIGHT_CLICK_AIR
[14:33:27] [Server thread/INFO]: see1 issued server command: /narutois item 20
[14:33:29] [Server thread/INFO]: RIGHT_CLICK_BLOCK
[14:33:33] [Craft Scheduler Thread - 13/ERROR]: [33;1m[[32;22mSkinsRestorer[33;1m] [0;39mOutdated ViaVersion found! Please update to at least ViaVersion 4.0.0 for SkinsRestorer to work again![0;39m
[14:33:37] [Server thread/INFO]: see1 issued server command: /narutois item 22
[14:33:39] [Server thread/INFO]: RIGHT_CLICK_AIR
[14:33:41] [Server thread/INFO]: RIGHT_CLICK_AIR
[14:33:45] [Server thread/INFO]: RIGHT_CLICK_AIR
[14:33:50] [Server thread/INFO]: see1 issued server command: /narutois item 23
[14:33:51] [Server thread/INFO]: RIGHT_CLICK_AIR
[14:33:56] [Server thread/INFO]: see1 issued server command: /narutois item 24
[14:34:01] [Server thread/INFO]: see1 issued server command: /narutois item 27
[14:34:03] [Server thread/INFO]: RIGHT_CLICK_AIR
[14:34:04] [Server thread/INFO]: RIGHT_CLICK_AIR
[14:34:06] [Server thread/INFO]: RIGHT_CLICK_AIR
[14:34:08] [Server thread/INFO]: RIGHT_CLICK_BLOCK
[14:34:09] [Server thread/INFO]: RIGHT_CLICK_AIR
[14:34:16] [Server thread/INFO]: see1 issued server command: /narutois item 28
[14:34:21] [Server thread/INFO]: see1 issued server command: /spawnmob zombie 1
[14:34:29] [Server thread/INFO]: see1 lost connection: Internal Exception: java.io.IOException: Удаленный хост принудительно разорвал существующее подключение
[14:34:29] [Server thread/INFO]: see1 left the game
