[13:52:48] Lil_Click (4248b6df-6d09-3e3e-a28a-ffc9f098c5b3): 1
[13:52:49] Lil_Click (4248b6df-6d09-3e3e-a28a-ffc9f098c5b3): 3
[13:57:00] Lil_Click (4248b6df-6d09-3e3e-a28a-ffc9f098c5b3): 1
[13:57:13] Lil_Click (4248b6df-6d09-3e3e-a28a-ffc9f098c5b3): 3
[14:01:54] Lil_Click (4248b6df-6d09-3e3e-a28a-ffc9f098c5b3): 1
[14:02:03] Lil_Click (4248b6df-6d09-3e3e-a28a-ffc9f098c5b3): 1
[14:03:38] FishkaPlay (e058c437-c187-367d-8ef7-67028bcfef09): d
[14:04:19] Lil_Click (4248b6df-6d09-3e3e-a28a-ffc9f098c5b3): 1
[14:04:58] Lil_Click (4248b6df-6d09-3e3e-a28a-ffc9f098c5b3): 1
[14:26:01] maxim13kim (5053bbf2-e345-3298-bbbf-e40ba8544de0): q
[14:26:44] FishkaPlay (e058c437-c187-367d-8ef7-67028bcfef09): ты чо уже со школы вернулся?
[14:26:52] maxim13kim (5053bbf2-e345-3298-bbbf-e40ba8544de0): кто я?
[14:27:13] maxim13kim (5053bbf2-e345-3298-bbbf-e40ba8544de0): ах
[14:27:19] FishkaPlay (e058c437-c187-367d-8ef7-67028bcfef09): у тебя текстурпак работает?
[14:27:29] maxim13kim (5053bbf2-e345-3298-bbbf-e40ba8544de0): заебал
[14:27:34] maxim13kim (5053bbf2-e345-3298-bbbf-e40ba8544de0): я его скачал
[14:27:38] maxim13kim (5053bbf2-e345-3298-bbbf-e40ba8544de0): точнее он скачался
[14:27:43] FishkaPlay (e058c437-c187-367d-8ef7-67028bcfef09): стоит?
[14:27:44] maxim13kim (5053bbf2-e345-3298-bbbf-e40ba8544de0): и робит
[14:27:46] FishkaPlay (e058c437-c187-367d-8ef7-67028bcfef09): ты видишь вещи?
[14:28:05] maxim13kim (5053bbf2-e345-3298-bbbf-e40ba8544de0): ну ла
[14:28:08] maxim13kim (5053bbf2-e345-3298-bbbf-e40ba8544de0): ну да
[14:40:28] Lil_Click (4248b6df-6d09-3e3e-a28a-ffc9f098c5b3): 1
[15:03:06] Lil_Click (4248b6df-6d09-3e3e-a28a-ffc9f098c5b3): 1
[15:11:30] Lil_Click (4248b6df-6d09-3e3e-a28a-ffc9f098c5b3): 1
[15:20:04] Lil_Click (4248b6df-6d09-3e3e-a28a-ffc9f098c5b3): 1
[15:22:51] Lil_Click (4248b6df-6d09-3e3e-a28a-ffc9f098c5b3): 1
[15:38:29] Lil_Click (4248b6df-6d09-3e3e-a28a-ffc9f098c5b3): 1
[16:01:14] Lil_Click (4248b6df-6d09-3e3e-a28a-ffc9f098c5b3): 1
[16:01:15] Lil_Click (4248b6df-6d09-3e3e-a28a-ffc9f098c5b3): 31
[16:02:41] Lil_Click (4248b6df-6d09-3e3e-a28a-ffc9f098c5b3): 1
[16:17:29] Lil_Click (4248b6df-6d09-3e3e-a28a-ffc9f098c5b3): ?
[16:17:31] Lil_Click (4248b6df-6d09-3e3e-a28a-ffc9f098c5b3): 1
[16:17:32] Lil_Click (4248b6df-6d09-3e3e-a28a-ffc9f098c5b3): 11
[16:17:47] Lil_Click (4248b6df-6d09-3e3e-a28a-ffc9f098c5b3): 12
[16:20:03] Lil_Click (4248b6df-6d09-3e3e-a28a-ffc9f098c5b3): 12
[16:21:04] Lil_Click (4248b6df-6d09-3e3e-a28a-ffc9f098c5b3): 12
[16:23:34] Lil_Click (4248b6df-6d09-3e3e-a28a-ffc9f098c5b3): 11
