[06:43:54] Lil_Click (4248b6df-6d09-3e3e-a28a-ffc9f098c5b3): Это я просто тебе показываю
[06:44:05] Lil_Click (4248b6df-6d09-3e3e-a28a-ffc9f098c5b3): Короче
[06:44:10] Lil_Click (4248b6df-6d09-3e3e-a28a-ffc9f098c5b3): ща
[06:44:17] Lil_Click (4248b6df-6d09-3e3e-a28a-ffc9f098c5b3): Иди сюда
[06:44:31] Lil_Click (4248b6df-6d09-3e3e-a28a-ffc9f098c5b3): Смотри
[06:44:53] Lil_Click (4248b6df-6d09-3e3e-a28a-ffc9f098c5b3): Это новое сусано
[06:45:49] Lil_Click (4248b6df-6d09-3e3e-a28a-ffc9f098c5b3): Так, все я вырубаю сервер пока что
[06:54:08] Lil_Click (4248b6df-6d09-3e3e-a28a-ffc9f098c5b3): Что выпало вам?
[06:54:12] Lil_Click (4248b6df-6d09-3e3e-a28a-ffc9f098c5b3): А
[06:54:16] Lil_Click (4248b6df-6d09-3e3e-a28a-ffc9f098c5b3): Вы же писать пока не можете
[06:54:23] Lil_Click (4248b6df-6d09-3e3e-a28a-ffc9f098c5b3): Ну ща я вас телепортну назад позже
[06:54:34] Lil_Click (4248b6df-6d09-3e3e-a28a-ffc9f098c5b3): Ух лагает из-за прогрузки
[14:59:34] Minat0_ (945e45cc-721f-338b-8555-ed3247a42259): asdasd
[14:59:37] Lil_Click (4248b6df-6d09-3e3e-a28a-ffc9f098c5b3): 1
[17:55:03] Minat0_ (945e45cc-721f-338b-8555-ed3247a42259): asd
[17:57:26] Minat0_ (945e45cc-721f-338b-8555-ed3247a42259): asd
[17:57:28] Lil_Click (4248b6df-6d09-3e3e-a28a-ffc9f098c5b3): 1
[17:58:19] Minat0_ (945e45cc-721f-338b-8555-ed3247a42259): asd
[18:07:44] Minat0_ (945e45cc-721f-338b-8555-ed3247a42259): asd
[18:24:40] Minat0_ (945e45cc-721f-338b-8555-ed3247a42259): asd
[18:37:53] Minat0_ (945e45cc-721f-338b-8555-ed3247a42259): asd
[19:07:10] Lil_Click (4248b6df-6d09-3e3e-a28a-ffc9f098c5b3): 1
[19:41:21] Minat0_ (945e45cc-721f-338b-8555-ed3247a42259): asd
[20:02:17] Minat0_ (945e45cc-721f-338b-8555-ed3247a42259): asd
[20:06:11] Lil_Click (4248b6df-6d09-3e3e-a28a-ffc9f098c5b3): 1
