[00:48:14] [ITEM_SOLD]: Midoriya00 sold 1x Lapis Lazuli to Lornik00 for $5,000.00 on world
[03:06:16] [ITEM_SOLD]: xxx_Itachi_xxx sold 16x Ender Pearl to BazukaPlay4k for $1,000.00 on world_the_end
[07:28:37] [ITEM_LISTED]: Arbuzka listed 16x Ender Pearl for $250.00 on world_the_end
[07:29:18] [ITEM_LISTED]: Arbuzka listed 16x Ender Pearl for $300.00 on world_the_end
[07:32:28] [ITEM_LISTED]: Arbuzka listed 16x Ender Pearl for $300.00 on world
[07:32:37] [ITEM_LISTED]: Arbuzka listed 11x Ender Pearl for $250.00 on world
[07:32:42] [ITEM_LISTED]: Arbuzka listed 16x Ender Pearl for $300.00 on world
[08:57:42] [ITEM_LISTED]: Danila1479 listed 12x Sugar Cane for $100.00 on world
[09:09:46] [ITEM_CANCELLED]: Danila1479 cancelled an auction for 64x Bamboo for $100.00 on world
[09:09:46] [ITEM_RETURNED]: Returned 64x Bamboo to Danila1479 on world
[09:09:47] [ITEM_RETURNED]: Returned 64x Bamboo to Danila1479 on world
[09:09:47] [ITEM_CANCELLED]: Danila1479 cancelled an auction for 64x Bamboo for $100.00 on world
[09:09:48] [ITEM_RETURNED]: Returned 64x Bamboo to Danila1479 on world
[09:09:48] [ITEM_CANCELLED]: Danila1479 cancelled an auction for 64x Bamboo for $100.00 on world
[09:09:48] [ITEM_RETURNED]: Returned 64x Bamboo to Danila1479 on world
[09:09:48] [ITEM_CANCELLED]: Danila1479 cancelled an auction for 64x Bamboo for $100.00 on world
[09:10:10] [ITEM_LISTED]: Danila1479 listed 64x Quartz for $100.00 on world
[09:10:21] [ITEM_LISTED]: Danila1479 listed 55x Sugar Cane for $100.00 on world
[09:10:31] [ITEM_RETURNED]: Returned 55x Sugar Cane to Danila1479 on world
[09:10:31] [ITEM_CANCELLED]: Danila1479 cancelled an auction for 55x Sugar Cane for $100.00 on world
[09:10:41] [ITEM_LISTED]: Danila1479 listed 27x Sugar Cane for $100.00 on world
[09:10:43] [ITEM_LISTED]: Danila1479 listed 28x Sugar Cane for $100.00 on world
[09:11:09] [ITEM_LISTED]: Danila1479 listed 64x Wheat for $100.00 on world
[09:30:43] [ITEM_SOLD]: Danila1479 sold 64x Wheat to levm6454_85 for $100.00 on world
[09:31:03] [ITEM_SOLD]: Danila1479 sold 12x Sugar Cane to dima8529 for $100.00 on world
[09:31:05] [ITEM_SOLD]: Danila1479 sold 28x Sugar Cane to dima8529 for $100.00 on world
[09:51:05] [ITEM_SOLD]: fgredy sold 64x Bamboo to kartowka for $100.00 on world
[10:45:15] [ITEM_SOLD]: Danila1479 sold 64x Quartz to fgredy for $100.00 on world
[10:51:54] [ITEM_CANCELLED]: danu cancelled an auction for 64x End Stone for $100.00 on world
[10:51:54] [ITEM_RETURNED]: Returned 64x End Stone to danu on world
[10:51:55] [ITEM_CANCELLED]: danu cancelled an auction for 16x Redstone for $100.00 on world
[10:51:55] [ITEM_RETURNED]: Returned 16x Redstone to danu on world
[10:51:56] [ITEM_RETURNED]: Returned 11x Obsidian to danu on forest
[10:51:56] [ITEM_CANCELLED]: danu cancelled an auction for 11x Obsidian for $100,000.00 on forest
[10:51:56] [ITEM_CANCELLED]: danu cancelled an auction for 1x Crafting Table for $100,000.00 on forest
[10:51:56] [ITEM_RETURNED]: Returned 1x Crafting Table to danu on forest
[10:54:50] [ITEM_SOLD]: Danila1479 sold 27x Sugar Cane to hejo for $100.00 on world
[10:55:37] [ITEM_SOLD]: fgredy sold 64x Bamboo to hejo for $100.00 on world
[10:55:39] [ITEM_SOLD]: fgredy sold 64x Bamboo to hejo for $100.00 on world
[10:55:40] [ITEM_SOLD]: fgredy sold 64x Bamboo to hejo for $100.00 on world
[10:55:44] [ITEM_SOLD]: fgredy sold 64x Bamboo to hejo for $500.00 on world
[11:08:19] [ITEM_LISTED]: xxx_Itachi_xxx listed 16x Ender Pearl for $300.00 on world
[11:08:21] [ITEM_LISTED]: xxx_Itachi_xxx listed 16x Ender Pearl for $300.00 on world
[11:08:24] [ITEM_LISTED]: xxx_Itachi_xxx listed 16x Ender Pearl for $300.00 on world
[11:08:26] [ITEM_LISTED]: xxx_Itachi_xxx listed 16x Ender Pearl for $300.00 on world
[11:08:45] [ITEM_RETURNED]: Returned 16x Ender Pearl to xxx_Itachi_xxx on world_the_end
[11:08:45] [ITEM_CANCELLED]: xxx_Itachi_xxx cancelled an auction for 16x Ender Pearl for $1,000.00 on world_the_end
[11:08:52] [ITEM_LISTED]: xxx_Itachi_xxx listed 16x Ender Pearl for $300.00 on world
[11:13:44] [ITEM_LISTED]: BazukaPlay4k listed 64x Lapis Lazuli for $3,500.00 on world
[11:14:01] [ITEM_SOLD]: BazukaPlay4k sold 64x Lapis Lazuli to xxx_Itachi_xxx for $3,500.00 on world
[11:25:18] [ITEM_LISTED]: loginlafagoldg listed 2x Diamond for $1,000.00 on world
[11:25:22] [ITEM_SOLD]: loginlafagoldg sold 2x Diamond to xxx_Itachi_xxx for $1,000.00 on world
[11:29:14] [ITEM_LISTED]: Danila1479 listed 64x Wheat for $200.00 on world
[11:29:57] [ITEM_SOLD]: Danila1479 sold 64x Wheat to kartowka for $200.00 on world
[12:51:57] [ITEM_SOLD]: Arbuzka sold 16x Ender Pearl to BazukaPlay4k for $250.00 on world_the_end
[12:52:04] [ITEM_SOLD]: xxx_Itachi_xxx sold 16x Ender Pearl to BazukaPlay4k for $300.00 on world
[12:59:22] [ITEM_SOLD]: MrEnotoPandaYTka sold 1x Shield to cavff for $800.00 on world
[13:16:07] [ITEM_SOLD]: xxx_Itachi_xxx sold 16x Ender Pearl to _MuFyTKa for $300.00 on world
[13:52:25] [ITEM_CANCELLED]: danu cancelled an auction for 64x [UC] Кунай for $100,000.00 on forest
[13:52:25] [ITEM_RETURNED]: Returned 64x [UC] Кунай to danu on forest
[13:52:26] [ITEM_RETURNED]: Returned 64x [UC] Кунай to danu on forest
[13:52:26] [ITEM_CANCELLED]: danu cancelled an auction for 64x [UC] Кунай for $100,000.00 on forest
[13:53:41] [ITEM_CANCELLED]: danu cancelled an auction for 64x [UC] Кунай for $100,000.00 on forest
[13:53:41] [ITEM_RETURNED]: Returned 64x [UC] Кунай to danu on forest
[13:57:53] [ITEM_LISTED]: danu listed 1x [UC] Стартовый набор for $100,000.00 on world
[13:58:02] [ITEM_LISTED]: danu listed 64x Torch for $10,000.00 on world
[13:58:10] [ITEM_LISTED]: danu listed 64x [UC] Кунай for $100,000.00 on world
[14:30:25] [ITEM_LISTED]: janabakana listed 6x Leather for $250.00 on world
[14:30:54] [ITEM_SOLD]: janabakana sold 6x Leather to deidara2010 for $250.00 on world
[14:31:12] [ITEM_LISTED]: janabakana listed 3x Leather for $125.00 on world
[14:31:46] [ITEM_LISTED]: janabakana listed 4x Leather for $125.00 on world
[14:31:57] [ITEM_SOLD]: janabakana sold 4x Leather to deidara2010 for $125.00 on world
[14:31:59] [ITEM_SOLD]: janabakana sold 3x Leather to deidara2010 for $125.00 on world
[14:33:18] [ITEM_LISTED]: janabakana listed 22x Leather for $1,250.00 on world
[14:34:12] [ITEM_RETURNED]: Returned 22x Leather to janabakana on world
[14:34:12] [ITEM_CANCELLED]: janabakana cancelled an auction for 22x Leather for $1,250.00 on world
[14:34:25] [ITEM_LISTED]: janabakana listed 22x Leather for $900.00 on world
[14:35:54] [ITEM_LISTED]: janabakana listed 6x Bookshelf for $1,250.00 on world
[14:35:59] [ITEM_SOLD]: janabakana sold 6x Bookshelf to deidara2010 for $1,250.00 on world
[14:37:32] [ITEM_LISTED]: janabakana listed 64x Lapis Lazuli for $175.00 on world
[14:37:48] [ITEM_SOLD]: janabakana sold 64x Lapis Lazuli to deidara2010 for $175.00 on world
[14:39:20] [ITEM_SOLD]: Arbuzka sold 11x Ender Pearl to roma77571 for $250.00 on world
[14:50:23] [ITEM_LISTED]: kartowka listed 64x Sweet Berries for $200.00 on world
[14:51:55] [ITEM_LISTED]: kartowka listed 64x Sweet Berries for $100.00 on world
[15:28:01] [ITEM_SOLD]: xxx_Itachi_xxx sold 16x Ender Pearl to poko228 for $300.00 on world
[15:28:16] [ITEM_SOLD]: xxx_Itachi_xxx sold 16x Ender Pearl to poko228 for $300.00 on world
[15:34:03] [ITEM_LISTED]: janabakana listed 1x Name Tag for $15,000.00 on world
[15:38:37] [ITEM_LISTED]: Mervix228 listed 64x [UC] Кунай for $5,000.00 on world
[15:40:05] [ITEM_LISTED]: dfjrfi listed 1x Name Tag for $1,000.00 on world
[15:40:09] [ITEM_LISTED]: dfjrfi listed 1x Name Tag for $1,000.00 on world
[15:47:38] [ITEM_SOLD]: dfjrfi sold 1x Name Tag to janabakana for $1,000.00 on world
[15:47:41] [ITEM_SOLD]: dfjrfi sold 1x Name Tag to janabakana for $1,000.00 on world
[15:47:43] [ITEM_CANCELLED]: janabakana cancelled an auction for 1x Name Tag for $15,000.00 on world
[15:47:43] [ITEM_RETURNED]: Returned 1x Name Tag to janabakana on world
[15:47:46] [ITEM_RETURNED]: Returned 22x Leather to janabakana on world
[15:47:46] [ITEM_CANCELLED]: janabakana cancelled an auction for 22x Leather for $900.00 on world
[15:48:00] [ITEM_LISTED]: janabakana listed 1x Name Tag for $5,000.00 on world
[15:48:01] [ITEM_LISTED]: janabakana listed 1x Name Tag for $5,000.00 on world
[15:48:03] [ITEM_LISTED]: janabakana listed 1x Name Tag for $5,000.00 on world
[15:51:58] [ITEM_RETURNED]: Returned 1x Name Tag to janabakana on world
[15:51:58] [ITEM_CANCELLED]: janabakana cancelled an auction for 1x Name Tag for $5,000.00 on world
[15:51:58] [ITEM_RETURNED]: Returned 1x Name Tag to janabakana on world
[15:51:58] [ITEM_CANCELLED]: janabakana cancelled an auction for 1x Name Tag for $5,000.00 on world
[15:51:58] [ITEM_CANCELLED]: janabakana cancelled an auction for 1x Name Tag for $5,000.00 on world
[15:51:58] [ITEM_RETURNED]: Returned 1x Name Tag to janabakana on world
[15:52:09] [ITEM_LISTED]: janabakana listed 1x Name Tag for $2,000.00 on world
[15:52:12] [ITEM_LISTED]: janabakana listed 1x Name Tag for $2,000.00 on world
[15:52:13] [ITEM_LISTED]: janabakana listed 1x Name Tag for $2,000.00 on world
[15:52:24] [ITEM_RETURNED]: Returned 1x Name Tag to janabakana on world
[15:52:24] [ITEM_CANCELLED]: janabakana cancelled an auction for 1x Name Tag for $2,000.00 on world
[15:52:25] [ITEM_CANCELLED]: janabakana cancelled an auction for 1x Name Tag for $2,000.00 on world
[15:52:25] [ITEM_RETURNED]: Returned 1x Name Tag to janabakana on world
[15:52:35] [ITEM_SOLD]: janabakana sold 1x Name Tag to dima8529 for $2,000.00 on world
[15:52:38] [ITEM_LISTED]: janabakana listed 1x Name Tag for $3,500.00 on world
[15:52:40] [ITEM_LISTED]: janabakana listed 1x Name Tag for $3,500.00 on world
[15:52:56] [ITEM_SOLD]: janabakana sold 1x Name Tag to Kira for $3,500.00 on world
[16:02:13] [ITEM_LISTED]: deidara2010 listed 16x Ender Pearl for $200.00 on world_the_end
[16:03:41] [ITEM_LISTED]: deidara2010 listed 16x Ender Pearl for $500.00 on world_the_end
[16:04:55] [ITEM_LISTED]: janabakana listed 55x Lapis Block for $5,000.00 on world
[16:05:23] [ITEM_LISTED]: deidara2010 listed 16x Ender Pearl for $250.00 on world_the_end
[16:10:01] [ITEM_SOLD]: janabakana sold 55x Lapis Block to Kira for $5,000.00 on world
[16:27:11] [ITEM_LISTED]: Kira listed 10x Lapis Block for $9,000.00 on forest
[16:27:35] [ITEM_CANCELLED]: Kira cancelled an auction for 10x Lapis Block for $9,000.00 on forest
[16:27:35] [ITEM_RETURNED]: Returned 10x Lapis Block to Kira on forest
[16:34:59] [ITEM_LISTED]: janabakana listed 30x Gold Ingot for $800.00 on world
[16:35:03] [ITEM_SOLD]: janabakana sold 30x Gold Ingot to Kira for $800.00 on world
[16:35:13] [ITEM_LISTED]: deidara2010 listed 16x Ender Pearl for $100.00 on world_the_end
[16:35:16] [ITEM_LISTED]: deidara2010 listed 16x Ender Pearl for $100.00 on world_the_end
[16:45:03] [ITEM_LISTED]: loginlafagoldg listed 3x Gold Ingot for $900.00 on world
[16:53:39] [ITEM_LISTED]: janabakana listed 43x Gold Ingot for $1,100.00 on world
[16:53:55] [ITEM_SOLD]: janabakana sold 43x Gold Ingot to Kira for $1,100.00 on world
[17:05:12] [ITEM_LISTED]: janabakana listed 20x Sugar Cane for $200.00 on world
[17:05:45] [ITEM_SOLD]: janabakana sold 20x Sugar Cane to kartowka for $200.00 on world
[17:29:01] [ITEM_SOLD]: Arbuzka sold 16x Ender Pearl to MyNameisVecToR for $300.00 on world_the_end
[17:55:04] [ITEM_SOLD]: kartowka sold 64x Sweet Berries to deidara2010 for $100.00 on world
[18:40:00] [ITEM_SOLD]: janabakana sold 1x Name Tag to Phoenix_Sparks for $3,500.00 on world
[19:30:26] [ITEM_SOLD]: kartowka sold 64x Sweet Berries to denis03070 for $200.00 on world
[19:35:41] [ITEM_LISTED]: janabakana listed 1x Birch Boat for $100.00 on world
[19:35:42] [ITEM_LISTED]: janabakana listed 1x Oak Boat for $100.00 on world
[19:35:48] [ITEM_SOLD]: janabakana sold 1x Oak Boat to AnGeJlo4ek for $100.00 on world
[19:35:50] [ITEM_SOLD]: janabakana sold 1x Birch Boat to AnGeJlo4ek for $100.00 on world
[19:35:52] [ITEM_LISTED]: janabakana listed 64x Oak Planks for $300.00 on world
[19:36:05] [ITEM_SOLD]: janabakana sold 64x Oak Planks to AnGeJlo4ek for $300.00 on world
[19:42:36] [ITEM_SOLD]: deidara2010 sold 16x Ender Pearl to denis03070 for $100.00 on world_the_end
[19:42:38] [ITEM_SOLD]: deidara2010 sold 16x Ender Pearl to denis03070 for $100.00 on world_the_end
[19:43:34] [ITEM_LISTED]: denis03070 listed 64x [UC] Кунай for $1,000.00 on world
[19:43:39] [ITEM_LISTED]: denis03070 listed 64x [UC] Кунай for $1,250.00 on world
[19:43:44] [ITEM_LISTED]: denis03070 listed 64x [UC] Кунай for $1,500.00 on world
[19:43:49] [ITEM_LISTED]: denis03070 listed 64x [UC] Кунай for $1,750.00 on world
[20:08:11] [ITEM_LISTED]: skyms listed 1x Iron Ingot for $100.00 on world
[20:08:16] [ITEM_SOLD]: skyms sold 1x Iron Ingot to TommoGames for $100.00 on world
[20:16:32] [ITEM_LISTED]: Tobio28 listed 1x [UC] Стартовый набор for $500.00 on world
[20:16:37] [ITEM_SOLD]: Tobio28 sold 1x [UC] Стартовый набор to denis03070 for $500.00 on world
[20:17:41] [ITEM_LISTED]: Tobio28 listed 62x Sweet Berries for $1,000.00 on world
[20:17:55] [ITEM_SOLD]: Tobio28 sold 62x Sweet Berries to denis03070 for $1,000.00 on world
[20:23:48] [ITEM_LISTED]: dfjrfi listed 32x String for $500.00 on world
[20:38:52] [ITEM_LISTED]: MrEnotoPandaYTka listed 20x Gold Ingot for $1,001.00 on world
[20:39:08] [ITEM_LISTED]: Kira listed 1x Name Tag for $6,000.00 on forest
[20:39:13] [ITEM_SOLD]: Kira sold 1x Name Tag to Phoenix_Sparks for $6,000.00 on forest
[20:39:17] [ITEM_SOLD]: MrEnotoPandaYTka sold 20x Gold Ingot to Kira for $1,001.00 on world
[20:43:02] [ITEM_LISTED]: VOODOOBOY listed 2x Bone Block for $4,000.00 on world
[20:43:18] [ITEM_RETURNED]: Returned 2x Bone Block to VOODOOBOY on world
[20:43:18] [ITEM_CANCELLED]: VOODOOBOY cancelled an auction for 2x Bone Block for $4,000.00 on world
[20:43:33] [ITEM_LISTED]: VOODOOBOY listed 2x Bone Block for $2,000.00 on world
[20:43:58] [ITEM_LISTED]: VOODOOBOY listed 64x Cobblestone for $100.00 on world
[20:44:01] [ITEM_LISTED]: VOODOOBOY listed 64x Cobblestone for $100.00 on world
[21:05:27] [ITEM_LISTED]: VOODOOBOY listed 2x Name Tag for $5,000.00 on world
[21:05:33] [ITEM_SOLD]: VOODOOBOY sold 2x Name Tag to Phoenix_Sparks for $5,000.00 on world
[21:19:33] [ITEM_LISTED]: MrEnotoPandaYTka listed 1x [UC] Таблетки чакры for $4,000.00 on world
[21:22:16] [ITEM_LISTED]: MrEnotoPandaYTka listed 64x Lapis Lazuli for $5,000.00 on world
[21:22:22] [ITEM_LISTED]: MrEnotoPandaYTka listed 64x Lapis Lazuli for $5,000.00 on world
[21:23:08] [ITEM_LISTED]: MrEnotoPandaYTka listed 57x Lapis Lazuli for $4,500.00 on world
[21:27:47] [ITEM_LISTED]: MrEnotoPandaYTka listed 1x Honey Bottle for $100.00 on world
[21:28:55] [ITEM_SOLD]: MrEnotoPandaYTka sold 1x Honey Bottle to Alkash for $100.00 on world
[21:33:57] [ITEM_LISTED]: FanatYOUR listed 64x Diamond for $100,000.00 on forest
[21:35:00] [ITEM_SOLD]: MrEnotoPandaYTka sold 64x Lapis Lazuli to Phoenix_Sparks for $5,000.00 on world
[21:36:02] [ITEM_CANCELLED]: FanatYOUR cancelled an auction for 64x Diamond for $100,000.00 on forest
[21:36:02] [ITEM_RETURNED]: Returned 64x Diamond to FanatYOUR on forest
[21:48:44] [ITEM_LISTED]: deidara2010 listed 16x Ender Pearl for $100.00 on world_the_end
[21:50:10] [ITEM_SOLD]: deidara2010 sold 16x Ender Pearl to _Makc505_ for $100.00 on world_the_end
[21:52:50] [ITEM_SOLD]: MrEnotoPandaYTka sold 1x [UC] Таблетки чакры to Lipton12354 for $4,000.00 on world
[21:54:33] [ITEM_LISTED]: deidara2010 listed 16x Ender Pearl for $100.00 on world_the_end
[21:54:38] [ITEM_LISTED]: deidara2010 listed 16x Ender Pearl for $100.00 on world_the_end
[22:05:10] [ITEM_SOLD]: deidara2010 sold 16x Ender Pearl to _Makc505_ for $100.00 on world_the_end
[22:05:12] [ITEM_SOLD]: deidara2010 sold 16x Ender Pearl to _Makc505_ for $100.00 on world_the_end
[22:14:34] [ITEM_CANCELLED]: MrEnotoPandaYTka cancelled an auction for 57x Lapis Lazuli for $4,500.00 on world
[22:14:34] [ITEM_RETURNED]: Returned 57x Lapis Lazuli to MrEnotoPandaYTka on world
[22:36:56] [ITEM_LISTED]: Phoenix_Sparks listed 64x Diamond for $100,000.00 on world
[22:37:14] [ITEM_CANCELLED]: Phoenix_Sparks cancelled an auction for 64x Diamond for $100,000.00 on world
[22:37:14] [ITEM_RETURNED]: Returned 64x Diamond to Phoenix_Sparks on world
[22:37:20] [ITEM_LISTED]: Phoenix_Sparks listed 32x Diamond for $100,000.00 on world
[23:24:09] [ITEM_RETURNED]: Returned 32x Diamond to Phoenix_Sparks on world
[23:24:09] [ITEM_CANCELLED]: Phoenix_Sparks cancelled an auction for 32x Diamond for $100,000.00 on world
