[21:11:12] [ITEM_LISTED]: Lil_Click listed 64x Stone for $1,000.00 on world
[21:12:46] [ITEM_SOLD]: Lil_Click sold 64x Stone to Uchiha_Kayoni for $1,000.00 on world
[21:14:56] [ITEM_LISTED]: Lil_Click listed 1x [UC] Палка мудреца for $9,999.00 on world
[21:15:07] [ITEM_RETURNED]: Returned 1x [UC] Палка мудреца to Lil_Click on world
[21:15:07] [ITEM_CANCELLED]: Lil_Click cancelled an auction for 1x [UC] Палка мудреца for $9,999.00 on world
[21:17:41] [ITEM_LISTED]: Lil_Click listed 1x [UC] Таблетки чакры for $10,000.00 on world
[21:17:43] [ITEM_LISTED]: Lil_Click listed 1x [UC] Таблетки смерти for $10,000.00 on world
[21:17:50] [ITEM_RETURNED]: Returned 1x [UC] Таблетки смерти to Lil_Click on world
[21:17:50] [ITEM_CANCELLED]: Lil_Click cancelled an auction for 1x [UC] Таблетки смерти for $10,000.00 on world
[21:17:50] [ITEM_CANCELLED]: Lil_Click cancelled an auction for 1x [UC] Таблетки чакры for $10,000.00 on world
[21:17:50] [ITEM_RETURNED]: Returned 1x [UC] Таблетки чакры to Lil_Click on world
[21:18:08] [ITEM_LISTED]: Lil_Click listed 1x [UC] Кунай for $10,000.00 on world
[21:18:28] [ITEM_SOLD]: Lil_Click sold 1x [UC] Кунай to Uchiha_Kayoni for $10,000.00 on world
[21:24:45] [ITEM_LISTED]: NumberOne listed 5x Cooked Beef for $10,000.00 on forest
[21:24:46] [ITEM_LISTED]: Uchiha_Kayoni listed 64x Stone for $2,500.00 on world
[21:24:49] [ITEM_LISTED]: Uchiha_DasteR listed 1x Enchanted Book for $5,000.00 on world
[21:24:50] [ITEM_LISTED]: Lipton12354 listed 1x Ominous Banner for $5,000.00 on world
[21:24:57] [ITEM_SOLD]: Uchiha_DasteR sold 1x Enchanted Book to Quincy for $5,000.00 on world
[21:24:57] [ITEM_LISTED]: TheNiFl listed 1x Porkchop for $100.00 on world
[21:25:10] [ITEM_SOLD]: TheNiFl sold 1x Porkchop to Uchiha_Kayoni for $100.00 on world
[21:25:46] [ITEM_LISTED]: Uchiha_Kayoni listed 1x Porkchop for $100,000.00 on world
[21:26:05] [ITEM_RETURNED]: Returned 1x Ominous Banner to Lipton12354 on world
[21:26:05] [ITEM_CANCELLED]: Lipton12354 cancelled an auction for 1x Ominous Banner for $5,000.00 on world
[21:26:18] [ITEM_LISTED]: Lipton12354 listed 1x Ominous Banner for $3,000.00 on world
[21:26:29] [ITEM_SOLD]: Lipton12354 sold 1x Ominous Banner to Uchiha_Kayoni for $3,000.00 on world
[21:27:31] [ITEM_LISTED]: Uchiha_Kayoni listed 64x [UC] Кунай for $5,000.00 on world
[21:27:38] [ITEM_LISTED]: Uchiha_Kayoni listed 15x [UC] Кунай for $1,200.00 on world
[21:27:42] [ITEM_LISTED]: Uchiha_Kayoni listed 64x [UC] Кунай for $5,000.00 on world
[21:29:28] [ITEM_RETURNED]: Returned 64x Stone to Uchiha_Kayoni on world
[21:29:28] [ITEM_CANCELLED]: Uchiha_Kayoni cancelled an auction for 1x Porkchop for $100,000.00 on world
[21:29:28] [ITEM_RETURNED]: Returned 1x Porkchop to Uchiha_Kayoni on world
[21:29:28] [ITEM_CANCELLED]: Uchiha_Kayoni cancelled an auction for 64x Stone for $2,500.00 on world
[21:29:28] [ITEM_RETURNED]: Returned 15x [UC] Кунай to Uchiha_Kayoni on world
[21:29:28] [ITEM_CANCELLED]: Uchiha_Kayoni cancelled an auction for 15x [UC] Кунай for $1,200.00 on world
[21:29:28] [ITEM_CANCELLED]: Uchiha_Kayoni cancelled an auction for 64x [UC] Кунай for $5,000.00 on world
[21:29:28] [ITEM_RETURNED]: Returned 64x [UC] Кунай to Uchiha_Kayoni on world
[21:29:28] [ITEM_CANCELLED]: Uchiha_Kayoni cancelled an auction for 64x [UC] Кунай for $5,000.00 on world
[21:29:28] [ITEM_RETURNED]: Returned 64x [UC] Кунай to Uchiha_Kayoni on world
[21:29:34] [ITEM_LISTED]: GodA1d listed 64x [UC] Кунай for $5,000.00 on world
[21:29:36] [ITEM_LISTED]: GodA1d listed 64x [UC] Кунай for $5,000.00 on world
[21:29:38] [ITEM_LISTED]: GodA1d listed 64x [UC] Кунай for $5,000.00 on world
[21:29:40] [ITEM_LISTED]: GodA1d listed 64x [UC] Кунай for $5,000.00 on world
[21:29:42] [ITEM_LISTED]: GodA1d listed 64x [UC] Кунай for $5,000.00 on world
[21:30:15] [ITEM_LISTED]: Uchiha_DasteR listed 1x Enchanted Book for $10,000.00 on world
[21:31:09] [ITEM_LISTED]: Uchiha_Kayoni listed 64x [UC] Кунай for $100.00 on world
[21:31:11] [ITEM_LISTED]: Uchiha_Kayoni listed 1x Ominous Banner for $100.00 on world
[21:31:13] [ITEM_SOLD]: Uchiha_Kayoni sold 64x [UC] Кунай to Lipton12354 for $100.00 on world
[21:31:15] [ITEM_LISTED]: Uchiha_Kayoni listed 6x Ender Pearl for $100.00 on world
[21:31:16] [ITEM_SOLD]: Uchiha_Kayoni sold 1x Ominous Banner to GodA1d for $100.00 on world
[21:31:18] [ITEM_SOLD]: Uchiha_Kayoni sold 6x Ender Pearl to GodA1d for $100.00 on world
[21:31:18] [ITEM_LISTED]: Uchiha_Kayoni listed 32x Blaze Rod for $1,000.00 on world
[21:31:25] [ITEM_LISTED]: Uchiha_Kayoni listed 55x Melon Slice for $100.00 on world
[21:31:28] [ITEM_SOLD]: Uchiha_Kayoni sold 55x Melon Slice to GodA1d for $100.00 on world
[21:31:35] [ITEM_LISTED]: Uchiha_Kayoni listed 64x Rotten Flesh for $1,000.00 on world
[21:32:02] [ITEM_LISTED]: Uchiha_Kayoni listed 3x Wither Skeleton Skull for $100.00 on world
[21:32:06] [ITEM_SOLD]: Uchiha_Kayoni sold 3x Wither Skeleton Skull to GodA1d for $100.00 on world
[21:33:34] [ITEM_LISTED]: Lipton12354 listed 2x Rotten Flesh for $100.00 on world
[21:34:33] [ITEM_LISTED]: Lipton12354 listed 35x Hay Block for $2,000.00 on world
[21:34:37] [ITEM_SOLD]: Lipton12354 sold 35x Hay Block to Uchiha_Kayoni for $2,000.00 on world
[21:44:04] [ITEM_LISTED]: Uchiha_Kayoni listed 41x Bread for $5,000.00 on forest
[22:07:51] [ITEM_LISTED]: Quincy listed 1x Golden Horse Armor for $150.00 on world
[22:10:55] [ITEM_LISTED]: MrEnotoPandaYTka listed 64x [UC] Кунай for $4,000.00 on world
[22:11:01] [ITEM_LISTED]: MrEnotoPandaYTka listed 64x [UC] Кунай for $4,500.00 on world
[22:13:45] [ITEM_LISTED]: MrEnotoPandaYTka listed 5x Iron Ingot for $2,000.00 on world
[22:22:56] [ITEM_LISTED]: MrEnotoPandaYTka listed 60x Lapis Lazuli for $8,000.00 on world
[22:42:15] [ITEM_LISTED]: MrEnotoPandaYTka listed 1x Name Tag for $5,000.00 on world
[22:56:09] [ITEM_CANCELLED]: Lipton12354 cancelled an auction for 2x Rotten Flesh for $100.00 on world
[22:56:09] [ITEM_RETURNED]: Returned 2x Rotten Flesh to Lipton12354 on world
[22:57:12] [ITEM_RETURNED]: Returned 5x Iron Ingot to MrEnotoPandaYTka on world
[22:57:12] [ITEM_CANCELLED]: MrEnotoPandaYTka cancelled an auction for 5x Iron Ingot for $2,000.00 on world
[22:57:13] [ITEM_CANCELLED]: MrEnotoPandaYTka cancelled an auction for 60x Lapis Lazuli for $8,000.00 on world
[22:57:13] [ITEM_RETURNED]: Returned 60x Lapis Lazuli to MrEnotoPandaYTka on world
[22:57:26] [ITEM_LISTED]: MrEnotoPandaYTka listed 1x Shield for $800.00 on world
[22:57:30] [ITEM_LISTED]: MrEnotoPandaYTka listed 1x Shield for $800.00 on world
[23:13:44] [ITEM_SOLD]: Uchiha_Kayoni sold 41x Bread to GodA1d for $5,000.00 on forest
[23:39:15] [ITEM_LISTED]: Lipton12354 listed 1x Ominous Banner for $3,000.00 on world
[23:55:44] [ITEM_LISTED]: BazukaPlay4k listed 64x Hay Block for $20,000.00 on world
[23:55:48] [ITEM_LISTED]: BazukaPlay4k listed 31x Hay Block for $20,000.00 on world
[23:55:51] [ITEM_LISTED]: BazukaPlay4k listed 64x Wheat Seeds for $20,000.00 on world
[23:55:54] [ITEM_LISTED]: BazukaPlay4k listed 2x Composter for $20,000.00 on world
[23:55:57] [ITEM_LISTED]: BazukaPlay4k listed 1x Bell for $20,000.00 on world
[23:56:15] [ITEM_RETURNED]: Returned 64x Hay Block to BazukaPlay4k on world
[23:56:15] [ITEM_CANCELLED]: BazukaPlay4k cancelled an auction for 64x Hay Block for $20,000.00 on world
[23:56:15] [ITEM_RETURNED]: Returned 31x Hay Block to BazukaPlay4k on world
[23:56:15] [ITEM_CANCELLED]: BazukaPlay4k cancelled an auction for 31x Hay Block for $20,000.00 on world
[23:56:16] [ITEM_CANCELLED]: BazukaPlay4k cancelled an auction for 64x Wheat Seeds for $20,000.00 on world
[23:56:16] [ITEM_RETURNED]: Returned 64x Wheat Seeds to BazukaPlay4k on world
[23:56:16] [ITEM_RETURNED]: Returned 2x Composter to BazukaPlay4k on world
[23:56:16] [ITEM_CANCELLED]: BazukaPlay4k cancelled an auction for 2x Composter for $20,000.00 on world
[23:56:17] [ITEM_CANCELLED]: BazukaPlay4k cancelled an auction for 1x Bell for $20,000.00 on world
[23:56:17] [ITEM_RETURNED]: Returned 1x Bell to BazukaPlay4k on world
