[08:30:29] [ITEM_LISTED]: bavbolby listed 38x Gunpowder for $10,000.00 on world
[08:30:45] [ITEM_LISTED]: bavbolby listed 14x Spider Eye for $1,000.00 on world
[08:31:08] [ITEM_LISTED]: bavbolby listed 64x Rotten Flesh for $100.00 on world
[10:54:08] [ITEM_LISTED]: Mrloshka2710 listed 8x Emerald for $5,000.00 on world
[13:24:15] [ITEM_LISTED]: Alkash listed 10x Cooked Beef for $200.00 on world
[17:31:02] [ITEM_LISTED]: Kira listed 64x Redstone for $100.00 on world
[17:47:37] [ITEM_RETURNED]: Returned 1x [UC] Стартовый набор to danu on world_the_end
[17:47:37] [ITEM_CANCELLED]: danu cancelled an auction for 1x [UC] Стартовый набор for $1,000.00 on world_the_end
[17:47:37] [ITEM_RETURNED]: Returned 1x [UC] Стартовый набор to danu on world_the_end
[17:47:37] [ITEM_CANCELLED]: danu cancelled an auction for 1x [UC] Стартовый набор for $1,000.00 on world_the_end
[17:47:38] [ITEM_CANCELLED]: danu cancelled an auction for 1x [UC] Стартовый набор for $1,000.00 on world_the_end
[17:47:38] [ITEM_RETURNED]: Returned 1x [UC] Стартовый набор to danu on world_the_end
[17:47:39] [ITEM_CANCELLED]: danu cancelled an auction for 26x [UC] Стартовый набор for $10,000.00 on world
[17:47:39] [ITEM_RETURNED]: Returned 26x [UC] Стартовый набор to danu on world
[17:47:45] [ITEM_LISTED]: danu listed 26x [UC] Стартовый набор for $10,000.00 on world
[17:48:43] [ITEM_LISTED]: danu listed 56x Coal for $100,000.00 on world
[17:56:33] [ITEM_LISTED]: danu listed 24x Coal for $100.00 on world
[17:56:39] [ITEM_LISTED]: danu listed 64x Cobblestone for $1,000.00 on world
[17:57:25] [ITEM_LISTED]: danu listed 28x Iron Ingot for $100,000.00 on world
[18:20:59] [ITEM_SOLD]: Alkash sold 10x Cooked Beef to Xmarat202X for $200.00 on world
[18:53:44] [ITEM_LISTED]: Alkash listed 10x Sugar Cane for $200.00 on world
[20:53:35] [ITEM_SOLD]: Alkash sold 10x Sugar Cane to gopnik_mama for $200.00 on world
[21:21:26] [ITEM_LISTED]: Arbuzka listed 1x Enchanted Book for $500.00 on world
[21:21:32] [ITEM_LISTED]: Arbuzka listed 1x Enchanted Book for $400.00 on world
[21:21:42] [ITEM_LISTED]: Arbuzka listed 1x Enchanted Book for $600.00 on world
[21:21:48] [ITEM_LISTED]: Arbuzka listed 1x Enchanted Book for $300.00 on world
[22:15:32] [ITEM_LISTED]: MergQser listed 18x Iron Ingot for $1,500.00 on world
[22:15:39] [ITEM_LISTED]: MergQser listed 6x Bone for $500.00 on world
