[07:44:55] [ITEM_LISTED]: Xmarat202X listed 64x Oak Planks for $100.00 on world
[07:45:01] [ITEM_LISTED]: Xmarat202X listed 64x Oak Planks for $200.00 on world
[07:45:56] [ITEM_SOLD]: Xmarat202X sold 64x Oak Planks to Arbuzka for $100.00 on world
[07:45:58] [ITEM_SOLD]: Xmarat202X sold 64x Oak Planks to Arbuzka for $200.00 on world
[12:01:59] [ITEM_SOLD]: Aristarh19 sold 64x Bone to DiMkCa for $300.00 on world
[13:33:02] [ITEM_LISTED]: DiMkCa listed 3x Ink Sac for $100.00 on world
[14:31:06] [ITEM_SOLD]: Romirgl sold 8x Skeleton Skull to Samadik200 for $1,200.00 on world
[15:57:26] [ITEM_LISTED]: bavbolby listed 64x Redstone for $100,000.00 on world
[15:57:38] [ITEM_LISTED]: bavbolby listed 64x Redstone for $1,000.00 on world
[15:57:49] [ITEM_LISTED]: bavbolby listed 12x Lapis Lazuli for $10,000.00 on world
[16:55:50] [ITEM_RETURNED]: Returned 64x [UC] Кунай to danu on world
[16:55:50] [ITEM_RETURNED]: Returned 64x [UC] Кунай to danu on world
[17:13:50] [ITEM_CANCELLED]: danu cancelled an auction for 1x Anvil for $100,000.00 on world
[17:13:50] [ITEM_RETURNED]: Returned 1x Anvil to danu on world
[17:50:30] [ITEM_LISTED]: xxmorvisxx listed 64x Cobblestone for $100.00 on world
[17:50:39] [ITEM_LISTED]: xxmorvisxx listed 64x Cobblestone for $100.00 on world
[17:50:48] [ITEM_LISTED]: xxmorvisxx listed 64x Cobblestone for $100.00 on world
[18:32:43] [ITEM_LISTED]: danu listed 26x [UC] Стартовый набор for $10,000.00 on world
[18:40:15] [ITEM_LISTED]: HROSIFER3 listed 16x Ender Pearl for $200.00 on forest
[18:40:18] [ITEM_LISTED]: HROSIFER3 listed 16x Ender Pearl for $200.00 on forest
[18:40:20] [ITEM_LISTED]: HROSIFER3 listed 16x Ender Pearl for $200.00 on forest
[19:29:55] [ITEM_SOLD]: HROSIFER3 sold 16x Ender Pearl to tiomasa for $200.00 on forest
[20:18:09] [ITEM_LISTED]: Brategg listed 64x Lapis Lazuli for $8,900.00 on world
[20:29:42] [ITEM_LISTED]: Arbuzka listed 64x Redstone for $500.00 on world
[20:46:55] [ITEM_LISTED]: MeY_TumanA listed 20x Diamond for $2,000.00 on world
[20:47:14] [ITEM_SOLD]: MeY_TumanA sold 20x Diamond to Minato_kyn for $2,000.00 on world
[20:53:54] [ITEM_RETURNED]: Returned 12x Lapis Lazuli to bavbolby on world
[20:53:54] [ITEM_CANCELLED]: bavbolby cancelled an auction for 12x Lapis Lazuli for $10,000.00 on world
