[00:02:19] [ITEM_LISTED]: BazukaPlay4k listed 64x Hay Block for $20,000.00 on world
[00:02:19] [ITEM_LISTED]: BazukaPlay4k listed 31x Hay Block for $20,000.00 on world
[00:26:18] [ITEM_RETURNED]: Returned 64x Hay Block to BazukaPlay4k on world
[00:26:18] [ITEM_CANCELLED]: BazukaPlay4k cancelled an auction for 64x Hay Block for $20,000.00 on world
[00:26:19] [ITEM_RETURNED]: Returned 31x Hay Block to BazukaPlay4k on world
[00:26:19] [ITEM_CANCELLED]: BazukaPlay4k cancelled an auction for 31x Hay Block for $20,000.00 on world
[04:24:12] [ITEM_LISTED]: beybarus listed 64x [UC] Кунай for $5,000.00 on world
[04:24:30] [ITEM_LISTED]: beybarus listed 64x [UC] Кунай for $5,000.00 on world
[04:24:41] [ITEM_LISTED]: beybarus listed 64x [UC] Кунай for $5,000.00 on world
[04:24:50] [ITEM_LISTED]: beybarus listed 64x [UC] Кунай for $5,000.00 on world
[04:25:34] [ITEM_LISTED]: beybarus listed 1x Clock for $300.00 on world
[08:42:49] [ITEM_LISTED]: Kira listed 64x Quartz for $100.00 on world_nether
[08:42:50] [ITEM_LISTED]: tagir777228 listed 29x Cooked Porkchop for $500.00 on world
[08:43:08] [ITEM_RETURNED]: Returned 64x Quartz to Kira on world_nether
[08:43:08] [ITEM_CANCELLED]: Kira cancelled an auction for 64x Quartz for $100.00 on world_nether
[08:43:16] [ITEM_SOLD]: tagir777228 sold 29x Cooked Porkchop to Arbuzka for $500.00 on world
[08:45:16] [ITEM_LISTED]: Kira listed 64x Quartz for $200.00 on world_nether
[08:48:22] [ITEM_LISTED]: Arbuzka listed 21x Leather for $500.00 on world
[09:57:01] [ITEM_SOLD]: Uchiha_DasteR sold 1x Enchanted Book to Quincy for $10,000.00 on world
[10:05:08] [ITEM_SOLD]: MrEnotoPandaYTka sold 1x Name Tag to GodA1d for $5,000.00 on world
[10:56:01] [ITEM_LISTED]: Uchiha_DasteR listed 1x Enchanted Book for $5,000.00 on world
[10:56:03] [ITEM_LISTED]: Uchiha_DasteR listed 1x Enchanted Book for $5,000.00 on world
[11:33:42] [ITEM_LISTED]: danu listed 21x Iron Ore for $500.00 on world
[11:43:52] [ITEM_CANCELLED]: danu cancelled an auction for 21x Iron Ore for $500.00 on world
[11:43:52] [ITEM_RETURNED]: Returned 21x Iron Ore to danu on world
[11:52:54] [ITEM_SOLD]: Arbuzka sold 21x Leather to Uchiha_DasteR for $500.00 on world
[12:05:58] [ITEM_LISTED]: danu listed 64x Cobblestone for $100.00 on world
[12:06:09] [ITEM_LISTED]: danu listed 64x Cobblestone for $100.00 on world
[12:06:34] [ITEM_LISTED]: danu listed 64x Cobblestone for $100.00 on world
[12:06:44] [ITEM_LISTED]: danu listed 64x Cobblestone for $100.00 on world
[12:07:56] [ITEM_RETURNED]: Returned 64x Cobblestone to danu on world
[12:07:56] [ITEM_CANCELLED]: danu cancelled an auction for 64x Cobblestone for $100.00 on world
[12:08:12] [ITEM_LISTED]: danu listed 64x Cobblestone for $100.00 on world
[12:27:35] [ITEM_LISTED]: AnarchyGamer listed 64x [UC] Кунай for $2,500.00 on world
[12:27:39] [ITEM_LISTED]: AnarchyGamer listed 43x [UC] Кунай for $1,560.00 on world
[12:52:54] [ITEM_LISTED]: danu listed 17x Lapis Lazuli for $1,000.00 on forest
[12:55:44] [ITEM_LISTED]: danu listed 6x Iron Ingot for $1,000.00 on forest
[12:57:33] [ITEM_LISTED]: danu listed 6x Iron Ingot for $500.00 on world
[13:02:56] [ITEM_RETURNED]: Returned 6x Iron Ingot to danu on forest
[13:02:56] [ITEM_CANCELLED]: danu cancelled an auction for 6x Iron Ingot for $1,000.00 on forest
[13:02:56] [ITEM_RETURNED]: Returned 17x Lapis Lazuli to danu on forest
[13:02:56] [ITEM_CANCELLED]: danu cancelled an auction for 17x Lapis Lazuli for $1,000.00 on forest
[13:21:06] [ITEM_LISTED]: danu listed 5x Gold Ore for $100.00 on forest
[13:21:30] [ITEM_LISTED]: danu listed 1x Crafting Table for $100,000.00 on forest
[14:50:34] [ITEM_SOLD]: Uchiha_DasteR sold 1x Enchanted Book to janabakana for $5,000.00 on world
[15:24:31] [ITEM_SOLD]: Uchiha_Kayoni sold 32x Blaze Rod to BazukaPlay4k for $1,000.00 on world
[16:11:04] [ITEM_LISTED]: Kira listed 64x [UC] Кунай for $350.00 on world
[16:30:25] [ITEM_LISTED]: BazukaPlay4k listed 5x Spider Eye for $20,002.00 on world_nether
[16:34:28] [ITEM_RETURNED]: Returned 5x Spider Eye to BazukaPlay4k on world_nether
[16:34:28] [ITEM_CANCELLED]: BazukaPlay4k cancelled an auction for 5x Spider Eye for $20,002.00 on world_nether
[16:34:31] [ITEM_SOLD]: Kira sold 64x Quartz to BazukaPlay4k for $200.00 on world_nether
[18:01:02] [ITEM_LISTED]: danu listed 64x [UC] Кунай for $100,000.00 on forest
[18:01:10] [ITEM_LISTED]: danu listed 64x [UC] Кунай for $100,000.00 on forest
[18:01:23] [ITEM_LISTED]: danu listed 11x Obsidian for $100,000.00 on forest
[18:08:36] [ITEM_RETURNED]: Returned 64x Cobblestone to danu on world
[18:08:36] [ITEM_CANCELLED]: danu cancelled an auction for 64x Cobblestone for $100.00 on world
[18:08:49] [ITEM_LISTED]: danu listed 13x Bread for $100,000.00 on world
[18:41:20] [ITEM_SOLD]: Kira sold 64x [UC] Кунай to _DRAGO__n_ for $350.00 on world
[19:05:32] [ITEM_SOLD]: danu sold 6x Iron Ingot to _Historic_ for $500.00 on world
[19:05:48] [ITEM_SOLD]: Uchiha_DasteR sold 1x Enchanted Book to MrEnotoPandaYTka for $5,000.00 on world
[19:11:27] [ITEM_LISTED]: fgredy listed 20x Bamboo for $100.00 on world
[19:15:30] [ITEM_LISTED]: Tobio28 listed 64x [UC] Кунай for $1,500.00 on world
[19:15:36] [ITEM_LISTED]: Tobio28 listed 64x [UC] Кунай for $1,500.00 on world
[19:15:41] [ITEM_LISTED]: Tobio28 listed 64x [UC] Кунай for $1,500.00 on world
[19:15:47] [ITEM_LISTED]: Tobio28 listed 64x [UC] Кунай for $1,500.00 on world
[19:15:52] [ITEM_LISTED]: Tobio28 listed 64x [UC] Кунай for $1,500.00 on world
[19:21:40] [ITEM_SOLD]: fgredy sold 20x Bamboo to GodA1d for $100.00 on world
[19:25:23] [ITEM_LISTED]: _Historic_ listed 64x Oak Log for $100.00 on world
[19:25:38] [ITEM_SOLD]: danu sold 64x Cobblestone to _Historic_ for $100.00 on world
[19:50:49] [ITEM_LISTED]: fgredy listed 64x Bamboo for $500.00 on world
[19:50:51] [ITEM_LISTED]: Danila1479 listed 55x Bamboo for $500.00 on world
[19:51:23] [ITEM_SOLD]: _Historic_ sold 64x Oak Log to Canny_Proof1 for $100.00 on world
[20:02:05] [ITEM_SOLD]: MrEnotoPandaYTka sold 1x Shield to Canny_Proof1 for $800.00 on world
[20:18:43] [ITEM_LISTED]: MrEnotoPandaYTka listed 10x Diamond for $8,000.00 on world
[20:25:45] [ITEM_RETURNED]: Returned 10x Diamond to MrEnotoPandaYTka on world
[20:25:45] [ITEM_CANCELLED]: MrEnotoPandaYTka cancelled an auction for 10x Diamond for $8,000.00 on world
[20:25:57] [ITEM_LISTED]: MrEnotoPandaYTka listed 10x Diamond for $6,000.00 on world
[20:31:14] [ITEM_LISTED]: fgredy listed 19x Diamond for $100.00 on world
[20:35:59] [ITEM_SOLD]: fgredy sold 19x Diamond to NumberOne for $100.00 on world
[20:52:20] [ITEM_LISTED]: Fartoviy_Malchik listed 1x Arrow for $1,000.00 on world
[21:23:28] [ITEM_LISTED]: MrEnotoPandaYTka listed 64x Lapis Lazuli for $4,000.00 on world
[21:25:08] [ITEM_LISTED]: Danila1479 listed 64x Bamboo for $200.00 on world
[21:28:24] [ITEM_LISTED]: Danila1479 listed 1x Bow [Power II] for $200.00 on world
[21:31:04] [ITEM_LISTED]: janabakana listed 64x Lapis Lazuli for $850.00 on world
[21:31:47] [ITEM_RETURNED]: Returned 64x Lapis Lazuli to janabakana on world
[21:31:47] [ITEM_CANCELLED]: janabakana cancelled an auction for 64x Lapis Lazuli for $850.00 on world
[21:32:12] [ITEM_LISTED]: janabakana listed 64x Lapis Lazuli for $250.00 on world
[21:32:28] [ITEM_SOLD]: janabakana sold 64x Lapis Lazuli to Midoriya00 for $250.00 on world
[21:35:01] [ITEM_LISTED]: Midoriya00 listed 1x Lapis Lazuli for $5,000.00 on world
[21:48:21] [ITEM_LISTED]: Danila1479 listed 64x Bamboo for $200.00 on world
[21:56:57] [ITEM_LISTED]: Danila1479 listed 64x Bamboo for $200.00 on world
[22:04:31] [ITEM_LISTED]: janabakana listed 64x [UC] Кунай for $1,000.00 on world
[22:04:36] [ITEM_LISTED]: janabakana listed 62x [UC] Кунай for $900.00 on world
[22:05:09] [ITEM_SOLD]: Danila1479 sold 1x Bow to  [Power II]MrEnotoPandaYTka for $200.00 on world
[22:09:19] [ITEM_LISTED]: TheNiFl listed 42x Coal for $100,000.00 on forest
[22:11:41] [ITEM_CANCELLED]: janabakana cancelled an auction for 64x [UC] Кунай for $1,000.00 on world
[22:11:41] [ITEM_RETURNED]: Returned 64x [UC] Кунай to janabakana on world
[22:11:42] [ITEM_CANCELLED]: janabakana cancelled an auction for 62x [UC] Кунай for $900.00 on world
[22:11:42] [ITEM_RETURNED]: Returned 62x [UC] Кунай to janabakana on world
[22:34:00] [ITEM_RETURNED]: Returned 64x [UC] Кунай to GodA1d on world
[22:34:00] [ITEM_CANCELLED]: GodA1d cancelled an auction for 64x [UC] Кунай for $5,000.00 on world
[22:34:01] [ITEM_RETURNED]: Returned 64x [UC] Кунай to GodA1d on world
[22:34:01] [ITEM_CANCELLED]: GodA1d cancelled an auction for 64x [UC] Кунай for $5,000.00 on world
[22:34:01] [ITEM_RETURNED]: Returned 64x [UC] Кунай to GodA1d on world
[22:34:01] [ITEM_CANCELLED]: GodA1d cancelled an auction for 64x [UC] Кунай for $5,000.00 on world
[22:34:01] [ITEM_RETURNED]: Returned 64x [UC] Кунай to GodA1d on world
[22:34:01] [ITEM_CANCELLED]: GodA1d cancelled an auction for 64x [UC] Кунай for $5,000.00 on world
[22:34:02] [ITEM_RETURNED]: Returned 64x [UC] Кунай to GodA1d on world
[22:34:02] [ITEM_CANCELLED]: GodA1d cancelled an auction for 64x [UC] Кунай for $5,000.00 on world
[22:34:07] [ITEM_LISTED]: GodA1d listed 64x [UC] Кунай for $1,000.00 on world
[22:34:09] [ITEM_LISTED]: GodA1d listed 64x [UC] Кунай for $1,000.00 on world
[22:34:11] [ITEM_LISTED]: GodA1d listed 64x [UC] Кунай for $1,000.00 on world
[22:34:15] [ITEM_LISTED]: GodA1d listed 64x [UC] Кунай for $1,000.00 on world
[22:45:30] [ITEM_LISTED]: Lornik00 listed 64x Oak Planks for $100.00 on world
[22:45:37] [ITEM_LISTED]: Lornik00 listed 64x Oak Planks for $100.00 on world
[22:45:39] [ITEM_SOLD]: Lornik00 sold 64x Oak Planks to janabakana for $100.00 on world
[22:45:41] [ITEM_SOLD]: Lornik00 sold 64x Oak Planks to janabakana for $100.00 on world
[22:45:48] [ITEM_LISTED]: Lornik00 listed 64x Oak Planks for $100.00 on world
[22:45:51] [ITEM_SOLD]: Lornik00 sold 64x Oak Planks to janabakana for $100.00 on world
[22:47:10] [ITEM_SOLD]: Danila1479 sold 64x Bamboo to seksi_mal4ik for $200.00 on world
[23:02:25] [ITEM_LISTED]: GodA1d listed 64x [UC] Кунай for $500.00 on world
[23:33:06] [ITEM_SOLD]: MrEnotoPandaYTka sold 10x Diamond to Lipton12354 for $6,000.00 on world
[23:41:15] [ITEM_SOLD]: GodA1d sold 64x [UC] Кунай to govno4ist for $500.00 on world
[23:41:59] [ITEM_SOLD]: Uchiha_Kayoni sold 64x Rotten Flesh to vadim889 for $1,000.00 on world
[23:56:46] [ITEM_SOLD]: danu sold 5x Gold Ore to Lornik00 for $100.00 on forest
