[10:47:20] [ITEM_SOLD]: dfjrfi sold 32x String to _Historic_ for $500.00 on world
[11:12:51] [ITEM_LISTED]: danu listed 64x [UC] Кунай for $100,000.00 on forest
[11:13:09] [ITEM_LISTED]: danu listed 64x [UC] Кунай for $100,000.00 on forest
[11:35:11] [ITEM_SOLD]: MrEnotoPandaYTka sold 64x Lapis Lazuli to MINIJEKA for $5,000.00 on world
[12:35:54] [ITEM_LISTED]: _MADARA_ listed 16x Ender Pearl for $200.00 on world_the_end
[12:35:57] [ITEM_LISTED]: _MADARA_ listed 16x Ender Pearl for $200.00 on world_the_end
[12:35:59] [ITEM_LISTED]: _MADARA_ listed 16x Ender Pearl for $200.00 on world_the_end
[12:36:04] [ITEM_LISTED]: _MADARA_ listed 16x Ender Pearl for $200.00 on world_the_end
[12:36:07] [ITEM_LISTED]: _MADARA_ listed 16x Ender Pearl for $200.00 on world_the_end
[12:36:45] [ITEM_SOLD]: _MADARA_ sold 16x Ender Pearl to TheHappy for $200.00 on world_the_end
[12:36:49] [ITEM_SOLD]: _MADARA_ sold 16x Ender Pearl to TheHappy for $200.00 on world_the_end
[12:36:53] [ITEM_SOLD]: _MADARA_ sold 16x Ender Pearl to TheHappy for $200.00 on world_the_end
[13:18:21] [ITEM_LISTED]: Tobio28 listed 1x [UC] Стартовый набор for $500.00 on world
[13:18:28] [ITEM_LISTED]: Tobio28 listed 1x Diamond for $250.00 on world
[13:52:38] [ITEM_LISTED]: deidara2010 listed 1x Enchanted Book for $30,000.00 on world
[13:52:45] [ITEM_LISTED]: deidara2010 listed 1x Enchanted Book for $3,000.00 on world
[14:14:39] [ITEM_SOLD]: Tobio28 sold 1x Diamond to Kira for $250.00 on world
[14:16:55] [ITEM_LISTED]: Tobio28 listed 9x Gold Ingot for $700.00 on world
[14:33:19] [ITEM_LISTED]: MrEnotoPandaYTka listed 10x Diamond for $6,000.00 on world
[14:46:09] [ITEM_LISTED]: janabakana listed 64x Wheat for $1,000.00 on world
[14:46:20] [ITEM_SOLD]: janabakana sold 64x Wheat to XaTiKoXD for $1,000.00 on world
[14:47:05] [ITEM_SOLD]: Tobio28 sold 9x Gold Ingot to MrEnotoPandaYTka for $700.00 on world
[14:47:15] [ITEM_LISTED]: MrEnotoPandaYTka listed 9x Gold Ingot for $1,500.00 on world
[15:12:03] [ITEM_LISTED]: Tobio28 listed 1x Shield for $250.00 on world
[16:11:15] [ITEM_SOLD]: loginlafagoldg sold 3x Gold Ingot to Itachi for $900.00 on world
[17:36:37] [ITEM_LISTED]: Verox_ listed 64x Cookie for $250.00 on world
[17:36:40] [ITEM_LISTED]: Verox_ listed 64x Cookie for $250.00 on world
[17:37:13] [ITEM_LISTED]: Verox_ listed 32x Cookie for $125.00 on world
[17:38:26] [ITEM_SOLD]: _MADARA_ sold 16x Ender Pearl to pro100tigel for $200.00 on world_the_end
[17:53:37] [ITEM_LISTED]: EnderPearlEP listed 8x Gold Ingot for $100,000.00 on world
[18:11:50] [ITEM_SOLD]: MrEnotoPandaYTka sold 10x Diamond to Lipton12354 for $6,000.00 on world
[18:11:57] [ITEM_SOLD]: Verox_ sold 64x Cookie to Lipton12354 for $250.00 on world
[19:35:26] [ITEM_LISTED]: XaTiKoXD listed 16x Diamond for $2,500.00 on world
[19:35:38] [ITEM_SOLD]: XaTiKoXD sold 16x Diamond to Kira for $2,500.00 on world
[23:13:06] [ITEM_LISTED]: Alkash listed 1x Honey Bottle for $100.00 on world
