[00:17:22] [ITEM_LISTED]: MeY_TumanA listed 1x Iron Axe for $100.00 on world
[00:17:33] [ITEM_SOLD]: MeY_TumanA sold 1x Iron Axe to Phoenix_Sparks for $100.00 on world
[05:21:35] [ITEM_LISTED]: Macsimpoco228 listed 1x Gold Ingot for $1,000.00 on world
[09:18:55] [ITEM_SOLD]: Minato_kyn sold 1x Golden Apple to Itachi for $2,000.00 on world
[09:19:36] [ITEM_SOLD]: EnderPearlEP sold 8x Gold Ingot to Itachi for $100,000.00 on world
[09:20:28] [ITEM_SOLD]: Macsimpoco228 sold 1x Gold Ingot to Itachi for $1,000.00 on world
[09:35:43] [ITEM_SOLD]: deidara2010 sold 16x Ender Pearl to Nekit1483 for $100.00 on world_the_end
[11:09:31] [ITEM_LISTED]: Alkash listed 20x Lapis Lazuli for $1,500.00 on world
[12:13:05] [ITEM_LISTED]: Alkash listed 2x Bone for $100.00 on world
[12:15:26] [ITEM_LISTED]: Alkash listed 1x Enchanted Book for $500.00 on world
[13:22:40] [ITEM_LISTED]: danu listed 1x [UC] Стартовый набор for $100.00 on forest
[13:29:27] [ITEM_SOLD]: deidara2010 sold 16x Ender Pearl to lingleat for $100.00 on world_the_end
[13:32:26] [ITEM_LISTED]: danu listed 36x Stick for $100.00 on world
[13:32:45] [ITEM_RETURNED]: Returned 36x Stick to danu on world
[13:32:45] [ITEM_CANCELLED]: danu cancelled an auction for 36x Stick for $100.00 on world
[13:32:53] [ITEM_LISTED]: danu listed 63x [UC] Кунай for $100.00 on world
[13:54:00] [ITEM_SOLD]: Jefy sold 1x Buried Treasure Map to Macsimpoco228 for $700.00 on world
[14:14:09] [ITEM_SOLD]: danu sold 63x [UC] Кунай to lingleat for $100.00 on world
[14:14:48] [ITEM_LISTED]: MeY_TumanA listed 64x [UC] Кунай for $400.00 on world
[14:15:00] [ITEM_LISTED]: MeY_TumanA listed 64x [UC] Кунай for $400.00 on world
[14:15:07] [ITEM_LISTED]: MeY_TumanA listed 64x [UC] Кунай for $400.00 on world
[14:15:13] [ITEM_LISTED]: Kravizx_YouTube listed 64x Gold Ingot for $3,000.00 on world
[14:17:35] [ITEM_SOLD]: Kravizx_YouTube sold 64x Gold Ingot to deidara2010 for $3,000.00 on world
[14:20:15] [ITEM_LISTED]: Kravizx_YouTube listed 29x Gold Ingot for $1,000.00 on world
[14:20:36] [ITEM_SOLD]: Abimansur sold 16x Ender Pearl to KARACTOP for $500.00 on forest
[14:20:36] [ITEM_LISTED]: Kravizx_YouTube listed 1x Music Disc Cat for $4,000.00 on world
[14:34:51] [ITEM_LISTED]: Kravizx_YouTube listed 1x Golden Apple for $1,000.00 on world
[14:41:41] [ITEM_LISTED]: Kravizx_YouTube listed 64x Rotten Flesh for $750.00 on world
[14:41:45] [ITEM_LISTED]: Kravizx_YouTube listed 64x Rotten Flesh for $750.00 on world
[14:42:05] [ITEM_CANCELLED]: Kravizx_YouTube cancelled an auction for 1x Golden Apple for $1,000.00 on world
[14:42:05] [ITEM_RETURNED]: Returned 1x Golden Apple to Kravizx_YouTube on world
[14:43:09] [ITEM_LISTED]: Kravizx_YouTube listed 64x Rotten Flesh for $750.00 on world
[14:43:28] [ITEM_CANCELLED]: Kravizx_YouTube cancelled an auction for 1x Music Disc Cat for $4,000.00 on world
[14:43:28] [ITEM_RETURNED]: Returned 1x Music Disc Cat to Kravizx_YouTube on world
[14:43:33] [ITEM_LISTED]: Kravizx_YouTube listed 1x Music Disc Cat for $2,500.00 on world
[14:49:46] [ITEM_SOLD]: takasyu sold 16x Ender Pearl to NIKITOSS for $100.00 on world
[14:54:24] [ITEM_SOLD]: danu sold 1x [UC] Стартовый набор to dfaniil090 for $100.00 on forest
[14:58:36] [ITEM_SOLD]: LagPlayBit sold 16x Ender Pearl to NIKITOS for $100.00 on world
[14:58:55] [ITEM_SOLD]: Alkash sold 2x Bone to NIKITOS for $100.00 on world
[15:09:34] [ITEM_LISTED]: TamishiSan listed 64x [UC] Кунай for $200.00 on world
[15:09:43] [ITEM_LISTED]: TamishiSan listed 64x [UC] Кунай for $200.00 on world
[15:26:30] [ITEM_SOLD]: 3_madara_3 sold 16x Ender Pearl to NIKITOS for $100.00 on world
[15:26:33] [ITEM_SOLD]: 3_madara_3 sold 16x Ender Pearl to NIKITOS for $100.00 on world
[15:54:06] [ITEM_SOLD]: 3_madara_3 sold 16x Ender Pearl to NIKITOSIK for $100.00 on world
[15:54:30] [ITEM_SOLD]: TamishiSan sold 64x [UC] Кунай to NIKITOSIK for $200.00 on world
[15:54:32] [ITEM_SOLD]: TamishiSan sold 64x [UC] Кунай to NIKITOSIK for $200.00 on world
[15:55:33] [ITEM_LISTED]: TamishiSan listed 64x [UC] Кунай for $200.00 on forest
[15:57:37] [ITEM_LISTED]: TamishiSan listed 64x [UC] Кунай for $200.00 on forest
[15:57:43] [ITEM_LISTED]: TamishiSan listed 64x [UC] Кунай for $200.00 on forest
[16:22:40] [ITEM_LISTED]: TamishiSan listed 64x [UC] Кунай for $200.00 on forest
[16:22:51] [ITEM_LISTED]: TamishiSan listed 64x [UC] Кунай for $2,000.00 on forest
[16:33:25] [ITEM_SOLD]: Alkash sold 20x Lapis Lazuli to Walentin1 for $1,500.00 on world
[16:34:53] [ITEM_SOLD]: Kravizx_YouTube sold 29x Gold Ingot to Kira for $1,000.00 on world
[16:48:23] [ITEM_SOLD]: MeY_TumanA sold 64x [UC] Кунай to Lipton12354 for $400.00 on world
[16:48:36] [ITEM_SOLD]: TamishiSan sold 64x [UC] Кунай to Lipton12354 for $200.00 on forest
[17:01:49] [ITEM_LISTED]: Itachi listed 1x Cooked Porkchop for $100.00 on world
[17:02:32] [ITEM_LISTED]: Itachi listed 20x [UC] Таблетки чакры for $100.00 on world
[17:02:34] [ITEM_SOLD]: Itachi sold 20x [UC] Таблетки чакры to Lipton12354 for $100.00 on world
[17:03:09] [ITEM_SOLD]: ZevsYT0 sold 12x Oak Planks to TheHappy for $122.00 on world
[17:04:04] [ITEM_LISTED]: Lipton12354 listed 5x [UC] Таблетки чакры for $100.00 on world
[17:04:08] [ITEM_SOLD]: Lipton12354 sold 5x [UC] Таблетки чакры to Val11X1 for $100.00 on world
[17:26:42] [ITEM_SOLD]: TamishiSan sold 64x [UC] Кунай to Val11X1 for $200.00 on forest
[17:39:36] [ITEM_RETURNED]: Returned 1x Ominous Banner to Lipton12354 on world
[17:40:21] [ITEM_SOLD]: TamishiSan sold 64x [UC] Кунай to Lipton12354 for $200.00 on forest
[17:40:24] [ITEM_SOLD]: TamishiSan sold 64x [UC] Кунай to Lipton12354 for $200.00 on forest
[18:02:21] [ITEM_LISTED]: Itachi listed 16x [UC] Таблетки чакры for $100.00 on world
[18:02:26] [ITEM_SOLD]: Itachi sold 16x [UC] Таблетки чакры to TheHappy for $100.00 on world
[18:02:30] [ITEM_LISTED]: Itachi listed 16x [UC] Таблетки чакры for $100.00 on world
[18:02:41] [ITEM_LISTED]: Itachi listed 24x [UC] Таблетки чакры for $100.00 on world
[18:02:49] [ITEM_SOLD]: Itachi sold 24x [UC] Таблетки чакры to Yukimaru for $100.00 on world
[18:02:51] [ITEM_SOLD]: Itachi sold 16x [UC] Таблетки чакры to Yukimaru for $100.00 on world
[18:02:53] [ITEM_LISTED]: Itachi listed 8x [UC] Таблетки чакры for $100.00 on world
[18:02:58] [ITEM_SOLD]: Itachi sold 8x [UC] Таблетки чакры to Yukimaru for $100.00 on world
[18:02:59] [ITEM_LISTED]: Itachi listed 16x [UC] Таблетки чакры for $100.00 on world
[18:03:02] [ITEM_SOLD]: Itachi sold 16x [UC] Таблетки чакры to MeY_TumanA for $100.00 on world
[18:03:04] [ITEM_LISTED]: Itachi listed 16x [UC] Таблетки чакры for $100.00 on world
[18:03:05] [ITEM_SOLD]: Itachi sold 16x [UC] Таблетки чакры to Yukimaru for $100.00 on world
[18:03:11] [ITEM_LISTED]: Itachi listed 16x [UC] Таблетки чакры for $100.00 on world
[18:03:12] [ITEM_SOLD]: Itachi sold 1x Cooked Porkchop to KeNmA_kOzUmE for $100.00 on world
[18:03:13] [ITEM_SOLD]: Itachi sold 16x [UC] Таблетки чакры to Yukimaru for $100.00 on world
[18:03:14] [ITEM_LISTED]: Itachi listed 16x [UC] Таблетки чакры for $100.00 on world
[18:03:17] [ITEM_SOLD]: Itachi sold 16x [UC] Таблетки чакры to Yukimaru for $100.00 on world
[18:28:43] [ITEM_SOLD]: Kravizx_YouTube sold 64x Rotten Flesh to dfaniil090 for $750.00 on world
[18:49:22] [ITEM_SOLD]: Kravizx_YouTube sold 64x Rotten Flesh to TheHappy for $750.00 on world
[19:01:11] [ITEM_SOLD]: Minato_Namikadze sold 16x Ender Pearl to SOSTSKA_JOPA for $250.00 on world
[19:04:34] [ITEM_SOLD]: Minato_Namikadze sold 16x Ender Pearl to SOSTSKA_JOPA for $250.00 on world
[19:05:24] [ITEM_SOLD]: VOODOOBOY sold 2x Bone Block to Lipton12354 for $2,000.00 on world
[19:06:57] [ITEM_SOLD]: Minato_Namikadze sold 16x Ender Pearl to SOSTSKA_JOPA for $250.00 on world
[19:10:48] [ITEM_LISTED]: Minato_kyn listed 1x Golden Horse Armor for $1,000.00 on world
[19:10:49] [ITEM_LISTED]: Minato_kyn listed 1x Iron Horse Armor for $1,000.00 on world
[19:10:57] [ITEM_LISTED]: Minato_kyn listed 1x Saddle for $2,000.00 on world
[19:10:59] [ITEM_LISTED]: Minato_kyn listed 1x Iron Horse Armor for $1,000.00 on world
[19:25:02] [ITEM_SOLD]: Minato_kyn sold 2x Lead to ki8ll_pro for $1,100.00 on world
[19:44:54] [ITEM_LISTED]: Itachi listed 64x Obsidian for $1,000.00 on world
[19:44:56] [ITEM_LISTED]: Itachi listed 56x Obsidian for $1,000.00 on world
[19:44:58] [ITEM_LISTED]: Itachi listed 64x Oak Planks for $1,000.00 on world
[19:45:01] [ITEM_LISTED]: Itachi listed 64x Netherrack for $1,000.00 on world
[19:45:02] [ITEM_LISTED]: Itachi listed 64x Oak Planks for $1,000.00 on world
[19:45:56] [ITEM_RETURNED]: Returned 56x Obsidian to Itachi on world
[19:45:56] [ITEM_CANCELLED]: Itachi cancelled an auction for 56x Obsidian for $1,000.00 on world
[19:48:21] [ITEM_LISTED]: Itachi listed 55x Obsidian for $1,000.00 on world
[20:13:30] [ITEM_SOLD]: Itachi sold 64x Obsidian to MeY_TumanA for $1,000.00 on world
[20:17:54] [ITEM_LISTED]: DenLock9325 listed 5x Skeleton Skull for $5,000.00 on world
[20:29:07] [ITEM_LISTED]: deidara2010 listed 16x Ender Pearl for $100.00 on world_the_end
[20:29:11] [ITEM_LISTED]: deidara2010 listed 16x Ender Pearl for $100.00 on world_the_end
[20:29:18] [ITEM_LISTED]: deidara2010 listed 16x Ender Pearl for $100.00 on world_the_end
[20:29:21] [ITEM_LISTED]: deidara2010 listed 16x Ender Pearl for $100.00 on world_the_end
[20:29:21] [ITEM_LISTED]: 3_madara_3 listed 16x Ender Pearl for $100.00 on world
[20:30:04] [ITEM_SOLD]: Minato_Namikadze sold 16x Ender Pearl to AJIDARDO for $250.00 on world
[20:30:40] [ITEM_SOLD]: deidara2010 sold 16x Ender Pearl to AJIDARDO for $100.00 on world_the_end
[20:30:54] [ITEM_LISTED]: deidara2010 listed 16x Ender Pearl for $100.00 on world
[20:30:57] [ITEM_SOLD]: deidara2010 sold 16x Ender Pearl to Val11X1 for $100.00 on world_the_end
[20:31:31] [ITEM_SOLD]: deidara2010 sold 16x Ender Pearl to AJIDARDO for $100.00 on world_the_end
[20:31:57] [ITEM_LISTED]: deidara2010 listed 16x Ender Pearl for $100.00 on world
[20:33:46] [ITEM_SOLD]: 3_madara_3 sold 16x Ender Pearl to AJIDARDO for $100.00 on world
[20:33:48] [ITEM_SOLD]: deidara2010 sold 16x Ender Pearl to AJIDARDO for $100.00 on world
[20:47:15] [ITEM_LISTED]: cactiyo listed 64x [UC] Кунай for $500.00 on world
[20:47:17] [ITEM_LISTED]: cactiyo listed 64x [UC] Кунай for $500.00 on world
[20:47:21] [ITEM_LISTED]: cactiyo listed 20x [UC] Кунай for $200.00 on world
[20:47:26] [ITEM_LISTED]: cactiyo listed 45x [UC] Кунай for $300.00 on world
[20:50:36] [ITEM_SOLD]: Itachi sold 55x Obsidian to Shoprr for $1,000.00 on world
[21:13:03] [ITEM_SOLD]: MeY_TumanA sold 64x [UC] Кунай to ganter09 for $400.00 on world
[21:13:23] [ITEM_SOLD]: cactiyo sold 20x [UC] Кунай to ganter09 for $200.00 on world
[21:52:18] [ITEM_LISTED]: xxmorvisxx listed 5x Baked Potato for $1,000.00 on forest
[21:52:26] [ITEM_RETURNED]: Returned 5x Baked Potato to xxmorvisxx on forest
[21:52:26] [ITEM_CANCELLED]: xxmorvisxx cancelled an auction for 5x Baked Potato for $1,000.00 on forest
[21:55:21] [ITEM_LISTED]: xxmorvisxx listed 13x Skeleton Skull for $1,000.00 on forest
[21:55:38] [ITEM_LISTED]: xxmorvisxx listed 25x Diorite for $100.00 on forest
[21:55:45] [ITEM_LISTED]: xxmorvisxx listed 64x Redstone for $1,000.00 on forest
[23:24:14] [ITEM_SOLD]: deidara2010 sold 16x Ender Pearl to Boruto for $100.00 on world
