[07:45:36] [ITEM_CANCELLED]: Romirgl cancelled an auction for 1x Bow [Power III, Unbreaking III] for $4,000.00 on world
[07:45:36] [ITEM_RETURNED]: Returned 1x Bow [Power III, Unbreaking III] to Romirgl on world
[07:45:58] [ITEM_LISTED]: Romirgl listed 1x Bow [Power III, Unbreaking III] for $3,000.00 on world
[08:27:15] [ITEM_LISTED]: Romirgl listed 16x Ender Pearl for $300.00 on world
[08:27:17] [ITEM_LISTED]: Romirgl listed 16x Ender Pearl for $300.00 on world
[08:27:31] [ITEM_LISTED]: Romirgl listed 16x Ender Pearl for $300.00 on world
[08:27:31] [ITEM_LISTED]: Romirgl listed 16x Ender Pearl for $300.00 on world
[08:35:54] [ITEM_RETURNED]: Returned 16x Ender Pearl to Romirgl on world
[08:35:54] [ITEM_CANCELLED]: Romirgl cancelled an auction for 16x Ender Pearl for $300.00 on world
[08:35:59] [ITEM_LISTED]: Romirgl listed 7x Skeleton Skull for $1,000.00 on world
[08:49:31] [ITEM_RETURNED]: Returned 7x Skeleton Skull to Romirgl on world
[08:49:31] [ITEM_CANCELLED]: Romirgl cancelled an auction for 7x Skeleton Skull for $1,000.00 on world
[08:49:36] [ITEM_LISTED]: Romirgl listed 8x Skeleton Skull for $1,200.00 on world
[09:01:39] [ITEM_SOLD]: 3_madara_3 sold 55x [UC] Кунай to romkaLipa2008 for $450.00 on world
[09:58:39] [ITEM_LISTED]: 3_madara_3 listed 16x Ender Pearl for $100.00 on world
[09:58:41] [ITEM_LISTED]: 3_madara_3 listed 16x Ender Pearl for $100.00 on world
[09:58:44] [ITEM_LISTED]: 3_madara_3 listed 16x Ender Pearl for $100.00 on world
[09:58:47] [ITEM_LISTED]: 3_madara_3 listed 16x Ender Pearl for $100.00 on world
[11:05:10] [ITEM_SOLD]: 3_madara_3 sold 16x Ender Pearl to Aristarh19 for $100.00 on world
[11:05:12] [ITEM_SOLD]: 3_madara_3 sold 16x Ender Pearl to Aristarh19 for $100.00 on world
[11:05:14] [ITEM_SOLD]: 3_madara_3 sold 16x Ender Pearl to Aristarh19 for $100.00 on world
[11:05:17] [ITEM_SOLD]: 3_madara_3 sold 16x Ender Pearl to Aristarh19 for $100.00 on world
[11:05:44] [ITEM_SOLD]: hrapochka sold 7x Skeleton Skull to Aristarh19 for $1,000.00 on world
[12:10:04] [ITEM_CANCELLED]: Kravizx_YouTube cancelled an auction for 1x Music Disc Cat for $2,500.00 on world
[12:10:04] [ITEM_RETURNED]: Returned 1x Music Disc Cat to Kravizx_YouTube on world
[12:10:37] [ITEM_LISTED]: Kravizx_YouTube listed 1x Music Disc Cat for $1,500.00 on world
[13:13:55] [ITEM_SOLD]: 3_madara_3 sold 16x Ender Pearl to YaRusskiy for $100.00 on world
[13:18:38] [ITEM_LISTED]: koteikakot54 listed 64x Gold Ore for $444.00 on world
[13:18:42] [ITEM_LISTED]: koteikakot54 listed 44x Gold Ore for $444.00 on world
[13:47:47] [ITEM_SOLD]: cactiyo sold 64x [UC] Кунай to sixtychip369 for $500.00 on world
[14:35:50] [ITEM_SOLD]: AJIDARDO sold 16x Ender Pearl to Aristarh19 for $100.00 on world
[15:15:32] [ITEM_LISTED]: MaxwellLOL listed 64x Redstone Block for $3,000.00 on world
[15:18:39] [ITEM_SOLD]: koteikakot54 sold 64x Gold Ore to ki8ll_pro for $444.00 on world
[15:19:20] [ITEM_RETURNED]: Returned 44x Gold Ore to koteikakot54 on world
[15:19:20] [ITEM_CANCELLED]: koteikakot54 cancelled an auction for 44x Gold Ore for $444.00 on world
[15:20:04] [ITEM_LISTED]: MaxwellLOL listed 64x Redstone Block for $3,000.00 on world
[15:20:16] [ITEM_LISTED]: ki8ll_pro listed 64x Bamboo for $3,000.00 on world
[15:20:19] [ITEM_LISTED]: MaxwellLOL listed 64x Redstone Block for $3,000.00 on world
[15:20:23] [ITEM_LISTED]: ki8ll_pro listed 64x Bamboo for $2,000.00 on world
[15:20:30] [ITEM_LISTED]: MaxwellLOL listed 64x Redstone Block for $3,000.00 on world
[15:20:34] [ITEM_LISTED]: ki8ll_pro listed 64x Bamboo for $5,000.00 on world
[15:20:40] [ITEM_LISTED]: MaxwellLOL listed 64x Redstone Block for $3,000.00 on world
[15:31:33] [ITEM_SOLD]: Romirgl sold 1x Bow to  [Power III, Unbreaking III]MaxwellLOL for $3,000.00 on world
[15:31:45] [ITEM_SOLD]: Minato_kyn sold 1x Enchanted Book to ki8ll_pro for $1,500.00 on world
[15:34:45] [ITEM_SOLD]: Kravizx_YouTube sold 64x Rotten Flesh to KeNmA_kOzUmE for $750.00 on world
[15:48:49] [ITEM_CANCELLED]: Minato_kyn cancelled an auction for 1x Enchanted Book for $1,500.00 on world
[15:48:49] [ITEM_RETURNED]: Returned 1x Enchanted Book to Minato_kyn on world
[18:22:20] [ITEM_LISTED]: Minato_kyn listed 64x Lapis Lazuli for $1,500.00 on arena
[18:22:28] [ITEM_SOLD]: Minato_kyn sold 64x Lapis Lazuli to TheHappy for $1,500.00 on arena
[19:17:06] [ITEM_CANCELLED]: Minato_kyn cancelled an auction for 1x Enchanted Book for $1,000.00 on world
[19:17:06] [ITEM_RETURNED]: Returned 1x Enchanted Book to Minato_kyn on world
[19:17:06] [ITEM_RETURNED]: Returned 1x Enchanted Book to Minato_kyn on world
[19:17:06] [ITEM_CANCELLED]: Minato_kyn cancelled an auction for 1x Enchanted Book for $1,000.00 on world
[19:17:07] [ITEM_RETURNED]: Returned 1x Enchanted Book to Minato_kyn on world
[19:17:07] [ITEM_CANCELLED]: Minato_kyn cancelled an auction for 1x Enchanted Book for $1,000.00 on world
[19:23:56] [ITEM_LISTED]: Minato_kyn listed 1x Enchanted Book for $3,000.00 on world
[19:23:59] [ITEM_LISTED]: Minato_kyn listed 1x Enchanted Book for $2,000.00 on world
[19:24:06] [ITEM_LISTED]: Minato_kyn listed 1x Enchanted Book for $1,500.00 on world
[19:30:26] [ITEM_SOLD]: Itachi sold 64x Oak Planks to Val11X1 for $1,000.00 on world
[21:22:09] [ITEM_SOLD]: Romirgl sold 16x Ender Pearl to UChiHaItachu for $300.00 on world
[23:01:17] [ITEM_LISTED]: Gimner1 listed 64x Redstone for $100.00 on world
[23:01:22] [ITEM_LISTED]: Gimner1 listed 64x Redstone for $100.00 on world
[23:01:26] [ITEM_LISTED]: Gimner1 listed 64x Redstone for $100.00 on world
[23:01:28] [ITEM_LISTED]: Gimner1 listed 64x Redstone for $100.00 on world
[23:01:31] [ITEM_LISTED]: Gimner1 listed 61x Redstone for $100.00 on world
