[04:36:37] [ITEM_SOLD]: BazukaPlay4k sold 1x Diamond Chestplate to  [Blast Protection III]beybarus for $500.00 on world_the_end
[05:15:55] [ITEM_LISTED]: dima8529 listed 61x Lapis Lazuli for $2,000.00 on forest
[05:16:14] [ITEM_SOLD]: dima8529 sold 61x Lapis Lazuli to TheHappy for $2,000.00 on forest
[05:23:12] [ITEM_LISTED]: LagPlayBit listed 16x Ender Pearl for $100,000.00 on world
[08:13:50] [ITEM_LISTED]: xReez1k_ listed 2x Nether Wart for $1,000.00 on world
[08:13:55] [ITEM_SOLD]: xReez1k_ sold 2x Nether Wart to TheHappy for $1,000.00 on world
[08:30:07] [ITEM_LISTED]: xReez1k_ listed 10x Nether Wart for $10,000.00 on world
[08:30:10] [ITEM_SOLD]: xReez1k_ sold 10x Nether Wart to TheHappy for $10,000.00 on world
[08:31:08] [ITEM_LISTED]: TheHappy listed 10x Nether Wart for $10,000.00 on forest
[08:31:31] [ITEM_SOLD]: TheHappy sold 10x Nether Wart to Kira for $10,000.00 on forest
[08:33:42] [ITEM_SOLD]: deidara2010 sold 1x Enchanted Book to TheHappy for $3,000.00 on world
[09:07:03] [ITEM_LISTED]: BazukaPlay4k listed 1x Iron Boots [Curse of Binding, Fire Protection IV, Mending] for $2,000.00 on world
[09:07:14] [ITEM_RETURNED]: Returned 1x Iron Chestplate [Mending, Protection III, Thorns II, Unbreaking III] to BazukaPlay4k on world_the_end
[09:07:14] [ITEM_CANCELLED]: BazukaPlay4k cancelled an auction for 1x Iron Chestplate [Mending, Protection III, Thorns II, Unbreaking III] for $2,000.00 on world_the_end
[09:07:14] [ITEM_CANCELLED]: BazukaPlay4k cancelled an auction for 1x Iron Boots [Curse of Binding, Fire Protection IV, Mending] for $2,000.00 on world
[09:07:14] [ITEM_RETURNED]: Returned 1x Iron Boots [Curse of Binding, Fire Protection IV, Mending] to BazukaPlay4k on world
[09:07:20] [ITEM_LISTED]: BazukaPlay4k listed 1x Iron Chestplate [Mending, Protection III, Thorns II, Unbreaking III] for $200.00 on world
[09:07:23] [ITEM_LISTED]: BazukaPlay4k listed 1x Iron Boots [Curse of Binding, Fire Protection IV, Mending] for $200.00 on world
[09:07:30] [ITEM_RETURNED]: Returned 1x Iron Chestplate [Curse of Binding, Unbreaking III] to BazukaPlay4k on world_the_end
[09:07:30] [ITEM_CANCELLED]: BazukaPlay4k cancelled an auction for 1x Iron Chestplate [Curse of Binding, Unbreaking III] for $500.00 on world_the_end
[09:07:32] [ITEM_LISTED]: BazukaPlay4k listed 1x Iron Chestplate [Curse of Binding, Unbreaking III] for $200.00 on world
[09:30:59] [ITEM_LISTED]: Walentin1 listed 16x Oak Planks for $100.00 on world
[09:31:03] [ITEM_SOLD]: Walentin1 sold 16x Oak Planks to BazukaPlay4k for $100.00 on world
[09:59:08] [ITEM_SOLD]: BazukaPlay4k sold 1x Iron Chestplate to  [Mending, Protection III, Thorns II, Unbreaking III]Walentin1 for $200.00 on world
[09:59:37] [ITEM_LISTED]: BazukaPlay4k listed 1x Diamond Chestplate [Protection III, Unbreaking III] for $2,000.00 on world
[10:36:50] [ITEM_SOLD]: BazukaPlay4k sold 1x Iron Chestplate to  [Curse of Binding, Unbreaking III]Val11x for $200.00 on world
[10:37:52] [ITEM_SOLD]: BazukaPlay4k sold 1x Iron Boots to  [Curse of Binding, Fire Protection IV, Mending]Val11x for $200.00 on world
[10:55:45] [ITEM_SOLD]: sarunas sold 16x Ender Pearl to Val11x for $100.00 on world
[11:03:48] [ITEM_LISTED]: Val11x listed 64x Cobblestone for $300.00 on world
[11:04:28] [ITEM_RETURNED]: Returned 1x Diamond Chestplate [Protection III, Unbreaking III] to BazukaPlay4k on world
[11:04:28] [ITEM_CANCELLED]: BazukaPlay4k cancelled an auction for 1x Diamond Chestplate [Protection III, Unbreaking III] for $2,000.00 on world
[11:04:33] [ITEM_LISTED]: BazukaPlay4k listed 1x Diamond Chestplate [Protection III, Unbreaking III] for $1,000.00 on world
[11:04:36] [ITEM_SOLD]: Alkash sold 8x Baked Potato to Val11x for $100.00 on world
[11:04:46] [ITEM_LISTED]: Shadi4 listed 64x Cobblestone for $100.00 on world
[11:05:00] [ITEM_LISTED]: Shadi4 listed 64x Coal for $200.00 on world
[11:30:15] [ITEM_SOLD]: BazukaPlay4k sold 1x Diamond Chestplate to  [Protection III, Unbreaking III]Kira for $1,000.00 on world
[11:30:29] [ITEM_SOLD]: Shadi4 sold 64x Coal to Kira for $200.00 on world
[11:36:33] [ITEM_SOLD]: cactiyo sold 42x [UC] Кунай to Val11x for $500.00 on world
[12:03:59] [ITEM_LISTED]: BazukaPlay4k listed 29x Leather for $400.00 on world
[12:04:17] [ITEM_SOLD]: BazukaPlay4k sold 29x Leather to Kira for $400.00 on world
[13:14:57] [ITEM_LISTED]: BazukaPlay4k listed 32x Lapis Lazuli for $1,000.00 on world
[13:15:15] [ITEM_SOLD]: BazukaPlay4k sold 32x Lapis Lazuli to Walentin1 for $1,000.00 on world
[13:21:57] [ITEM_LISTED]: LagPlayBit listed 16x Ender Pearl for $1,000.00 on world
[13:22:05] [ITEM_LISTED]: LagPlayBit listed 16x Ender Pearl for $100.00 on world
[13:22:09] [ITEM_LISTED]: LagPlayBit listed 16x Ender Pearl for $100.00 on world
[13:22:12] [ITEM_LISTED]: LagPlayBit listed 16x Ender Pearl for $100.00 on world
[13:59:27] [ITEM_LISTED]: XaTiKoXD listed 64x Lapis Lazuli for $9,000.00 on world
[13:59:33] [ITEM_SOLD]: XaTiKoXD sold 64x Lapis Lazuli to TheHappy for $9,000.00 on world
[13:59:37] [ITEM_LISTED]: Walentin1 listed 21x Lapis Lazuli for $2,000.00 on forest
[14:00:03] [ITEM_SOLD]: Walentin1 sold 21x Lapis Lazuli to Minato_Namikadze for $2,000.00 on forest
[14:00:27] [ITEM_LISTED]: takasyu listed 16x Ender Pearl for $100.00 on world
[14:00:30] [ITEM_LISTED]: takasyu listed 16x Ender Pearl for $100.00 on world
[14:00:32] [ITEM_LISTED]: takasyu listed 16x Ender Pearl for $100.00 on world
[14:00:34] [ITEM_LISTED]: takasyu listed 16x Ender Pearl for $100.00 on world
[14:00:36] [ITEM_LISTED]: takasyu listed 16x Ender Pearl for $100.00 on world
[14:02:03] [ITEM_SOLD]: sarunas sold 16x Ender Pearl to Kira for $100.00 on world
[14:50:08] [ITEM_LISTED]: AJIDARDO listed 44x Lapis Lazuli for $2,500.00 on world
[14:50:18] [ITEM_SOLD]: AJIDARDO sold 44x Lapis Lazuli to _MADARA_ for $2,500.00 on world
[14:52:26] [ITEM_LISTED]: _MADARA_ listed 6x Lapis Lazuli for $1,000.00 on world
[14:52:32] [ITEM_SOLD]: _MADARA_ sold 6x Lapis Lazuli to TheHappy for $1,000.00 on world
[14:54:26] [ITEM_LISTED]: Kira listed 22x Lapis Lazuli for $3,000.00 on world
[14:54:35] [ITEM_SOLD]: Kira sold 22x Lapis Lazuli to TheHappy for $3,000.00 on world
[14:54:40] [ITEM_LISTED]: _MADARA_ listed 11x Lapis Lazuli for $3,000.00 on forest
[15:09:38] [ITEM_SOLD]: Shadi4 sold 64x Cobblestone to alicamixa for $100.00 on world
[15:09:40] [ITEM_SOLD]: Val11x sold 64x Cobblestone to alicamixa for $300.00 on world
[15:09:43] [ITEM_SOLD]: VOODOOBOY sold 64x Cobblestone to alicamixa for $100.00 on world
[15:10:03] [ITEM_LISTED]: Walentin1 listed 11x Cobblestone for $200.00 on world
[15:45:05] [ITEM_LISTED]: kakashionelove12 listed 64x [UC] Кунай for $499.00 on forest
[16:18:06] [ITEM_SOLD]: LagPlayBit sold 16x Ender Pearl to purpple for $100.00 on world
[16:21:11] [ITEM_SOLD]: _MADARA_ sold 11x Lapis Lazuli to Minato_Namikadze for $3,000.00 on forest
[16:28:35] [ITEM_LISTED]: Minato_Namikadze listed 16x Ender Pearl for $250.00 on world
[16:28:38] [ITEM_LISTED]: Minato_Namikadze listed 16x Ender Pearl for $250.00 on world
[16:28:41] [ITEM_LISTED]: Minato_Namikadze listed 16x Ender Pearl for $250.00 on world
[16:28:49] [ITEM_LISTED]: Minato_Namikadze listed 16x Ender Pearl for $250.00 on world
[16:28:51] [ITEM_LISTED]: Minato_Namikadze listed 16x Ender Pearl for $250.00 on world
[16:34:41] [ITEM_SOLD]: cactiyo sold 64x [UC] Кунай to SphinxGate for $900.00 on world
[16:48:07] [ITEM_SOLD]: takasyu sold 16x Ender Pearl to AJIDARDO for $100.00 on world
[16:55:49] [ITEM_LISTED]: levm6454_85 listed 4x String for $100.00 on world
[16:55:52] [ITEM_LISTED]: levm6454_85 listed 33x Spruce Planks for $100.00 on world
[16:55:54] [ITEM_LISTED]: levm6454_85 listed 21x Andesite for $100.00 on world
[16:55:56] [ITEM_LISTED]: levm6454_85 listed 56x Cobblestone for $100.00 on world
[16:56:00] [ITEM_LISTED]: levm6454_85 listed 16x Ender Pearl for $100.00 on world
[18:03:46] [ITEM_SOLD]: levm6454_85 sold 16x Ender Pearl to Minato_kyn for $100.00 on world
[18:03:59] [ITEM_LISTED]: XaTiKoXD listed 1x [UC] Таблетки чакры for $50,000.00 on arena
[18:08:21] [ITEM_LISTED]: XaTiKoXD listed 1x [UC] Таблетки чакры for $50,000.00 on arena
[18:20:52] [ITEM_RETURNED]: Returned 1x [UC] Таблетки чакры to XaTiKoXD on arena
[18:20:52] [ITEM_CANCELLED]: XaTiKoXD cancelled an auction for 1x [UC] Таблетки чакры for $50,000.00 on arena
[18:30:08] [ITEM_LISTED]: XaTiKoXD listed 1x [UC] Таблетки чакры for $50,000.00 on arena
[18:33:06] [ITEM_CANCELLED]: XaTiKoXD cancelled an auction for 1x [UC] Таблетки чакры for $50,000.00 on arena
[18:33:06] [ITEM_RETURNED]: Returned 1x [UC] Таблетки чакры to XaTiKoXD on arena
[18:34:53] [ITEM_RETURNED]: Returned 1x [UC] Таблетки чакры to XaTiKoXD on arena
[18:34:53] [ITEM_CANCELLED]: XaTiKoXD cancelled an auction for 1x [UC] Таблетки чакры for $50,000.00 on arena
[18:39:04] [ITEM_LISTED]: Walentin1 listed 20x Lapis Lazuli for $2,600.00 on world
[18:39:19] [ITEM_SOLD]: Walentin1 sold 20x Lapis Lazuli to Minato_Namikadze for $2,600.00 on world
[18:41:05] [ITEM_LISTED]: XaTiKoXD listed 61x Cooked Porkchop for $50,000.00 on world
[18:41:08] [ITEM_LISTED]: XaTiKoXD listed 17x Cooked Porkchop for $50,000.00 on world
[18:42:44] [ITEM_LISTED]: XaTiKoXD listed 2x Golden Apple for $50,000.00 on world
[19:09:51] [ITEM_CANCELLED]: _MADARA_ cancelled an auction for 16x Ender Pearl for $100.00 on world_the_end
[19:09:51] [ITEM_RETURNED]: Returned 16x Ender Pearl to _MADARA_ on world_the_end
[19:25:54] [ITEM_SOLD]: levm6454_85 sold 33x Spruce Planks to Kira for $100.00 on world
[19:57:58] [ITEM_LISTED]: deidara2010 listed 16x Ender Pearl for $100.00 on world_the_end
[19:57:58] [ITEM_LISTED]: Kira listed 64x Lapis Lazuli for $2,000.00 on world
[19:58:23] [ITEM_SOLD]: Kira sold 64x Lapis Lazuli to Murik_936 for $2,000.00 on world
[19:58:40] [ITEM_LISTED]: deidara2010 listed 16x Ender Pearl for $100.00 on world_the_end
[19:58:58] [ITEM_LISTED]: deidara2010 listed 16x Ender Pearl for $100.00 on world_the_end
[19:59:31] [ITEM_SOLD]: LagPlayBit sold 16x Ender Pearl to Deydara_228 for $100.00 on world
[20:00:06] [ITEM_LISTED]: deidara2010 listed 16x Ender Pearl for $100.00 on world_the_end
[20:01:34] [ITEM_LISTED]: 3_madara_3 listed 16x Ender Pearl for $100.00 on world
[20:01:38] [ITEM_LISTED]: 3_madara_3 listed 16x Ender Pearl for $100.00 on world
[20:02:02] [ITEM_LISTED]: Kira listed 64x Lapis Lazuli for $2,500.00 on world
[20:02:06] [ITEM_LISTED]: 3_madara_3 listed 16x Ender Pearl for $100.00 on world
[20:02:14] [ITEM_LISTED]: 3_madara_3 listed 16x Ender Pearl for $100.00 on world
[20:02:17] [ITEM_LISTED]: 3_madara_3 listed 16x Ender Pearl for $100.00 on world
[20:03:30] [ITEM_LISTED]: Murik_936 listed 64x Lapis Lazuli for $2,200.00 on world
[21:58:55] [ITEM_LISTED]: x__Sasori__x listed 6x Cornflower for $1,000.00 on world
[22:41:31] [ITEM_LISTED]: Alkash listed 10x Baked Potato for $100.00 on world
[22:41:57] [ITEM_LISTED]: Alkash listed 10x Bread for $100.00 on world
[23:27:32] [ITEM_CANCELLED]: XaTiKoXD cancelled an auction for 17x Cooked Porkchop for $50,000.00 on world
[23:27:32] [ITEM_RETURNED]: Returned 17x Cooked Porkchop to XaTiKoXD on world
[23:27:33] [ITEM_RETURNED]: Returned 8x Cooked Porkchop to XaTiKoXD on arena
[23:27:33] [ITEM_CANCELLED]: XaTiKoXD cancelled an auction for 8x Cooked Porkchop for $50,000.00 on arena
[23:27:50] [ITEM_LISTED]: TommoGames listed 64x Cooked Porkchop for $100.00 on world
[23:27:53] [ITEM_SOLD]: TommoGames sold 64x Cooked Porkchop to XaTiKoXD for $100.00 on world
[23:27:59] [ITEM_LISTED]: XaTiKoXD listed 27x Cooked Porkchop for $50,000.00 on forest
