[12:51:19] [ITEM_SOLD]: Alkash sold 1x Honey Bottle to Minato_Namikadze for $100.00 on world
[13:00:47] [ITEM_LISTED]: Rasty_2345 listed 16x Ender Pearl for $200.00 on forest
[13:00:54] [ITEM_LISTED]: Rasty_2345 listed 16x Ender Pearl for $100.00 on forest
[13:07:39] [ITEM_LISTED]: janabakana listed 64x Cookie for $100.00 on world
[13:07:44] [ITEM_LISTED]: janabakana listed 64x Cookie for $100.00 on world
[13:07:46] [ITEM_LISTED]: janabakana listed 64x Cookie for $100.00 on world
[13:07:48] [ITEM_LISTED]: janabakana listed 64x Cookie for $100.00 on world
[14:46:56] [ITEM_SOLD]: xxx_Itachi_xxx sold 16x Ender Pearl to raqaal for $300.00 on world
[15:03:42] [ITEM_LISTED]: Danila1479 listed 64x Wheat Seeds for $100.00 on world
[15:03:46] [ITEM_LISTED]: Danila1479 listed 64x Wheat Seeds for $100.00 on world
[15:03:49] [ITEM_LISTED]: Danila1479 listed 16x Bread for $100.00 on world
[15:03:52] [ITEM_LISTED]: Danila1479 listed 64x Wheat Seeds for $100.00 on world
[15:03:53] [ITEM_LISTED]: Danila1479 listed 64x Wheat Seeds for $100.00 on world
[15:09:31] [ITEM_SOLD]: Danila1479 sold 16x Bread to AJIDARDO for $100.00 on world
[16:47:56] [ITEM_SOLD]: Rasty_2345 sold 16x Ender Pearl to janabakana for $100.00 on forest
[16:50:04] [ITEM_SOLD]: VOODOOBOY sold 64x Cobblestone to janabakana for $100.00 on world
[17:00:27] [ITEM_SOLD]: Danila1479 sold 64x Wheat Seeds to Lipton12354 for $100.00 on world
[17:00:29] [ITEM_SOLD]: Danila1479 sold 64x Wheat Seeds to Lipton12354 for $100.00 on world
[17:00:30] [ITEM_SOLD]: Danila1479 sold 64x Wheat Seeds to Lipton12354 for $100.00 on world
[17:00:33] [ITEM_SOLD]: Danila1479 sold 64x Wheat Seeds to Lipton12354 for $100.00 on world
[17:31:03] [ITEM_LISTED]: MrEnotoPandaYTka listed 64x Lapis Lazuli for $4,000.00 on world
[17:31:12] [ITEM_LISTED]: MrEnotoPandaYTka listed 63x Lapis Lazuli for $3,990.00 on world
[17:31:27] [ITEM_CANCELLED]: MrEnotoPandaYTka cancelled an auction for 63x Lapis Lazuli for $3,990.00 on world
[17:31:27] [ITEM_RETURNED]: Returned 63x Lapis Lazuli to MrEnotoPandaYTka on world
[17:31:44] [ITEM_LISTED]: MrEnotoPandaYTka listed 50x Lapis Lazuli for $3,600.00 on world
[17:33:54] [ITEM_LISTED]: MrEnotoPandaYTka listed 64x Lapis Lazuli for $4,000.00 on world
[17:45:37] [ITEM_LISTED]: KOT_HAPKOT listed 64x [UC] Кунай for $1,200.00 on world
[17:52:44] [ITEM_LISTED]: killua30ldyck listed 12x Ender Pearl for $150.00 on world
[18:58:57] [ITEM_LISTED]: Danila1479 listed 30x Lapis Lazuli for $100.00 on world
[18:59:23] [ITEM_SOLD]: Danila1479 sold 30x Lapis Lazuli to beybarus for $100.00 on world
[18:59:25] [ITEM_SOLD]: janabakana sold 64x Cookie to Lipton12354 for $100.00 on world
[18:59:35] [ITEM_LISTED]: Danila1479 listed 64x Redstone for $100.00 on world
[19:00:17] [ITEM_LISTED]: Alkash listed 16x Lapis Lazuli for $500.00 on world
[19:00:31] [ITEM_SOLD]: janabakana sold 64x Cookie to lofly for $100.00 on world
[19:00:33] [ITEM_SOLD]: janabakana sold 64x Cookie to lofly for $100.00 on world
[19:22:43] [ITEM_SOLD]: Rasty_2345 sold 16x Ender Pearl to sarunas for $200.00 on forest
[19:22:48] [ITEM_SOLD]: _MADARA_ sold 16x Ender Pearl to sarunas for $200.00 on world_the_end
[19:22:58] [ITEM_SOLD]: deidara2010 sold 16x Ender Pearl to sarunas for $250.00 on world_the_end
[19:23:01] [ITEM_SOLD]: Verox_ sold 32x Cookie to RUSSKIYCHELOVEKO for $125.00 on world
[19:23:02] [ITEM_SOLD]: deidara2010 sold 16x Ender Pearl to sarunas for $200.00 on world_the_end
[19:23:04] [ITEM_SOLD]: Arbuzka sold 16x Ender Pearl to RUSSKIYCHELOVEKO for $300.00 on world
[19:23:07] [ITEM_SOLD]: Arbuzka sold 16x Ender Pearl to RUSSKIYCHELOVEKO for $300.00 on world
[19:23:14] [ITEM_SOLD]: Verox_ sold 64x Cookie to RUSSKIYCHELOVEKO for $250.00 on world
[19:43:33] [ITEM_SOLD]: janabakana sold 64x Cookie to Lipton12354 for $100.00 on world
[19:58:24] [ITEM_LISTED]: sarunas listed 1x Arrow for $100.00 on world
[19:59:15] [ITEM_SOLD]: Tobio28 sold 1x Shield to RUSSKIYCHELOVEKO for $250.00 on world
[20:04:36] [ITEM_LISTED]: lofly listed 2x Dirt for $100.00 on world
[20:29:58] [ITEM_LISTED]: Alkash listed 1x Name Tag for $2,000.00 on world
[20:52:18] [ITEM_SOLD]: killua30ldyck sold 12x Ender Pearl to xxx_Itachi_xxx for $150.00 on world
[20:53:16] [ITEM_SOLD]: deidara2010 sold 16x Ender Pearl to _MADARA_ for $500.00 on world_the_end
[21:03:44] [ITEM_CANCELLED]: Alkash cancelled an auction for 16x Lapis Lazuli for $500.00 on world
[21:03:44] [ITEM_CANCELLED]: Alkash cancelled an auction for 1x Name Tag for $2,000.00 on world
[21:03:44] [ITEM_RETURNED]: Returned 1x Name Tag to Alkash on world
[21:03:44] [ITEM_RETURNED]: Returned 16x Lapis Lazuli to Alkash on world
[21:05:27] [ITEM_LISTED]: Alkash listed 16x Bread for $100.00 on world
[21:21:52] [ITEM_LISTED]: Alkash listed 1x Name Tag for $1,000.00 on world
[21:22:00] [ITEM_SOLD]: Alkash sold 1x Name Tag to Phoenix_Sparks for $1,000.00 on world
[21:33:52] [ITEM_LISTED]: Phoenix_Sparks listed 1x Name Tag for $3,350.00 on world_the_end
[21:34:09] [ITEM_SOLD]: Phoenix_Sparks sold 1x Name Tag to xxx_Itachi_xxx for $3,350.00 on world_the_end
[22:50:21] [ITEM_SOLD]: Alkash sold 16x Bread to cactiyo for $100.00 on world
[23:01:15] [ITEM_LISTED]: Alkash listed 3x Bamboo for $100.00 on world
