[00:46:21] [ITEM_LISTED]: TommoGames listed 16x Ender Pearl for $1,000.00 on world_the_end
[00:46:24] [ITEM_LISTED]: TommoGames listed 16x Ender Pearl for $1,000.00 on world_the_end
[00:46:28] [ITEM_LISTED]: TommoGames listed 16x Ender Pearl for $1,000.00 on world_the_end
[00:46:30] [ITEM_LISTED]: TommoGames listed 16x Ender Pearl for $1,000.00 on world_the_end
[00:46:37] [ITEM_LISTED]: TommoGames listed 16x Ender Pearl for $1,000.00 on world_the_end
[04:56:12] [ITEM_LISTED]: beybarus listed 64x Diamond for $25,000.00 on world
[08:56:48] [ITEM_SOLD]: kakashionelove12 sold 64x [UC] Кунай to 1_DarkrSous_1 for $499.00 on forest
[09:22:53] [ITEM_SOLD]: Alkash sold 10x Bread to 1_DarkrSous_1 for $100.00 on world
[09:32:32] [ITEM_SOLD]: Alkash sold 10x Baked Potato to 1_DarkrSous_1 for $100.00 on world
[09:45:44] [ITEM_LISTED]: levm6454_85 listed 19x Cooked Porkchop for $200.00 on forest
[09:45:48] [ITEM_SOLD]: levm6454_85 sold 19x Cooked Porkchop to xReez1k_ for $200.00 on forest
[09:50:56] [ITEM_LISTED]: 1_DarkrSous_1 listed 32x Apple for $1,000.00 on world
[09:53:57] [ITEM_CANCELLED]: 1_DarkrSous_1 cancelled an auction for 32x Apple for $1,000.00 on world
[09:53:57] [ITEM_RETURNED]: Returned 32x Apple to 1_DarkrSous_1 on world
[10:11:37] [ITEM_LISTED]: BazukaPlay4k listed 1x Iron Leggings [Mending, Protection III, Unbreaking III] for $2,000.00 on world
[11:07:29] [ITEM_SOLD]: levm6454_85 sold 56x Cobblestone to BazukaPlay4k for $100.00 on world
[11:33:20] [ITEM_CANCELLED]: danu cancelled an auction for 64x [UC] Кунай for $100,000.00 on forest
[11:33:20] [ITEM_RETURNED]: Returned 64x [UC] Кунай to danu on forest
[11:33:57] [ITEM_LISTED]: danu listed 64x [UC] Кунай for $10,000.00 on forest
[11:35:43] [ITEM_CANCELLED]: danu cancelled an auction for 1x [UC] Стартовый набор for $100,000.00 on world
[11:35:43] [ITEM_RETURNED]: Returned 1x [UC] Стартовый набор to danu on world
[11:45:34] [ITEM_SOLD]: Kira sold 64x Lapis Lazuli to TheHappy for $2,500.00 on world
[11:45:37] [ITEM_SOLD]: Murik_936 sold 64x Lapis Lazuli to TheHappy for $2,200.00 on world
[11:49:54] [ITEM_LISTED]: NOT18721 listed 12x Iron Ingot for $3,000.00 on world
[11:50:00] [ITEM_SOLD]: NOT18721 sold 12x Iron Ingot to TheHappy for $3,000.00 on world
[12:07:35] [ITEM_LISTED]: danu listed 45x [UC] Кунай for $10,000.00 on forest
[12:46:24] [ITEM_CANCELLED]: danu cancelled an auction for 64x Torch for $10,000.00 on world
[12:46:24] [ITEM_RETURNED]: Returned 64x Torch to danu on world
[13:14:24] [ITEM_LISTED]: danu listed 6x Gold Ore for $100.00 on world
[13:14:47] [ITEM_CANCELLED]: danu cancelled an auction for 6x Gold Ore for $100.00 on world
[13:14:47] [ITEM_RETURNED]: Returned 6x Gold Ore to danu on world
[13:14:58] [ITEM_LISTED]: danu listed 41x Iron Ore for $100.00 on world
[13:22:26] [ITEM_RETURNED]: Returned 45x [UC] Кунай to danu on forest
[13:22:26] [ITEM_CANCELLED]: danu cancelled an auction for 45x [UC] Кунай for $10,000.00 on forest
[13:54:22] [ITEM_SOLD]: cactiyo sold 64x [UC] Кунай to ZevsYT0 for $900.00 on world
[14:08:11] [ITEM_LISTED]: kakashionelove12 listed 64x Bamboo for $199.00 on world
[14:08:33] [ITEM_SOLD]: danu sold 41x Iron Ore to Mifedromskiy for $100.00 on world
[14:10:02] [ITEM_LISTED]: ZevsYT0 listed 64x Bamboo for $999.00 on world
[14:10:08] [ITEM_LISTED]: ZevsYT0 listed 64x Bamboo for $1,000.00 on world
[14:10:10] [ITEM_LISTED]: kakashionelove12 listed 64x Bamboo for $599.00 on world
[14:10:12] [ITEM_LISTED]: ZevsYT0 listed 57x Bamboo for $999.00 on world
[14:10:16] [ITEM_LISTED]: ZevsYT0 listed 64x Bamboo for $1,000.00 on world
[14:10:23] [ITEM_LISTED]: kakashionelove12 listed 64x Bamboo for $666.00 on world
[14:10:28] [ITEM_LISTED]: kakashionelove12 listed 64x Bamboo for $111.00 on world
[14:10:34] [ITEM_LISTED]: kakashionelove12 listed 64x Bamboo for $222.00 on world
[15:07:13] [ITEM_SOLD]: deidara2010 sold 16x Ender Pearl to 266666666666666 for $100.00 on world_the_end
[15:09:19] [ITEM_LISTED]: ZevsYT0 listed 2x Egg for $100.00 on world
[15:09:31] [ITEM_LISTED]: Abimansur listed 16x Ender Pearl for $500.00 on forest
[15:09:34] [ITEM_LISTED]: Abimansur listed 16x Ender Pearl for $500.00 on forest
[15:14:50] [ITEM_SOLD]: levm6454_85 sold 4x String to ZevsYT0 for $100.00 on world
[15:16:35] [ITEM_LISTED]: AJIDARDO listed 64x Cobblestone for $200.00 on world
[15:16:53] [ITEM_SOLD]: BazukaPlay4k sold 1x Iron Leggings to  [Mending, Protection III, Unbreaking III]dfaniil090 for $2,000.00 on world
[15:17:25] [ITEM_LISTED]: AJIDARDO listed 64x Cobblestone for $100.00 on world
[15:17:33] [ITEM_LISTED]: AJIDARDO listed 64x Cobblestone for $100.00 on world
[15:17:37] [ITEM_LISTED]: AJIDARDO listed 64x Cobblestone for $100.00 on world
[15:17:39] [ITEM_LISTED]: AJIDARDO listed 64x Cobblestone for $100.00 on world
[15:20:30] [ITEM_SOLD]: ZevsYT0 sold 2x Egg to kakashionelove12 for $100.00 on world
[15:20:36] [ITEM_LISTED]: ZevsYT0 listed 32x Birch Planks for $122.00 on world
[15:20:43] [ITEM_SOLD]: ZevsYT0 sold 32x Birch Planks to BazukaPlay4k for $122.00 on world
[15:20:47] [ITEM_LISTED]: ZevsYT0 listed 12x Oak Planks for $122.00 on world
[15:24:50] [ITEM_LISTED]: Alkash listed 10x Baked Potato for $100.00 on world
[15:49:56] [ITEM_SOLD]: 3_madara_3 sold 16x Ender Pearl to ZevsYT0 for $100.00 on world
[15:52:46] [ITEM_LISTED]: Alkash listed 1x Enchanted Book for $1,500.00 on world
[16:28:19] [ITEM_SOLD]: beybarus sold 64x Diamond to Lipton12354 for $25,000.00 on world
[16:33:53] [ITEM_LISTED]: _MaksTop_300 listed 1x Diamond Leggings for $650.00 on world
[16:34:05] [ITEM_LISTED]: _MaksTop_300 listed 1x Diamond Leggings for $650.00 on world
[16:34:10] [ITEM_LISTED]: _MaksTop_300 listed 1x Diamond Leggings for $650.00 on world
[16:34:23] [ITEM_LISTED]: _MaksTop_300 listed 1x Diamond Chestplate for $1,050.00 on world
[16:34:30] [ITEM_LISTED]: _MaksTop_300 listed 1x Diamond Chestplate for $1,050.00 on world
[16:34:47] [ITEM_CANCELLED]: _MaksTop_300 cancelled an auction for 1x Diamond Leggings for $650.00 on world
[16:34:47] [ITEM_RETURNED]: Returned 1x Diamond Leggings to _MaksTop_300 on world
[16:34:47] [ITEM_RETURNED]: Returned 1x Diamond Leggings to _MaksTop_300 on world
[16:34:47] [ITEM_CANCELLED]: _MaksTop_300 cancelled an auction for 1x Diamond Leggings for $650.00 on world
[16:34:48] [ITEM_RETURNED]: Returned 1x Diamond Leggings to _MaksTop_300 on world
[16:34:48] [ITEM_CANCELLED]: _MaksTop_300 cancelled an auction for 1x Diamond Leggings for $650.00 on world
[16:34:55] [ITEM_LISTED]: _MaksTop_300 listed 1x Diamond Helmet for $650.00 on world
[16:35:01] [ITEM_LISTED]: _MaksTop_300 listed 1x Diamond Helmet for $650.00 on world
[16:35:05] [ITEM_LISTED]: _MaksTop_300 listed 1x Diamond Helmet for $650.00 on world
[16:36:20] [ITEM_SOLD]: _MaksTop_300 sold 1x Diamond Helmet to Alkash for $650.00 on world
[16:36:39] [ITEM_LISTED]: _MaksTop_300 listed 1x Diamond Leggings for $680.00 on world
[16:38:44] [ITEM_LISTED]: Alkash listed 1x Fishing Rod for $100.00 on world
[16:39:51] [ITEM_SOLD]: _MaksTop_300 sold 1x Diamond Leggings to beybarus for $680.00 on world
[16:39:53] [ITEM_SOLD]: _MaksTop_300 sold 1x Diamond Helmet to beybarus for $650.00 on world
[16:39:55] [ITEM_SOLD]: _MaksTop_300 sold 1x Diamond Helmet to beybarus for $650.00 on world
[16:39:58] [ITEM_SOLD]: _MaksTop_300 sold 1x Diamond Chestplate to beybarus for $1,050.00 on world
[16:39:59] [ITEM_LISTED]: _MaksTop_300 listed 1x Diamond Leggings for $680.00 on world
[16:40:00] [ITEM_SOLD]: _MaksTop_300 sold 1x Diamond Chestplate to beybarus for $1,050.00 on world
[16:40:04] [ITEM_SOLD]: _MaksTop_300 sold 1x Diamond Leggings to beybarus for $680.00 on world
[16:40:04] [ITEM_LISTED]: _MaksTop_300 listed 1x Diamond Leggings for $680.00 on world
[16:40:12] [ITEM_LISTED]: _MaksTop_300 listed 1x Diamond Boots for $300.00 on world
[16:40:13] [ITEM_SOLD]: _MaksTop_300 sold 1x Diamond Leggings to beybarus for $680.00 on world
[16:40:16] [ITEM_LISTED]: _MaksTop_300 listed 1x Diamond Boots for $300.00 on world
[16:40:16] [ITEM_SOLD]: _MaksTop_300 sold 1x Diamond Boots to beybarus for $300.00 on world
[16:40:20] [ITEM_SOLD]: _MaksTop_300 sold 1x Diamond Boots to beybarus for $300.00 on world
[16:40:26] [ITEM_SOLD]: sarunas sold 16x Ender Pearl to Stanislav228 for $100.00 on world
[16:40:51] [ITEM_SOLD]: Alkash sold 1x Fishing Rod to Stanislav228 for $100.00 on world
[16:57:38] [ITEM_SOLD]: Alkash sold 10x Baked Potato to 266666666666666 for $100.00 on world
[16:58:02] [ITEM_LISTED]: Alkash listed 10x Baked Potato for $100.00 on world
[17:04:08] [ITEM_SOLD]: Alkash sold 10x Baked Potato to Lacari for $100.00 on world
[17:04:20] [ITEM_LISTED]: Alkash listed 10x Baked Potato for $100.00 on world
[17:07:34] [ITEM_LISTED]: BazukaPlay4k listed 1x Diamond Pickaxe [Efficiency IV, Fortune III, Unbreaking III, Curse of Vanishing] for $30,000.00 on world
[17:09:57] [ITEM_LISTED]: Lacari listed 1x Elytra for $30,000.00 on world
[17:10:07] [ITEM_LISTED]: Lacari listed 1x Dragon Head for $15,000.00 on world
[17:10:29] [ITEM_LISTED]: Lacari listed 1x Dragon Head for $15,000.00 on world
[17:13:25] [ITEM_SOLD]: Lacari sold 1x Dragon Head to Lipton12354 for $15,000.00 on world
[17:15:26] [ITEM_LISTED]: EnderPearlEP listed 64x Sweet Berries for $500.00 on world
[17:17:50] [ITEM_LISTED]: EnderPearlEP listed 64x Sweet Berries for $500.00 on world
[17:35:03] [ITEM_LISTED]: Minato_kyn listed 2x Lead for $1,500.00 on world
[17:38:09] [ITEM_CANCELLED]: Minato_kyn cancelled an auction for 2x Lead for $1,500.00 on world
[17:38:09] [ITEM_RETURNED]: Returned 2x Lead to Minato_kyn on world
[17:38:20] [ITEM_LISTED]: Minato_kyn listed 2x Lead for $1,100.00 on world
[17:41:27] [ITEM_LISTED]: Minato_kyn listed 17x Leather for $1,100.00 on world
[17:41:50] [ITEM_LISTED]: Minato_kyn listed 64x Redstone for $1,200.00 on world
[17:41:58] [ITEM_LISTED]: Minato_kyn listed 1x Golden Apple for $2,000.00 on world
[17:55:52] [ITEM_LISTED]: XaTiKoXD listed 2x [UC] Таблетки чакры for $100,000.00 on world
[17:55:55] [ITEM_LISTED]: XaTiKoXD listed 1x [UC] Таблетки чакры for $100,000.00 on world
[19:21:06] [ITEM_LISTED]: 3_madara_3 listed 16x Ender Pearl for $100.00 on world
[19:50:11] [ITEM_LISTED]: Kira listed 64x Sugar Cane for $700.00 on world
[19:50:22] [ITEM_SOLD]: Kira sold 64x Sugar Cane to AJIDARDO for $700.00 on world
[19:57:23] [ITEM_SOLD]: Lacari sold 1x Elytra to Phoenix_Sparks for $30,000.00 on world
[20:02:54] [ITEM_SOLD]: Danila1479 sold 64x Redstone to Murik_936 for $100.00 on world
[20:03:44] [ITEM_SOLD]: Minato_kyn sold 64x Redstone to Murik_936 for $1,200.00 on world
[20:04:15] [ITEM_LISTED]: Murik_936 listed 64x Redstone for $1,200.00 on world
[20:19:34] [ITEM_SOLD]: 3_madara_3 sold 16x Ender Pearl to AJIDARDO for $100.00 on world
[20:19:35] [ITEM_CANCELLED]: XaTiKoXD cancelled an auction for 2x [UC] Таблетки чакры for $100,000.00 on world
[20:19:35] [ITEM_RETURNED]: Returned 2x [UC] Таблетки чакры to XaTiKoXD on world
[20:19:36] [ITEM_CANCELLED]: XaTiKoXD cancelled an auction for 1x [UC] Таблетки чакры for $100,000.00 on world
[20:19:36] [ITEM_RETURNED]: Returned 1x [UC] Таблетки чакры to XaTiKoXD on world
[20:19:39] [ITEM_RETURNED]: Returned 2x Golden Apple to XaTiKoXD on world
[20:19:39] [ITEM_CANCELLED]: XaTiKoXD cancelled an auction for 2x Golden Apple for $50,000.00 on world
[20:32:00] [ITEM_LISTED]: 3_madara_3 listed 16x Ender Pearl for $100.00 on world
[20:57:44] [ITEM_RETURNED]: Returned 64x Cobblestone to AJIDARDO on world
[20:57:44] [ITEM_CANCELLED]: AJIDARDO cancelled an auction for 64x Cobblestone for $200.00 on world
[20:57:45] [ITEM_CANCELLED]: AJIDARDO cancelled an auction for 64x Cobblestone for $100.00 on world
[20:57:45] [ITEM_RETURNED]: Returned 64x Cobblestone to AJIDARDO on world
[20:57:45] [ITEM_CANCELLED]: AJIDARDO cancelled an auction for 64x Cobblestone for $100.00 on world
[20:57:45] [ITEM_RETURNED]: Returned 64x Cobblestone to AJIDARDO on world
[20:57:45] [ITEM_CANCELLED]: AJIDARDO cancelled an auction for 64x Cobblestone for $100.00 on world
[20:57:45] [ITEM_RETURNED]: Returned 64x Cobblestone to AJIDARDO on world
[20:57:46] [ITEM_RETURNED]: Returned 64x Cobblestone to AJIDARDO on world
[20:57:46] [ITEM_CANCELLED]: AJIDARDO cancelled an auction for 64x Cobblestone for $100.00 on world
[22:45:51] [ITEM_SOLD]: Alkash sold 10x Baked Potato to Contriver_5 for $100.00 on world
[23:02:30] [ITEM_SOLD]: EnderPearlEP sold 64x Sweet Berries to Contriver_5 for $500.00 on world
[23:02:31] [ITEM_SOLD]: EnderPearlEP sold 64x Sweet Berries to Contriver_5 for $500.00 on world
