[01:15:09] [ITEM_LISTED]: sumerkinka listed 1x Name Tag for $1,000.00 on world
[01:15:13] [ITEM_SOLD]: sumerkinka sold 1x Name Tag to Lipton12354 for $1,000.00 on world
[02:07:11] [ITEM_LISTED]: BazukaPlay4k listed 1x Diamond Pickaxe [Efficiency IV, Fortune III, Unbreaking III] for $12,000.00 on world
[04:25:04] [ITEM_SOLD]: BazukaPlay4k sold 1x Diamond Pickaxe to  [Efficiency IV, Fortune III, Unbreaking III]beybarus for $12,000.00 on world
[06:33:54] [ITEM_LISTED]: valekH listed 14x Ender Pearl for $3,500.00 on world_the_end
[10:01:16] [ITEM_LISTED]: Uchiha_DasteR listed 1x Diamond Helmet [Mending, Protection IV] for $2,500.00 on world
[10:01:17] [ITEM_LISTED]: Uchiha_DasteR listed 1x Diamond Chestplate [Mending, Protection IV] for $2,500.00 on world
[10:01:18] [ITEM_LISTED]: Uchiha_DasteR listed 1x Diamond Leggings [Mending, Protection IV] for $2,500.00 on world
[10:01:20] [ITEM_LISTED]: Uchiha_DasteR listed 1x Diamond Boots [Mending, Protection IV] for $2,500.00 on world
[10:01:24] [ITEM_SOLD]: Uchiha_DasteR sold 1x Diamond Chestplate to  [Mending, Protection IV]Quincy for $2,500.00 on world
[10:01:27] [ITEM_SOLD]: Uchiha_DasteR sold 1x Diamond Leggings to  [Mending, Protection IV]Quincy for $2,500.00 on world
[10:01:29] [ITEM_SOLD]: Uchiha_DasteR sold 1x Diamond Boots to  [Mending, Protection IV]Quincy for $2,500.00 on world
[10:01:31] [ITEM_SOLD]: Uchiha_DasteR sold 1x Diamond Helmet to  [Mending, Protection IV]Quincy for $2,500.00 on world
[10:10:10] [ITEM_LISTED]: fgredy listed 64x Bamboo for $100.00 on world
[10:10:14] [ITEM_LISTED]: fgredy listed 64x Bamboo for $100.00 on world
[10:10:18] [ITEM_LISTED]: fgredy listed 64x Bamboo for $100.00 on world
[10:10:24] [ITEM_LISTED]: fgredy listed 64x Bamboo for $100.00 on world
[10:10:45] [ITEM_LISTED]: Danila1479 listed 64x Bamboo for $100.00 on world
[10:10:49] [ITEM_LISTED]: Danila1479 listed 64x Bamboo for $100.00 on world
[10:12:16] [ITEM_LISTED]: Quincy listed 32x Cooked Porkchop for $100.00 on forest
[11:23:09] [ITEM_LISTED]: BazukaPlay4k listed 1x Buried Treasure Map for $200.00 on world
[12:12:28] [ITEM_LISTED]: danu listed 64x [UC] Кунай for $100,000.00 on forest
[12:12:29] [ITEM_LISTED]: BazukaPlay4k listed 1x Fishing Rod [Mending] for $4,000.00 on world
[12:17:50] [ITEM_SOLD]: Quincy sold 32x Cooked Porkchop to Mihlarr for $100.00 on forest
[12:17:53] [ITEM_LISTED]: BazukaPlay4k listed 64x Beef for $200.00 on world
[12:34:24] [ITEM_CANCELLED]: danu cancelled an auction for 13x Bread for $100,000.00 on world
[12:34:24] [ITEM_RETURNED]: Returned 13x Bread to danu on world
[12:34:26] [ITEM_RETURNED]: Returned 64x Cobblestone to danu on world
[12:34:26] [ITEM_CANCELLED]: danu cancelled an auction for 64x Cobblestone for $100.00 on world
[12:34:26] [ITEM_CANCELLED]: danu cancelled an auction for 64x Cobblestone for $100.00 on world
[12:34:26] [ITEM_RETURNED]: Returned 64x Cobblestone to danu on world
[12:34:46] [ITEM_LISTED]: danu listed 26x Coal for $100.00 on world
[12:35:50] [ITEM_LISTED]: danu listed 16x Redstone for $100.00 on world
[12:35:57] [ITEM_LISTED]: danu listed 64x End Stone for $100.00 on world
[12:36:06] [ITEM_LISTED]: danu listed 1x Emerald for $100.00 on world
[12:52:26] [ITEM_SOLD]: GodA1d sold 64x [UC] Кунай to pETYA4343333 for $1,000.00 on world
[14:45:02] [ITEM_CANCELLED]: BazukaPlay4k cancelled an auction for 64x Beef for $200.00 on world
[14:45:02] [ITEM_RETURNED]: Returned 64x Beef to BazukaPlay4k on world
[14:45:03] [ITEM_RETURNED]: Returned 1x Fishing Rod [Mending] to BazukaPlay4k on world
[14:45:03] [ITEM_CANCELLED]: BazukaPlay4k cancelled an auction for 1x Fishing Rod [Mending] for $4,000.00 on world
[14:45:09] [ITEM_LISTED]: BazukaPlay4k listed 1x Fishing Rod [Mending] for $1,000.00 on world
[16:32:47] [ITEM_LISTED]: janabakana listed 1x Experience Bottle for $500.00 on world
[17:01:07] [ITEM_SOLD]: GodA1d sold 64x [UC] Кунай to l1nx for $1,000.00 on world
[17:11:15] [ITEM_SOLD]: danu sold 26x Coal to Lipton12354 for $100.00 on world
[19:45:29] [ITEM_SOLD]: janabakana sold 1x Experience Bottle to Lipton12354 for $500.00 on world
[19:45:37] [ITEM_SOLD]: danu sold 1x Emerald to Lipton12354 for $100.00 on world
[19:57:08] [ITEM_CANCELLED]: Danila1479 cancelled an auction for 64x Bamboo for $100.00 on world
[19:57:08] [ITEM_RETURNED]: Returned 64x Bamboo to Danila1479 on world
[19:57:09] [ITEM_RETURNED]: Returned 64x Bamboo to Danila1479 on world
[19:57:09] [ITEM_CANCELLED]: Danila1479 cancelled an auction for 64x Bamboo for $100.00 on world
[19:57:09] [ITEM_RETURNED]: Returned 64x Bamboo to Danila1479 on world
[19:57:09] [ITEM_CANCELLED]: Danila1479 cancelled an auction for 64x Bamboo for $200.00 on world
[19:57:10] [ITEM_CANCELLED]: Danila1479 cancelled an auction for 64x Bamboo for $200.00 on world
[19:57:10] [ITEM_RETURNED]: Returned 64x Bamboo to Danila1479 on world
[19:57:10] [ITEM_CANCELLED]: Danila1479 cancelled an auction for 55x Bamboo for $500.00 on world
[19:57:10] [ITEM_RETURNED]: Returned 55x Bamboo to Danila1479 on world
[19:57:27] [ITEM_LISTED]: Danila1479 listed 64x Bamboo for $100.00 on world
[19:57:29] [ITEM_LISTED]: Danila1479 listed 64x Bamboo for $100.00 on world
[19:57:31] [ITEM_LISTED]: Danila1479 listed 64x Bamboo for $100.00 on world
[19:57:32] [ITEM_LISTED]: Danila1479 listed 64x Bamboo for $100.00 on world
[20:13:54] [ITEM_LISTED]: 32321jok listed 64x [UC] Кунай for $400.00 on world
[20:20:07] [ITEM_SOLD]: 32321jok sold 64x [UC] Кунай to Lipton12354 for $400.00 on world
[20:23:36] [ITEM_SOLD]: BazukaPlay4k sold 1x Fishing Rod to  [Mending]Canny_Proof1 for $1,000.00 on world
[22:10:16] [ITEM_SOLD]: GodA1d sold 64x [UC] Кунай to MrEnotoPandaYTka for $1,000.00 on world
[22:10:19] [ITEM_SOLD]: GodA1d sold 64x [UC] Кунай to MrEnotoPandaYTka for $1,000.00 on world
[22:10:33] [ITEM_SOLD]: Tobio28 sold 64x [UC] Кунай to MrEnotoPandaYTka for $1,500.00 on world
[22:14:15] [ITEM_SOLD]: BazukaPlay4k sold 1x Buried Treasure Map to Canny_Proof1 for $200.00 on world
[22:31:05] [ITEM_SOLD]: Tobio28 sold 64x [UC] Кунай to MrEnotoPandaYTka for $1,500.00 on world
[22:36:32] [ITEM_SOLD]: valekH sold 14x Ender Pearl to xxx_Itachi_xxx for $3,500.00 on world_the_end
[22:41:52] [ITEM_LISTED]: xxx_Itachi_xxx listed 16x Ender Pearl for $1,000.00 on world_the_end
[22:41:56] [ITEM_LISTED]: xxx_Itachi_xxx listed 16x Ender Pearl for $1,000.00 on world_the_end
[22:41:58] [ITEM_LISTED]: xxx_Itachi_xxx listed 16x Ender Pearl for $1,000.00 on world_the_end
[22:53:51] [ITEM_SOLD]: MrEnotoPandaYTka sold 64x Lapis Lazuli to AnGeJlo4ek for $4,000.00 on world
[22:54:37] [ITEM_RETURNED]: Returned 64x [UC] Кунай to MrEnotoPandaYTka on world
[22:54:37] [ITEM_CANCELLED]: MrEnotoPandaYTka cancelled an auction for 64x [UC] Кунай for $4,500.00 on world
[22:54:38] [ITEM_RETURNED]: Returned 64x [UC] Кунай to MrEnotoPandaYTka on world
[22:54:38] [ITEM_CANCELLED]: MrEnotoPandaYTka cancelled an auction for 64x [UC] Кунай for $4,000.00 on world
[23:31:07] [ITEM_SOLD]: xxx_Itachi_xxx sold 16x Ender Pearl to Tobio28 for $1,000.00 on world_the_end
[23:36:08] [ITEM_LISTED]: BazukaPlay4k listed 1x Diamond Pickaxe [Fortune III] for $1,000.00 on world
[23:36:48] [ITEM_SOLD]: BazukaPlay4k sold 1x Diamond Pickaxe to  [Fortune III]_Makc505_ for $1,000.00 on world
