[02:12:03] [ITEM_SOLD]: Val11X1 sold 64x Cobblestone to danhan123 for $100.00 on forest
[06:43:01] [ITEM_LISTED]: danhan123 listed 25x Ink Sac for $100.00 on world
[08:12:28] [ITEM_SOLD]: HROSIFER3 sold 16x Ender Pearl to Xmarat202X for $200.00 on forest
[08:17:16] [ITEM_LISTED]: Xmarat202X listed 64x Sea Pickle for $6,000.00 on world
[08:35:15] [ITEM_LISTED]: Xmarat202X listed 32x Hay Block for $6,000.00 on world
[10:27:50] [ITEM_LISTED]: Rickmest2011 listed 64x Bamboo for $1,500.00 on world
[10:28:21] [ITEM_LISTED]: Rickmest2011 listed 64x Bamboo for $1,500.00 on world
[11:50:27] [ITEM_SOLD]: MergQser sold 6x Bone to kruteluk123321 for $500.00 on world
[13:02:44] [ITEM_LISTED]: Kira listed 32x Lapis Lazuli for $500.00 on world
[13:02:49] [ITEM_SOLD]: Kira sold 32x Lapis Lazuli to kybakimi4i for $500.00 on world
[13:04:26] [ITEM_LISTED]: Kira listed 32x Lapis Lazuli for $500.00 on world
[13:04:28] [ITEM_SOLD]: Kira sold 32x Lapis Lazuli to besit64 for $500.00 on world
[14:03:16] [ITEM_LISTED]: MergQser listed 2x Ender Pearl for $2,000.00 on world_the_end
[14:10:28] [ITEM_RETURNED]: Returned 26x [UC] Стартовый набор to danu on world
[14:10:28] [ITEM_CANCELLED]: danu cancelled an auction for 26x [UC] Стартовый набор for $10,000.00 on world
[14:10:39] [ITEM_RETURNED]: Returned 56x Coal to danu on world
[14:10:39] [ITEM_CANCELLED]: danu cancelled an auction for 56x Coal for $100,000.00 on world
[14:10:39] [ITEM_RETURNED]: Returned 64x Cobblestone to danu on world
[14:10:39] [ITEM_CANCELLED]: danu cancelled an auction for 64x Cobblestone for $1,000.00 on world
[14:10:41] [ITEM_RETURNED]: Returned 24x Coal to danu on world
[14:10:41] [ITEM_CANCELLED]: danu cancelled an auction for 24x Coal for $100.00 on world
[14:14:27] [ITEM_LISTED]: danu listed 64x Coal for $10,000.00 on world
[14:14:33] [ITEM_LISTED]: danu listed 16x Coal for $1,000.00 on world
[14:31:05] [ITEM_CANCELLED]: danu cancelled an auction for 64x Coal for $10,000.00 on world
[14:31:05] [ITEM_RETURNED]: Returned 64x Coal to danu on world
[14:31:06] [ITEM_RETURNED]: Returned 16x Coal to danu on world
[14:31:06] [ITEM_CANCELLED]: danu cancelled an auction for 16x Coal for $1,000.00 on world
[14:39:22] [ITEM_CANCELLED]: MergQser cancelled an auction for 18x Iron Ingot for $1,500.00 on world
[14:39:22] [ITEM_RETURNED]: Returned 18x Iron Ingot to MergQser on world
[14:39:23] [ITEM_RETURNED]: Returned 2x Ender Pearl to MergQser on world_the_end
[14:39:23] [ITEM_CANCELLED]: MergQser cancelled an auction for 2x Ender Pearl for $2,000.00 on world_the_end
[15:02:21] [ITEM_LISTED]: danu listed 64x Chorus Fruit for $1,000.00 on world
[15:07:56] [ITEM_LISTED]: kybakimi4i listed 1x Cooked Rabbit for $200.00 on world
[15:16:05] [ITEM_LISTED]: danu listed 25x [UC] Стартовый набор for $10,000.00 on world
[15:58:13] [ITEM_SOLD]: HROSIFER3 sold 16x Ender Pearl to tsvetosha for $200.00 on forest
[16:21:21] [ITEM_SOLD]: bavbolby sold 64x Rotten Flesh to CokoJl2288 for $100.00 on world
[16:46:12] [ITEM_LISTED]: janabakana listed 64x Redstone Block for $1,000.00 on world
[17:40:13] [ITEM_SOLD]: Aristarh19 sold 64x Dark Oak Planks to CokoJl2288 for $500.00 on world
[17:57:23] [ITEM_CANCELLED]: danu cancelled an auction for 28x Iron Ingot for $100,000.00 on world
[17:57:23] [ITEM_RETURNED]: Returned 28x Iron Ingot to danu on world
[18:06:40] [ITEM_SOLD]: Romirgl sold 16x Ender Pearl to Lipton12354 for $300.00 on world
[19:13:31] [ITEM_LISTED]: Alkash listed 1x Enchanted Book for $100.00 on world
[21:25:40] [ITEM_LISTED]: Alkash listed 1x Enchanted Book for $1,500.00 on world
[21:25:46] [ITEM_LISTED]: Alkash listed 1x Enchanted Book for $1,000.00 on world
[21:33:15] [ITEM_LISTED]: MergQser listed 64x [UC] Кунай for $500.00 on world
[21:33:21] [ITEM_LISTED]: MergQser listed 64x [UC] Кунай for $350.00 on world
[22:03:06] [ITEM_SOLD]: kybakimi4i sold 1x Cooked Rabbit to DIFOLZYABLIK for $200.00 on world
[23:56:18] [ITEM_SOLD]: MergQser sold 64x [UC] Кунай to egoptop1 for $500.00 on world
[23:57:17] [ITEM_SOLD]: MergQser sold 64x [UC] Кунай to egoptop1 for $350.00 on world
