[08:09:28] [ITEM_LISTED]: lingleat listed 1x Iron Trapdoor for $100.00 on world
[08:09:36] [ITEM_LISTED]: lingleat listed 1x Oak Trapdoor for $100.00 on world
[08:09:41] [ITEM_LISTED]: lingleat listed 1x Oak Pressure Plate for $100.00 on world
[08:09:52] [ITEM_LISTED]: lingleat listed 1x Oak Fence for $100.00 on world
[08:10:35] [ITEM_LISTED]: lingleat listed 1x Note Block for $100.00 on world
[11:38:43] [ITEM_LISTED]: TheHappy listed 30x Book for $4,500.00 on world_the_end
[11:38:56] [ITEM_LISTED]: TheHappy listed 15x Leather for $1,200.00 on world_the_end
[11:39:56] [ITEM_SOLD]: TheHappy sold 15x Leather to lingleat for $1,200.00 on world_the_end
[11:40:23] [ITEM_RETURNED]: Returned 30x Book to TheHappy on world_the_end
[11:40:23] [ITEM_CANCELLED]: TheHappy cancelled an auction for 30x Book for $4,500.00 on world_the_end
[12:06:35] [ITEM_LISTED]: TheHappy listed 30x Book for $3,000.00 on forest
[12:06:43] [ITEM_SOLD]: TheHappy sold 30x Book to lingleat for $3,000.00 on forest
[14:02:42] [ITEM_SOLD]: kakashionelove12 sold 64x Bamboo to alexander12 for $222.00 on world
[15:25:40] [ITEM_LISTED]: 266666666666666 listed 15x Lapis Lazuli for $200.00 on world
[18:58:27] [ITEM_LISTED]: danu listed 1x [UC] Стартовый набор for $1,000.00 on world_the_end
[18:58:33] [ITEM_LISTED]: danu listed 1x [UC] Стартовый набор for $1,000.00 on world_the_end
[18:58:41] [ITEM_LISTED]: danu listed 1x [UC] Стартовый набор for $1,000.00 on world_the_end
[19:12:23] [ITEM_SOLD]: 266666666666666 sold 15x Lapis Lazuli to Walentin1 for $200.00 on world
[19:13:59] [ITEM_LISTED]: Kaneuss_ listed 16x Cooked Chicken for $2,000.00 on world
[19:15:39] [ITEM_LISTED]: Walentin1 listed 10x Lapis Lazuli for $1,400.00 on world
[19:17:02] [ITEM_SOLD]: Walentin1 sold 10x Lapis Lazuli to alexander12 for $1,400.00 on world
[20:24:04] [ITEM_SOLD]: Itachi sold 64x Netherrack to TheHouseHouseOne for $1,000.00 on world
[20:25:47] [ITEM_SOLD]: lingleat sold 1x Note Block to Walentin1 for $100.00 on world
[23:37:47] [ITEM_SOLD]: Aristarh19 sold 40x Bone to sharkleon for $240.00 on world
