[00:06:23] [ITEM_SOLD]: Minato_Namikadze sold 16x Ender Pearl to ki8ll_pro for $250.00 on world
[03:20:21] [ITEM_SOLD]: deidara2010 sold 16x Ender Pearl to Val11X1 for $100.00 on world_the_end
[03:36:38] [ITEM_LISTED]: Val11X1 listed 64x Cobblestone for $100.00 on forest
[04:23:30] [ITEM_LISTED]: Val11X1 listed 7x Skeleton Skull for $500.00 on forest
[05:53:23] [ITEM_SOLD]: kakashionelove12 sold 64x Bamboo to Val11X1 for $111.00 on world
[09:38:45] [ITEM_LISTED]: AJIDARDO listed 16x Ender Pearl for $100.00 on world
[09:38:49] [ITEM_LISTED]: AJIDARDO listed 16x Ender Pearl for $100.00 on world
[09:38:51] [ITEM_LISTED]: AJIDARDO listed 16x Ender Pearl for $100.00 on world
[09:38:54] [ITEM_LISTED]: AJIDARDO listed 16x Ender Pearl for $100.00 on world
[09:38:57] [ITEM_LISTED]: AJIDARDO listed 16x Ender Pearl for $100.00 on world
[10:17:56] [ITEM_CANCELLED]: danu cancelled an auction for 64x [UC] Кунай for $100,000.00 on forest
[10:17:56] [ITEM_RETURNED]: Returned 64x [UC] Кунай to danu on forest
[10:41:16] [ITEM_SOLD]: Minato_kyn sold 1x Saddle to _Obito_Uchiha_ for $2,000.00 on world
[10:41:20] [ITEM_SOLD]: Minato_kyn sold 1x Iron Horse Armor to _Obito_Uchiha_ for $1,000.00 on world
[12:21:11] [ITEM_SOLD]: Alkash sold 1x Enchanted Book to Walentin1 for $500.00 on world
[12:23:40] [ITEM_LISTED]: beybarus listed 64x Lapis Lazuli for $6,500.00 on world
[12:23:44] [ITEM_SOLD]: beybarus sold 64x Lapis Lazuli to Walentin1 for $6,500.00 on world
[12:28:09] [ITEM_LISTED]: Romirgl listed 1x Bow [Power III, Unbreaking III] for $4,000.00 on world
[13:00:10] [ITEM_SOLD]: Val11X1 sold 7x Skeleton Skull to ki8ll_pro for $500.00 on forest
[13:41:30] [ITEM_SOLD]: Itachi sold 64x Oak Planks to Shoprr for $1,000.00 on world
[14:15:50] [ITEM_LISTED]: astroK listed 7x Skeleton Skull for $1,500.00 on forest
[14:16:03] [ITEM_CANCELLED]: astroK cancelled an auction for 7x Skeleton Skull for $1,500.00 on forest
[14:16:03] [ITEM_RETURNED]: Returned 7x Skeleton Skull to astroK on forest
[14:16:12] [ITEM_LISTED]: astroK listed 7x Skeleton Skull for $1,750.00 on forest
[14:17:15] [ITEM_SOLD]: xxmorvisxx sold 13x Skeleton Skull to beybarus for $1,000.00 on forest
[14:17:17] [ITEM_RETURNED]: Returned 7x Skeleton Skull to astroK on forest
[14:17:17] [ITEM_CANCELLED]: astroK cancelled an auction for 7x Skeleton Skull for $1,750.00 on forest
[14:17:25] [ITEM_LISTED]: astroK listed 7x Skeleton Skull for $1,000.00 on forest
[14:38:08] [ITEM_RETURNED]: Returned 7x Skeleton Skull to astroK on forest
[14:38:08] [ITEM_CANCELLED]: astroK cancelled an auction for 7x Skeleton Skull for $1,000.00 on forest
[14:38:37] [ITEM_LISTED]: astroK listed 7x Skeleton Skull for $500.00 on world
[15:29:41] [ITEM_SOLD]: TommoGames sold 16x Ender Pearl to OPN4NMAPY for $1,000.00 on world_the_end
[15:54:57] [ITEM_SOLD]: astroK sold 7x Skeleton Skull to Minato_kyn for $500.00 on world
[15:56:26] [ITEM_SOLD]: Jefy sold 1x Leather Chestplate to  [Unbreaking III]PteroDaktel134 for $200.00 on world
[16:16:11] [ITEM_SOLD]: AJIDARDO sold 16x Ender Pearl to InoShikoCho for $100.00 on world
[16:16:13] [ITEM_SOLD]: AJIDARDO sold 16x Ender Pearl to InoShikoCho for $100.00 on world
[16:20:35] [ITEM_SOLD]: kakashionelove12 sold 64x Bamboo to astroK for $199.00 on world
[16:52:51] [ITEM_SOLD]: Jefy sold 1x Leather Chestplate to  [Blast Protection IV]TwixTop_ for $500.00 on world
[17:04:56] [ITEM_SOLD]: MeY_TumanA sold 64x [UC] Кунай to 00_T_O_B_I_00 for $400.00 on world
[17:31:48] [ITEM_SOLD]: Jefy sold 1x Buried Treasure Map to Invers for $700.00 on world
[17:49:11] [ITEM_SOLD]: AJIDARDO sold 16x Ender Pearl to PecMaksik228 for $100.00 on world
[17:49:16] [ITEM_SOLD]: AJIDARDO sold 16x Ender Pearl to PecMaksik228 for $100.00 on world
[18:01:03] [ITEM_SOLD]: cactiyo sold 64x [UC] Кунай to Lipton12354 for $500.00 on world
[18:01:10] [ITEM_SOLD]: cactiyo sold 45x [UC] Кунай to Lipton12354 for $300.00 on world
[18:26:34] [ITEM_LISTED]: Kira listed 14x Iron Ingot for $400.00 on world
[18:26:39] [ITEM_SOLD]: Kira sold 14x Iron Ingot to MeY_TumanA for $400.00 on world
[19:27:12] [ITEM_SOLD]: TommoGames sold 16x Ender Pearl to evil_herobrine for $1,000.00 on world_the_end
[19:44:45] [ITEM_LISTED]: beybarus listed 10x Gold Ingot for $100.00 on world_the_end
[19:44:47] [ITEM_SOLD]: beybarus sold 10x Gold Ingot to BazukaPlay4k for $100.00 on world_the_end
[21:16:04] [ITEM_LISTED]: Minato_kyn listed 1x Enchanted Book for $1,500.00 on world
[21:16:11] [ITEM_LISTED]: Minato_kyn listed 1x Enchanted Book for $1,000.00 on world
[21:16:16] [ITEM_LISTED]: Minato_kyn listed 1x Enchanted Book for $1,000.00 on world
[21:16:33] [ITEM_CANCELLED]: Minato_kyn cancelled an auction for 1x Iron Horse Armor for $1,000.00 on world
[21:16:33] [ITEM_RETURNED]: Returned 1x Iron Horse Armor to Minato_kyn on world
[21:16:37] [ITEM_RETURNED]: Returned 1x Golden Horse Armor to Minato_kyn on world
[21:16:37] [ITEM_CANCELLED]: Minato_kyn cancelled an auction for 1x Golden Horse Armor for $1,000.00 on world
[21:16:44] [ITEM_LISTED]: Minato_kyn listed 1x Enchanted Book for $1,500.00 on world
[21:16:56] [ITEM_LISTED]: Minato_kyn listed 1x Enchanted Book for $1,000.00 on world
[21:38:13] [ITEM_LISTED]: hrapochka listed 7x Skeleton Skull for $1,000.00 on world
[21:55:54] [ITEM_LISTED]: Aristarh19 listed 64x Dark Oak Planks for $500.00 on world
[23:10:26] [ITEM_LISTED]: 3_madara_3 listed 55x [UC] Кунай for $450.00 on world
[23:17:11] [ITEM_LISTED]: 3_madara_3 listed 16x Ender Pearl for $100.00 on world
[23:38:54] [ITEM_LISTED]: Felex1999 listed 64x Bamboo for $50,000.00 on world
[23:39:15] [ITEM_LISTED]: Felex1999 listed 64x Bamboo for $5,000.00 on world
[23:39:38] [ITEM_LISTED]: Felex1999 listed 64x Bamboo for $4,900.00 on world
[23:39:55] [ITEM_LISTED]: Felex1999 listed 64x Bamboo for $5,000.00 on world
[23:40:16] [ITEM_LISTED]: Felex1999 listed 64x Bamboo for $4,300.00 on world
