[06:39:54] [ITEM_SOLD]: deidara2010 sold 16x Ender Pearl to _NIKITA_ for $100.00 on world_the_end
[07:27:14] [ITEM_SOLD]: sarunas sold 1x Arrow to _NIKITA_ for $100.00 on world
[07:27:32] [ITEM_SOLD]: takasyu sold 16x Ender Pearl to _NIKITA_ for $100.00 on world
[07:27:35] [ITEM_SOLD]: takasyu sold 16x Ender Pearl to _NIKITA_ for $100.00 on world
[07:27:37] [ITEM_SOLD]: takasyu sold 16x Ender Pearl to _NIKITA_ for $100.00 on world
[10:31:33] [ITEM_SOLD]: Lacari sold 1x Dragon Head to Itachi for $15,000.00 on world
[10:50:01] [ITEM_LISTED]: _DONNI_ listed 64x Coal for $9,999.00 on world
[10:50:19] [ITEM_LISTED]: _DONNI_ listed 47x Coal for $7,999.00 on world
[10:50:23] [ITEM_SOLD]: _DONNI_ sold 64x Coal to Itachi for $9,999.00 on world
[10:50:26] [ITEM_SOLD]: _DONNI_ sold 47x Coal to Itachi for $7,999.00 on world
[12:11:20] [ITEM_RETURNED]: Returned 64x [UC] Кунай to danu on forest
[12:11:20] [ITEM_CANCELLED]: danu cancelled an auction for 64x [UC] Кунай for $10,000.00 on forest
[12:11:38] [ITEM_LISTED]: danu listed 16x Baked Potato for $100.00 on world
[12:11:44] [ITEM_LISTED]: danu listed 16x Cookie for $100.00 on world
[12:24:15] [ITEM_LISTED]: danu listed 64x [UC] Кунай for $100.00 on forest
[12:24:34] [ITEM_RETURNED]: Returned 16x Cookie to danu on world
[12:24:34] [ITEM_CANCELLED]: danu cancelled an auction for 16x Cookie for $100.00 on world
[12:24:45] [ITEM_LISTED]: danu listed 15x Cooked Porkchop for $10,000.00 on forest
[12:34:05] [ITEM_SOLD]: Minato_kyn sold 17x Leather to beybarus for $1,100.00 on world
[13:16:36] [ITEM_SOLD]: danu sold 64x [UC] Кунай to NYRA for $100.00 on forest
[13:34:21] [ITEM_LISTED]: Walentin1 listed 6x Lapis Lazuli for $3,000.00 on world
[13:34:23] [ITEM_SOLD]: Walentin1 sold 6x Lapis Lazuli to xReez1k_ for $3,000.00 on world
[13:35:29] [ITEM_LISTED]: Walentin1 listed 1x Lapis Lazuli for $1,000.00 on world
[13:35:34] [ITEM_SOLD]: Walentin1 sold 1x Lapis Lazuli to xReez1k_ for $1,000.00 on world
[13:35:57] [ITEM_LISTED]: Walentin1 listed 5x Lapis Lazuli for $3,000.00 on world
[13:36:13] [ITEM_SOLD]: Walentin1 sold 5x Lapis Lazuli to volshebnik2285 for $3,000.00 on world
[13:58:30] [ITEM_SOLD]: danu sold 16x Baked Potato to Arthurpts for $100.00 on world
[15:15:09] [ITEM_LISTED]: Jefy listed 1x Buried Treasure Map for $700.00 on world
[15:25:16] [ITEM_LISTED]: Jefy listed 1x Leather Chestplate [Blast Protection IV] for $500.00 on world
[15:25:19] [ITEM_LISTED]: Jefy listed 1x Leather Chestplate [Unbreaking III] for $200.00 on world
[16:16:40] [ITEM_LISTED]: Jefy listed 1x Buried Treasure Map for $700.00 on world
[16:23:55] [ITEM_LISTED]: Jefy listed 1x Enchanted Book for $36,000.00 on world
[16:23:58] [ITEM_SOLD]: Jefy sold 1x Enchanted Book to Contriver_5 for $36,000.00 on world
[16:50:06] [ITEM_SOLD]: BazukaPlay4k sold 1x Diamond Pickaxe to  [Efficiency IV, Fortune III, Unbreaking III, Curse of Vanishing]Contriver_5 for $30,000.00 on world
[17:15:14] [ITEM_SOLD]: 3_madara_3 sold 16x Ender Pearl to Unreal for $100.00 on world
[18:03:21] [ITEM_SOLD]: denis03070 sold 64x [UC] Кунай to Contriver_5 for $1,500.00 on world
[18:03:23] [ITEM_SOLD]: denis03070 sold 64x [UC] Кунай to Contriver_5 for $1,250.00 on world
[19:42:36] [ITEM_SOLD]: sarunas sold 16x Ender Pearl to 3_madara_3 for $100.00 on world
[19:55:14] [ITEM_CANCELLED]: Alkash cancelled an auction for 1x Enchanted Book for $1,500.00 on world
[19:55:14] [ITEM_RETURNED]: Returned 1x Enchanted Book to Alkash on world
[19:56:53] [ITEM_SOLD]: 3_madara_3 sold 16x Ender Pearl to Val11X2 for $100.00 on world
[23:32:23] [ITEM_LISTED]: MeY_TumanA listed 1x Diamond Shovel for $100.00 on world
[23:32:45] [ITEM_SOLD]: MeY_TumanA sold 1x Diamond Shovel to Phoenix_Sparks for $100.00 on world
[23:42:55] [ITEM_LISTED]: MeY_TumanA listed 1x Oak Boat for $100.00 on world
[23:43:13] [ITEM_SOLD]: MeY_TumanA sold 1x Oak Boat to Phoenix_Sparks for $100.00 on world
[23:46:46] [ITEM_LISTED]: volshebnik2285 listed 59x Torch for $500.00 on world
[23:46:56] [ITEM_SOLD]: volshebnik2285 sold 59x Torch to Phoenix_Sparks for $500.00 on world
