[00:00:45] [ITEM_LISTED]: cactiyo listed 64x [UC] Кунай for $900.00 on world
[00:00:58] [ITEM_LISTED]: cactiyo listed 42x [UC] Кунай for $500.00 on world
[00:01:01] [ITEM_LISTED]: cactiyo listed 64x [UC] Кунай for $900.00 on world
[00:01:04] [ITEM_LISTED]: cactiyo listed 64x [UC] Кунай for $900.00 on world
[00:01:07] [ITEM_LISTED]: cactiyo listed 64x [UC] Кунай for $900.00 on world
[10:37:51] [ITEM_SOLD]: lofly sold 2x Dirt to xxx_Itachi_xxx for $100.00 on world
[10:46:10] [ITEM_LISTED]: levm6454_85 listed 64x [UC] Кунай for $200.00 on forest
[10:46:14] [ITEM_LISTED]: levm6454_85 listed 64x [UC] Кунай for $200.00 on forest
[10:46:16] [ITEM_LISTED]: levm6454_85 listed 60x [UC] Кунай for $200.00 on forest
[11:02:01] [ITEM_LISTED]: levm6454_85 listed 39x Iron Ore for $2,000.00 on forest
[11:02:23] [ITEM_SOLD]: levm6454_85 sold 39x Iron Ore to xxx_Itachi_xxx for $2,000.00 on forest
[11:21:32] [ITEM_LISTED]: korb listed 15x Sugar Cane for $300.00 on world
[11:23:37] [ITEM_LISTED]: _MADARA_ listed 16x Ender Pearl for $100.00 on world_the_end
[11:23:40] [ITEM_LISTED]: _MADARA_ listed 16x Ender Pearl for $100.00 on world_the_end
[11:23:41] [ITEM_LISTED]: _MADARA_ listed 16x Ender Pearl for $100.00 on world_the_end
[11:23:42] [ITEM_LISTED]: _MADARA_ listed 16x Ender Pearl for $100.00 on world_the_end
[11:23:42] [ITEM_LISTED]: _MADARA_ listed 16x Ender Pearl for $100.00 on world_the_end
[11:57:58] [ITEM_SOLD]: MrEnotoPandaYTka sold 64x Lapis Lazuli to xxx_Itachi_xxx for $4,000.00 on world
[13:01:23] [ITEM_SOLD]: Tobio28 sold 1x [UC] Стартовый набор to kolina0099 for $500.00 on world
[13:01:46] [ITEM_LISTED]: kolina0099 listed 1x [UC] Стартовый набор for $500.00 on world
[13:25:05] [ITEM_LISTED]: kartowka listed 64x Oak Log for $100.00 on world
[13:25:08] [ITEM_LISTED]: kartowka listed 64x Birch Log for $100.00 on world
[13:25:12] [ITEM_LISTED]: kartowka listed 64x Oak Log for $100.00 on world
[13:25:14] [ITEM_LISTED]: kartowka listed 64x Oak Log for $100.00 on world
[13:27:35] [ITEM_LISTED]: kartowka listed 64x Oak Log for $100.00 on world
[13:29:13] [ITEM_LISTED]: AJIDARDO listed 1x Iron Pickaxe [Efficiency IV, Fortune III, Mending] for $2,000.00 on world_the_end
[14:04:35] [ITEM_CANCELLED]: kartowka cancelled an auction for 64x Birch Log for $100.00 on world
[14:04:35] [ITEM_RETURNED]: Returned 64x Birch Log to kartowka on world
[14:04:36] [ITEM_CANCELLED]: kartowka cancelled an auction for 64x Oak Log for $100.00 on world
[14:04:36] [ITEM_RETURNED]: Returned 64x Oak Log to kartowka on world
[14:15:46] [ITEM_RETURNED]: Returned 1x [UC] Стартовый набор to kolina0099 on world
[14:15:46] [ITEM_CANCELLED]: kolina0099 cancelled an auction for 1x [UC] Стартовый набор for $500.00 on world
[14:27:58] [ITEM_SOLD]: kartowka sold 64x Oak Log to xxx_Itachi_xxx for $100.00 on world
[14:45:21] [ITEM_SOLD]: levm6454_85 sold 64x [UC] Кунай to _MaksTop_300 for $200.00 on forest
[14:45:26] [ITEM_SOLD]: levm6454_85 sold 64x [UC] Кунай to _MaksTop_300 for $200.00 on forest
[14:47:59] [ITEM_SOLD]: kartowka sold 64x Oak Log to beybarus for $100.00 on world
[14:48:02] [ITEM_SOLD]: kartowka sold 64x Oak Log to beybarus for $100.00 on world
[15:09:37] [ITEM_SOLD]: korb sold 15x Sugar Cane to dima8529 for $300.00 on world
[15:12:09] [ITEM_SOLD]: AJIDARDO sold 1x Iron Pickaxe to  [Efficiency IV, Fortune III, Mending]XaTiKoXD for $2,000.00 on world_the_end
[15:42:24] [ITEM_SOLD]: _MADARA_ sold 16x Ender Pearl to pashalolkek for $100.00 on world_the_end
[15:42:26] [ITEM_SOLD]: _MADARA_ sold 16x Ender Pearl to pashalolkek for $100.00 on world_the_end
[15:45:38] [ITEM_SOLD]: MrEnotoPandaYTka sold 9x Gold Ingot to xReez1k_ for $1,500.00 on world
[15:46:22] [ITEM_SOLD]: Alkash sold 3x Bamboo to deidara2010 for $100.00 on world
[15:49:27] [ITEM_SOLD]: cactiyo sold 64x [UC] Кунай to xReez1k_ for $900.00 on world
[15:49:29] [ITEM_SOLD]: cactiyo sold 64x [UC] Кунай to xReez1k_ for $900.00 on world
[15:49:31] [ITEM_SOLD]: levm6454_85 sold 60x [UC] Кунай to xReez1k_ for $200.00 on forest
[15:50:53] [ITEM_LISTED]: Kira listed 44x Iron Ingot for $10,000.00 on world
[15:50:57] [ITEM_SOLD]: Kira sold 44x Iron Ingot to xReez1k_ for $10,000.00 on world
[15:51:01] [ITEM_LISTED]: Kira listed 36x Iron Ore for $5,000.00 on world
[15:51:05] [ITEM_SOLD]: Kira sold 36x Iron Ore to xReez1k_ for $5,000.00 on world
[16:35:57] [ITEM_LISTED]: Midoriya00 listed 1x Enchanted Book for $3,000.00 on world
[16:36:02] [ITEM_LISTED]: Midoriya00 listed 1x Enchanted Book for $1,000.00 on world
[16:41:37] [ITEM_LISTED]: pashalolkek listed 16x Ender Pearl for $100.00 on world
[16:41:39] [ITEM_LISTED]: pashalolkek listed 16x Ender Pearl for $100.00 on world
[16:41:42] [ITEM_LISTED]: pashalolkek listed 16x Ender Pearl for $100.00 on world
[16:41:43] [ITEM_LISTED]: pashalolkek listed 16x Ender Pearl for $100.00 on world
[16:41:45] [ITEM_LISTED]: pashalolkek listed 16x Ender Pearl for $100.00 on world
[16:52:15] [ITEM_CANCELLED]: pashalolkek cancelled an auction for 16x Ender Pearl for $100.00 on world
[16:52:15] [ITEM_RETURNED]: Returned 16x Ender Pearl to pashalolkek on world
[17:02:46] [ITEM_SOLD]: pashalolkek sold 16x Ender Pearl to kvinstoun_2 for $100.00 on world
[17:21:31] [ITEM_LISTED]: XaTiKoXD listed 64x Lapis Lazuli for $10,000.00 on world
[17:22:16] [ITEM_CANCELLED]: XaTiKoXD cancelled an auction for 64x Lapis Lazuli for $10,000.00 on world
[17:22:16] [ITEM_RETURNED]: Returned 64x Lapis Lazuli to XaTiKoXD on world
[17:22:22] [ITEM_LISTED]: XaTiKoXD listed 64x Lapis Lazuli for $9,000.00 on forest
[17:23:05] [ITEM_SOLD]: MrEnotoPandaYTka sold 64x Lapis Lazuli to Minato_Namikadze for $4,000.00 on world
[17:23:09] [ITEM_SOLD]: MrEnotoPandaYTka sold 50x Lapis Lazuli to Minato_Namikadze for $3,600.00 on world
[17:39:47] [ITEM_LISTED]: sarunas listed 16x Ender Pearl for $100.00 on world
[17:40:23] [ITEM_LISTED]: sarunas listed 16x Ender Pearl for $100.00 on world
[17:40:35] [ITEM_LISTED]: sarunas listed 16x Ender Pearl for $100.00 on world
[17:40:43] [ITEM_LISTED]: sarunas listed 16x Ender Pearl for $100.00 on world
[18:20:28] [ITEM_LISTED]: XaTiKoXD listed 8x Cooked Porkchop for $50,000.00 on arena
[18:38:40] [ITEM_SOLD]: denis03070 sold 64x [UC] Кунай to chikibamboni for $1,000.00 on world
[18:52:59] [ITEM_CANCELLED]: XaTiKoXD cancelled an auction for 64x Lapis Lazuli for $9,000.00 on forest
[18:52:59] [ITEM_RETURNED]: Returned 64x Lapis Lazuli to XaTiKoXD on forest
[18:53:07] [ITEM_LISTED]: XaTiKoXD listed 10x Lapis Lazuli for $1,500.00 on world
[18:53:15] [ITEM_LISTED]: XaTiKoXD listed 54x Lapis Lazuli for $7,000.00 on world
[18:53:20] [ITEM_SOLD]: XaTiKoXD sold 10x Lapis Lazuli to TheHappy for $1,500.00 on world
[18:59:03] [ITEM_RETURNED]: Returned 54x Lapis Lazuli to XaTiKoXD on world
[18:59:03] [ITEM_CANCELLED]: XaTiKoXD cancelled an auction for 54x Lapis Lazuli for $7,000.00 on world
[18:59:10] [ITEM_LISTED]: XaTiKoXD listed 10x Lapis Lazuli for $1,500.00 on world
[18:59:17] [ITEM_SOLD]: XaTiKoXD sold 10x Lapis Lazuli to TheHappy for $1,500.00 on world
[18:59:20] [ITEM_LISTED]: XaTiKoXD listed 44x Lapis Lazuli for $7,000.00 on world
[19:02:16] [ITEM_CANCELLED]: XaTiKoXD cancelled an auction for 44x Lapis Lazuli for $7,000.00 on world
[19:02:16] [ITEM_RETURNED]: Returned 44x Lapis Lazuli to XaTiKoXD on world
[19:02:25] [ITEM_LISTED]: XaTiKoXD listed 20x Lapis Lazuli for $4,000.00 on world
[19:02:32] [ITEM_LISTED]: XaTiKoXD listed 24x Lapis Lazuli for $4,000.00 on world
[19:03:46] [ITEM_CANCELLED]: XaTiKoXD cancelled an auction for 20x Lapis Lazuli for $4,000.00 on world
[19:03:46] [ITEM_RETURNED]: Returned 20x Lapis Lazuli to XaTiKoXD on world
[19:03:47] [ITEM_RETURNED]: Returned 24x Lapis Lazuli to XaTiKoXD on world
[19:03:47] [ITEM_CANCELLED]: XaTiKoXD cancelled an auction for 24x Lapis Lazuli for $4,000.00 on world
[19:04:00] [ITEM_LISTED]: XaTiKoXD listed 44x Lapis Lazuli for $6,000.00 on world
[19:04:03] [ITEM_SOLD]: XaTiKoXD sold 44x Lapis Lazuli to TheHappy for $6,000.00 on world
[19:29:59] [ITEM_RETURNED]: Returned 16x Ender Pearl to pashalolkek on world
[19:29:59] [ITEM_CANCELLED]: pashalolkek cancelled an auction for 16x Ender Pearl for $100.00 on world
[20:38:58] [ITEM_RETURNED]: Returned 16x Ender Pearl to pashalolkek on world
[20:38:58] [ITEM_CANCELLED]: pashalolkek cancelled an auction for 16x Ender Pearl for $100.00 on world
[20:49:39] [ITEM_SOLD]: _MADARA_ sold 16x Ender Pearl to 1toy for $100.00 on world_the_end
[22:09:14] [ITEM_SOLD]: _MADARA_ sold 16x Ender Pearl to BazukaPlay4k for $100.00 on world_the_end
[22:22:07] [ITEM_LISTED]: Alkash listed 8x Baked Potato for $100.00 on world
[22:26:52] [ITEM_LISTED]: BazukaPlay4k listed 1x Diamond Chestplate [Blast Protection III] for $500.00 on world_the_end
[22:26:54] [ITEM_LISTED]: BazukaPlay4k listed 1x Iron Chestplate [Curse of Binding, Unbreaking III] for $500.00 on world_the_end
[22:27:00] [ITEM_LISTED]: BazukaPlay4k listed 1x Diamond Chestplate [Unbreaking III] for $500.00 on world_the_end
[22:44:45] [ITEM_SOLD]: BazukaPlay4k sold 1x Diamond Chestplate to  [Unbreaking III]volshebnik2285 for $500.00 on world_the_end
[23:40:52] [ITEM_LISTED]: BazukaPlay4k listed 1x Iron Chestplate [Mending, Protection III, Thorns II, Unbreaking III] for $2,000.00 on world_the_end
