[21:52:04] [ITEM_PURGED]: Purged 's abandoned listing of 1x Clock for $300.00 on world
[21:52:04] [ITEM_PURGED]: Purged 's abandoned listing of 64x Redstone for $100.00 on world
[21:52:04] [ITEM_PURGED]: Purged 's abandoned listing of 1x Arrow for $1,000.00 on world
[21:52:04] [ITEM_PURGED]: Purged 's abandoned listing of 1x Oak Pressure Plate for $100.00 on world
[21:52:04] [ITEM_PURGED]: Purged 's abandoned listing of 1x Oak Trapdoor for $100.00 on world
[21:52:04] [ITEM_PURGED]: Purged 's abandoned listing of 1x Iron Trapdoor for $100.00 on world
[21:52:04] [ITEM_PURGED]: Purged 's abandoned listing of 64x Redstone for $100.00 on world
[21:52:04] [ITEM_PURGED]: Purged 's abandoned listing of 1x Diamond Horse Armor for $250.00 on world
[21:52:04] [ITEM_PURGED]: Purged 's abandoned listing of 9x Ender Pearl for $3,000.00 on world
[21:52:04] [ITEM_PURGED]: Purged 's abandoned listing of 1x Enchanted Book for $30,000.00 on world
[21:52:04] [ITEM_PURGED]: Purged 's abandoned listing of 64x [UC] Кунай for $1,500.00 on world
[21:52:04] [ITEM_PURGED]: Purged 's abandoned listing of 1x Enchanted Book for $1,500.00 on world
[21:52:04] [ITEM_PURGED]: Purged 's abandoned listing of 64x Redstone for $100.00 on world
[21:52:04] [ITEM_PURGED]: Purged 's abandoned listing of 64x Redstone Block for $3,000.00 on world
[21:52:04] [ITEM_PURGED]: Purged 's abandoned listing of 64x [UC] Кунай for $1,500.00 on world
[21:52:04] [ITEM_PURGED]: Purged 's abandoned listing of 64x [UC] Кунай for $5,000.00 on world
[21:52:04] [ITEM_PURGED]: Purged 's abandoned listing of 64x [UC] Кунай for $1,500.00 on world
[21:52:04] [ITEM_PURGED]: Purged 's abandoned listing of 15x Cooked Porkchop for $10,000.00 on forest
[21:52:04] [ITEM_PURGED]: Purged 's abandoned listing of 64x [UC] Кунай for $5,000.00 on world
[21:52:04] [ITEM_PURGED]: Purged 's abandoned listing of 1x Music Disc Cat for $1,500.00 on world
[21:52:04] [ITEM_PURGED]: Purged 's abandoned listing of 64x [UC] Кунай for $2,500.00 on world
[21:52:04] [ITEM_PURGED]: Purged 's abandoned listing of 43x [UC] Кунай for $1,560.00 on world
[21:52:04] [ITEM_PURGED]: Purged 's abandoned listing of 64x [UC] Кунай for $5,000.00 on world
[21:52:04] [ITEM_PURGED]: Purged 's abandoned listing of 64x Redstone Block for $3,000.00 on world
[21:52:04] [ITEM_PURGED]: Purged 's abandoned listing of 64x [UC] Кунай for $5,000.00 on world
[21:52:04] [ITEM_PURGED]: Purged 's abandoned listing of 16x Ender Pearl for $1,000.00 on world_the_end
[21:52:04] [ITEM_PURGED]: Purged 's abandoned listing of 64x Redstone for $1,200.00 on world
[21:52:04] [ITEM_PURGED]: Purged 's abandoned listing of 16x Ender Pearl for $100,000.00 on world
[21:52:04] [ITEM_PURGED]: Purged 's abandoned listing of 1x Enchanted Book for $1,000.00 on world
[21:52:04] [ITEM_PURGED]: Purged 's abandoned listing of 64x Redstone Block for $1,000.00 on world
[21:52:04] [ITEM_PURGED]: Purged 's abandoned listing of 1x Enchanted Book for $1,500.00 on world
[21:52:04] [ITEM_PURGED]: Purged 's abandoned listing of 25x [UC] Стартовый набор for $10,000.00 on world
[21:52:04] [ITEM_PURGED]: Purged 's abandoned listing of 1x Enchanted Book for $100.00 on world
[21:52:04] [ITEM_PURGED]: Purged 's abandoned listing of 64x Chorus Fruit for $1,000.00 on world
[21:52:04] [ITEM_PURGED]: Purged 's abandoned listing of 64x Sea Pickle for $6,000.00 on world
[21:52:04] [ITEM_PURGED]: Purged 's abandoned listing of 25x Ink Sac for $100.00 on world
[21:52:04] [ITEM_PURGED]: Purged 's abandoned listing of 1x Enchanted Book for $400.00 on world
[21:52:04] [ITEM_PURGED]: Purged 's abandoned listing of 64x Redstone for $100.00 on world
[21:52:04] [ITEM_PURGED]: Purged 's abandoned listing of 8x Emerald for $5,000.00 on world
[21:52:04] [ITEM_PURGED]: Purged 's abandoned listing of 14x Spider Eye for $1,000.00 on world
[21:52:04] [ITEM_PURGED]: Purged 's abandoned listing of 38x Gunpowder for $10,000.00 on world
[21:52:04] [ITEM_PURGED]: Purged 's abandoned listing of 64x Redstone for $500.00 on world
[21:52:04] [ITEM_PURGED]: Purged 's abandoned listing of 64x Lapis Lazuli for $8,900.00 on world
[21:52:04] [ITEM_PURGED]: Purged 's abandoned listing of 64x Cobblestone for $100.00 on world
[21:52:04] [ITEM_PURGED]: Purged 's abandoned listing of 64x Cobblestone for $100.00 on world
[21:52:04] [ITEM_PURGED]: Purged 's abandoned listing of 64x Redstone for $1,000.00 on world
[21:52:04] [ITEM_PURGED]: Purged 's abandoned listing of 64x Redstone for $100,000.00 on world
[21:52:04] [ITEM_PURGED]: Purged 's abandoned listing of 5x Skeleton Skull for $5,000.00 on world
[21:52:04] [ITEM_PURGED]: Purged 's abandoned listing of 25x Diorite for $100.00 on forest
[21:52:04] [ITEM_PURGED]: Purged 's abandoned listing of 64x Redstone for $1,000.00 on forest
[21:52:04] [ITEM_PURGED]: Purged 's abandoned listing of 3x Ink Sac for $100.00 on world
[21:52:04] [ITEM_PURGED]: Purged 's abandoned listing of 1x Enchanted Book for $3,000.00 on world
[21:52:04] [ITEM_PURGED]: Purged 's abandoned listing of 42x Coal for $100,000.00 on forest
[21:52:04] [ITEM_PURGED]: Purged 's abandoned listing of 16x Ender Pearl for $1,000.00 on world_the_end
[21:52:04] [ITEM_PURGED]: Purged 's abandoned listing of 64x [UC] Кунай for $2,000.00 on forest
[21:52:04] [ITEM_PURGED]: Purged 's abandoned listing of 16x Cooked Chicken for $2,000.00 on world
[21:52:04] [ITEM_PURGED]: Purged 's abandoned listing of 64x [UC] Кунай for $5,000.00 on world
[21:52:04] [ITEM_PURGED]: Purged 's abandoned listing of 64x [UC] Кунай for $1,750.00 on world
[21:52:04] [ITEM_PURGED]: Purged 's abandoned listing of 64x Redstone Block for $3,000.00 on world
[21:52:04] [ITEM_PURGED]: Purged 's abandoned listing of 1x Enchanted Book for $2,000.00 on world
[21:52:04] [ITEM_PURGED]: Purged 's abandoned listing of 64x [UC] Кунай for $1,200.00 on world
[21:52:04] [ITEM_PURGED]: Purged 's abandoned listing of 61x Cooked Porkchop for $50,000.00 on world
[21:52:04] [ITEM_PURGED]: Purged 's abandoned listing of 11x Cobblestone for $200.00 on world
[21:52:04] [ITEM_PURGED]: Purged 's abandoned listing of 27x Cooked Porkchop for $50,000.00 on forest
[21:52:04] [ITEM_PURGED]: Purged 's abandoned listing of 1x Golden Horse Armor for $150.00 on world
[21:52:04] [ITEM_PURGED]: Purged 's abandoned listing of 1x Enchanted Book for $1,000.00 on world
[21:52:04] [ITEM_PURGED]: Purged 's abandoned listing of 21x Andesite for $100.00 on world
[21:52:04] [ITEM_PURGED]: Purged 's abandoned listing of 5x Cooked Beef for $10,000.00 on forest
[21:52:04] [ITEM_PURGED]: Purged 's abandoned listing of 16x Ender Pearl for $1,000.00 on world_the_end
[21:52:04] [ITEM_PURGED]: Purged 's abandoned listing of 16x Ender Pearl for $100.00 on world
[21:52:04] [ITEM_PURGED]: Purged 's abandoned listing of 64x Redstone Block for $3,000.00 on world
[21:52:04] [ITEM_PURGED]: Purged 's abandoned listing of 64x Redstone Block for $3,000.00 on world
[21:52:04] [ITEM_PURGED]: Purged 's abandoned listing of 2x Emerald for $2,000.00 on world
[21:52:04] [ITEM_PURGED]: Purged 's abandoned listing of 35x Spider Eye for $3,000.00 on world
[21:52:04] [ITEM_PURGED]: Purged 's abandoned listing of 64x String for $2,000.00 on world
[21:52:04] [ITEM_PURGED]: Purged 's abandoned listing of 1x Oak Fence for $100.00 on world
[21:52:04] [ITEM_PURGED]: Purged 's abandoned listing of 8x Iron Ingot for $100,000.00 on forest
[21:52:04] [ITEM_PURGED]: Purged 's abandoned listing of 64x [UC] Кунай for $10,000.00 on forest
